<?xml version="1.0" encoding="UTF-8"?>
<TestRun id="c62a4335-4e8d-42ae-b793-8e7473664e8f" name="joy@JOY-PC 2014-04-07 20:59:33" runUser="joy-PC\joy" xmlns="http://microsoft.com/schemas/VisualStudio/TeamTest/2010">
  <TestSettings name="本地" id="c0ebd4f5-5243-4811-ae81-3cf46aee3685">
    <Description>这些设置为本地测试运行的默认测试设置。</Description>
    <Deployment userDeploymentRoot="D:\VSworkspace\visual studio 2010\C# samples\GitHub\ParallelExtensionsExtras-master\ParallelExtensionsExtras-master\src\TestResults" useDefaultDeploymentRoot="false" enabled="false" runDeploymentRoot="joy_JOY-PC 2014-04-07 20_59_33">
      <DeploymentItem filename="D:\VSworkspace\visual studio 2010\C# samples\GitHub\ParallelExtensionsExtras-master\ParallelExtensionsExtras-master\src\bin\Debug\ParallelExtensionsExtras.dll" />
    </Deployment>
    <Execution>
      <TestTypeSpecific />
      <AgentRule name="Execution Agents">
      </AgentRule>
    </Execution>
  </TestSettings>
  <Times creation="2014-04-07T20:59:33.1863997+08:00" queuing="2014-04-07T20:59:41.1178304+08:00" start="2014-04-07T20:59:41.3318420+08:00" finish="2014-04-07T21:02:29.6179795+08:00" />
  <ResultSummary outcome="Completed">
    <Counters total="1" executed="1" passed="1" error="0" failed="0" timeout="0" aborted="0" inconclusive="0" passedButRunAborted="0" notRunnable="0" notExecuted="0" disconnected="0" warning="0" completed="0" inProgress="0" pending="0" />
  </ResultSummary>
  <TestDefinitions>
    <UnitTest name="EnqueueTest" storage="d:\vsworkspace\visual studio 2010\c# samples\github\parallelextensionsextras-master\parallelextensionsextras-master\src\parallelextensionsunittest\bin\debug\parallelextensionsunittest.dll" id="a221281b-d6f4-4d91-e44e-41b8f1860310">
      <Execution id="7e93a7a3-d25a-46d6-896f-efb51d69749f" />
      <TestMethod codeBase="D:/VSworkspace/visual studio 2010/C# samples/GitHub/ParallelExtensionsExtras-master/ParallelExtensionsExtras-master/src/ParallelExtensionsUnitTest/bin/Debug/ParallelExtensionsUnitTest.DLL" adapterTypeName="Microsoft.VisualStudio.TestTools.TestTypes.Unit.UnitTestAdapter, Microsoft.VisualStudio.QualityTools.Tips.UnitTest.Adapter, Version=10.0.0.0, Culture=neutral, PublicKeyToken=b03f5f7f11d50a3a" className="ParallelExtensionsUnitTest.SerialTaskQueueTest, ParallelExtensionsUnitTest, Version=1.0.0.0, Culture=neutral, PublicKeyToken=null" name="EnqueueTest" />
    </UnitTest>
  </TestDefinitions>
  <TestLists>
    <TestList name="列表中未列出的结果" id="8c84fa94-04c1-424b-9868-57a2d4851a1d" />
    <TestList name="所有已加载的结果" id="19431567-8539-422a-85d7-44ee4e166bda" />
  </TestLists>
  <TestEntries>
    <TestEntry testId="a221281b-d6f4-4d91-e44e-41b8f1860310" executionId="7e93a7a3-d25a-46d6-896f-efb51d69749f" testListId="8c84fa94-04c1-424b-9868-57a2d4851a1d" />
  </TestEntries>
  <Results>
    <UnitTestResult executionId="7e93a7a3-d25a-46d6-896f-efb51d69749f" testId="a221281b-d6f4-4d91-e44e-41b8f1860310" testName="EnqueueTest" computerName="JOY-PC" duration="00:02:45.9898983" startTime="2014-04-07T20:59:41.5538541+08:00" endTime="2014-04-07T21:02:29.3159631+08:00" testType="13cdc9d9-ddb5-4fa4-a97d-d965ccfc6d4b" outcome="Passed" testListId="8c84fa94-04c1-424b-9868-57a2d4851a1d" relativeResultsDirectory="7e93a7a3-d25a-46d6-896f-efb51d69749f">
      <Output>
        <DebugTrace>0 in task t-0 on thread 15 
1 in task t-0 on thread 15 
2 in task t-0 on thread 15 
3 in task t-0 on thread 15 
4 in task t-0 on thread 15 
5 in task t-0 on thread 15 
6 in task t-0 on thread 15 
7 in task t-0 on thread 15 
8 in task t-0 on thread 15 
9 in task t-0 on thread 15 
10 in task t-0 on thread 15 
0 in task t-1 on thread 18 
11 in task t-0 on thread 15 
1 in task t-1 on thread 18 
12 in task t-0 on thread 15 
2 in task t-1 on thread 18 
13 in task t-0 on thread 15 
14 in task t-0 on thread 15 
3 in task t-1 on thread 18 
15 in task t-0 on thread 15 
4 in task t-1 on thread 18 
16 in task t-0 on thread 15 
5 in task t-1 on thread 18 
17 in task t-0 on thread 15 
6 in task t-1 on thread 18 
7 in task t-1 on thread 18 
8 in task t-1 on thread 18 
9 in task t-1 on thread 18 
18 in task t-0 on thread 15 
19 in task t-0 on thread 15 
10 in task t-1 on thread 18 
20 in task t-0 on thread 15 
21 in task t-0 on thread 15 
11 in task t-1 on thread 18 
12 in task t-1 on thread 18 
22 in task t-0 on thread 15 
13 in task t-1 on thread 18 
23 in task t-0 on thread 15 
24 in task t-0 on thread 15 
14 in task t-1 on thread 18 
25 in task t-0 on thread 15 
15 in task t-1 on thread 18 
26 in task t-0 on thread 15 
16 in task t-1 on thread 18 
27 in task t-0 on thread 15 
17 in task t-1 on thread 18 
28 in task t-0 on thread 15 
18 in task t-1 on thread 18 
29 in task t-0 on thread 15 
19 in task t-1 on thread 18 
30 in task t-0 on thread 15 
20 in task t-1 on thread 18 
21 in task t-1 on thread 18 
22 in task t-1 on thread 18 
31 in task t-0 on thread 15 
32 in task t-0 on thread 15 
23 in task t-1 on thread 18 
24 in task t-1 on thread 18 
25 in task t-1 on thread 18 
33 in task t-0 on thread 15 
34 in task t-0 on thread 15 
26 in task t-1 on thread 18 
35 in task t-0 on thread 15 
36 in task t-0 on thread 15 
27 in task t-1 on thread 18 
37 in task t-0 on thread 15 
28 in task t-1 on thread 18 
38 in task t-0 on thread 15 
39 in task t-0 on thread 15 
29 in task t-1 on thread 18 
40 in task t-0 on thread 15 
41 in task t-0 on thread 15 
30 in task t-1 on thread 18 
31 in task t-1 on thread 18 
42 in task t-0 on thread 15 
32 in task t-1 on thread 18 
43 in task t-0 on thread 15 
44 in task t-0 on thread 15 
33 in task t-1 on thread 18 
45 in task t-0 on thread 15 
34 in task t-1 on thread 18 
46 in task t-0 on thread 15 
35 in task t-1 on thread 18 
47 in task t-0 on thread 15 
48 in task t-0 on thread 15 
36 in task t-1 on thread 18 
37 in task t-1 on thread 18 
49 in task t-0 on thread 15 
50 in task t-0 on thread 15 
51 in task t-0 on thread 15 
52 in task t-0 on thread 15 
38 in task t-1 on thread 18 
53 in task t-0 on thread 15 
54 in task t-0 on thread 15 
39 in task t-1 on thread 18 
40 in task t-1 on thread 18 
55 in task t-0 on thread 15 
56 in task t-0 on thread 15 
57 in task t-0 on thread 15 
41 in task t-1 on thread 18 
58 in task t-0 on thread 15 
59 in task t-0 on thread 15 
60 in task t-0 on thread 15 
42 in task t-1 on thread 18 
61 in task t-0 on thread 15 
62 in task t-0 on thread 15 
43 in task t-1 on thread 18 
63 in task t-0 on thread 15 
64 in task t-0 on thread 15 
65 in task t-0 on thread 15 
66 in task t-0 on thread 15 
44 in task t-1 on thread 18 
45 in task t-1 on thread 18 
67 in task t-0 on thread 15 
68 in task t-0 on thread 15 
69 in task t-0 on thread 15 
46 in task t-1 on thread 18 
70 in task t-0 on thread 15 
71 in task t-0 on thread 15 
72 in task t-0 on thread 15 
47 in task t-1 on thread 18 
73 in task t-0 on thread 15 
74 in task t-0 on thread 15 
48 in task t-1 on thread 18 
49 in task t-1 on thread 18 
50 in task t-1 on thread 18 
51 in task t-1 on thread 18 
52 in task t-1 on thread 18 
53 in task t-1 on thread 18 
75 in task t-0 on thread 15 
76 in task t-0 on thread 15 
77 in task t-0 on thread 15 
54 in task t-1 on thread 18 
55 in task t-1 on thread 18 
78 in task t-0 on thread 15 
79 in task t-0 on thread 15 
56 in task t-1 on thread 18 
57 in task t-1 on thread 18 
80 in task t-0 on thread 15 
81 in task t-0 on thread 15 
82 in task t-0 on thread 15 
58 in task t-1 on thread 18 
83 in task t-0 on thread 15 
84 in task t-0 on thread 15 
85 in task t-0 on thread 15 
86 in task t-0 on thread 15 
59 in task t-1 on thread 18 
60 in task t-1 on thread 18 
87 in task t-0 on thread 15 
88 in task t-0 on thread 15 
89 in task t-0 on thread 15 
61 in task t-1 on thread 18 
62 in task t-1 on thread 18 
90 in task t-0 on thread 15 
91 in task t-0 on thread 15 
92 in task t-0 on thread 15 
63 in task t-1 on thread 18 
93 in task t-0 on thread 15 
94 in task t-0 on thread 15 
64 in task t-1 on thread 18 
65 in task t-1 on thread 18 
95 in task t-0 on thread 15 
96 in task t-0 on thread 15 
97 in task t-0 on thread 15 
66 in task t-1 on thread 18 
67 in task t-1 on thread 18 
98 in task t-0 on thread 15 
99 in task t-0 on thread 15 
100 in task t-0 on thread 15 
68 in task t-1 on thread 18 
69 in task t-1 on thread 18 
101 in task t-0 on thread 15 
70 in task t-1 on thread 18 
71 in task t-1 on thread 18 
72 in task t-1 on thread 18 
102 in task t-0 on thread 15 
103 in task t-0 on thread 15 
104 in task t-0 on thread 15 
73 in task t-1 on thread 18 
105 in task t-0 on thread 15 
106 in task t-0 on thread 15 
74 in task t-1 on thread 18 
107 in task t-0 on thread 15 
108 in task t-0 on thread 15 
109 in task t-0 on thread 15 
110 in task t-0 on thread 15 
75 in task t-1 on thread 18 
111 in task t-0 on thread 15 
112 in task t-0 on thread 15 
76 in task t-1 on thread 18 
113 in task t-0 on thread 15 
77 in task t-1 on thread 18 
78 in task t-1 on thread 18 
114 in task t-0 on thread 15 
115 in task t-0 on thread 15 
116 in task t-0 on thread 15 
79 in task t-1 on thread 18 
117 in task t-0 on thread 15 
118 in task t-0 on thread 15 
119 in task t-0 on thread 15 
80 in task t-1 on thread 18 
120 in task t-0 on thread 15 
121 in task t-0 on thread 15 
122 in task t-0 on thread 15 
123 in task t-0 on thread 15 
124 in task t-0 on thread 15 
81 in task t-1 on thread 18 
82 in task t-1 on thread 18 
125 in task t-0 on thread 15 
126 in task t-0 on thread 15 
127 in task t-0 on thread 15 
83 in task t-1 on thread 18 
128 in task t-0 on thread 15 
129 in task t-0 on thread 15 
130 in task t-0 on thread 15 
84 in task t-1 on thread 18 
131 in task t-0 on thread 15 
132 in task t-0 on thread 15 
133 in task t-0 on thread 15 
134 in task t-0 on thread 15 
135 in task t-0 on thread 15 
85 in task t-1 on thread 18 
136 in task t-0 on thread 15 
137 in task t-0 on thread 15 
138 in task t-0 on thread 15 
86 in task t-1 on thread 18 
87 in task t-1 on thread 18 
139 in task t-0 on thread 15 
140 in task t-0 on thread 15 
141 in task t-0 on thread 15 
88 in task t-1 on thread 18 
142 in task t-0 on thread 15 
143 in task t-0 on thread 15 
144 in task t-0 on thread 15 
89 in task t-1 on thread 18 
145 in task t-0 on thread 15 
146 in task t-0 on thread 15 
147 in task t-0 on thread 15 
90 in task t-1 on thread 18 
148 in task t-0 on thread 15 
149 in task t-0 on thread 15 
150 in task t-0 on thread 15 
91 in task t-1 on thread 18 
151 in task t-0 on thread 15 
152 in task t-0 on thread 15 
153 in task t-0 on thread 15 
92 in task t-1 on thread 18 
154 in task t-0 on thread 15 
155 in task t-0 on thread 15 
156 in task t-0 on thread 15 
157 in task t-0 on thread 15 
93 in task t-1 on thread 18 
158 in task t-0 on thread 15 
159 in task t-0 on thread 15 
160 in task t-0 on thread 15 
94 in task t-1 on thread 18 
161 in task t-0 on thread 15 
162 in task t-0 on thread 15 
163 in task t-0 on thread 15 
95 in task t-1 on thread 18 
96 in task t-1 on thread 18 
164 in task t-0 on thread 15 
165 in task t-0 on thread 15 
166 in task t-0 on thread 15 
97 in task t-1 on thread 18 
98 in task t-1 on thread 18 
167 in task t-0 on thread 15 
168 in task t-0 on thread 15 
169 in task t-0 on thread 15 
170 in task t-0 on thread 15 
99 in task t-1 on thread 18 
171 in task t-0 on thread 15 
172 in task t-0 on thread 15 
173 in task t-0 on thread 15 
100 in task t-1 on thread 18 
101 in task t-1 on thread 18 
174 in task t-0 on thread 15 
175 in task t-0 on thread 15 
102 in task t-1 on thread 18 
176 in task t-0 on thread 15 
177 in task t-0 on thread 15 
178 in task t-0 on thread 15 
103 in task t-1 on thread 18 
179 in task t-0 on thread 15 
180 in task t-0 on thread 15 
181 in task t-0 on thread 15 
104 in task t-1 on thread 18 
182 in task t-0 on thread 15 
183 in task t-0 on thread 15 
184 in task t-0 on thread 15 
105 in task t-1 on thread 18 
106 in task t-1 on thread 18 
185 in task t-0 on thread 15 
186 in task t-0 on thread 15 
187 in task t-0 on thread 15 
107 in task t-1 on thread 18 
188 in task t-0 on thread 15 
189 in task t-0 on thread 15 
190 in task t-0 on thread 15 
191 in task t-0 on thread 15 
108 in task t-1 on thread 18 
192 in task t-0 on thread 15 
193 in task t-0 on thread 15 
194 in task t-0 on thread 15 
195 in task t-0 on thread 15 
109 in task t-1 on thread 18 
110 in task t-1 on thread 18 
111 in task t-1 on thread 18 
196 in task t-0 on thread 15 
112 in task t-1 on thread 18 
113 in task t-1 on thread 18 
197 in task t-0 on thread 15 
198 in task t-0 on thread 15 
199 in task t-0 on thread 15 
200 in task t-0 on thread 15 
114 in task t-1 on thread 18 
115 in task t-1 on thread 18 
201 in task t-0 on thread 15 
202 in task t-0 on thread 15 
116 in task t-1 on thread 18 
117 in task t-1 on thread 18 
203 in task t-0 on thread 15 
204 in task t-0 on thread 15 
118 in task t-1 on thread 18 
119 in task t-1 on thread 18 
205 in task t-0 on thread 15 
206 in task t-0 on thread 15 
207 in task t-0 on thread 15 
120 in task t-1 on thread 18 
208 in task t-0 on thread 15 
209 in task t-0 on thread 15 
210 in task t-0 on thread 15 
211 in task t-0 on thread 15 
121 in task t-1 on thread 18 
122 in task t-1 on thread 18 
212 in task t-0 on thread 15 
213 in task t-0 on thread 15 
214 in task t-0 on thread 15 
123 in task t-1 on thread 18 
215 in task t-0 on thread 15 
216 in task t-0 on thread 15 
217 in task t-0 on thread 15 
218 in task t-0 on thread 15 
219 in task t-0 on thread 15 
220 in task t-0 on thread 15 
124 in task t-1 on thread 18 
125 in task t-1 on thread 18 
221 in task t-0 on thread 15 
222 in task t-0 on thread 15 
223 in task t-0 on thread 15 
126 in task t-1 on thread 18 
224 in task t-0 on thread 15 
225 in task t-0 on thread 15 
226 in task t-0 on thread 15 
227 in task t-0 on thread 15 
228 in task t-0 on thread 15 
127 in task t-1 on thread 18 
229 in task t-0 on thread 15 
230 in task t-0 on thread 15 
128 in task t-1 on thread 18 
231 in task t-0 on thread 15 
232 in task t-0 on thread 15 
233 in task t-0 on thread 15 
129 in task t-1 on thread 18 
130 in task t-1 on thread 18 
234 in task t-0 on thread 15 
235 in task t-0 on thread 15 
236 in task t-0 on thread 15 
131 in task t-1 on thread 18 
237 in task t-0 on thread 15 
238 in task t-0 on thread 15 
239 in task t-0 on thread 15 
240 in task t-0 on thread 15 
132 in task t-1 on thread 18 
241 in task t-0 on thread 15 
133 in task t-1 on thread 18 
242 in task t-0 on thread 15 
243 in task t-0 on thread 15 
244 in task t-0 on thread 15 
245 in task t-0 on thread 15 
134 in task t-1 on thread 18 
246 in task t-0 on thread 15 
247 in task t-0 on thread 15 
248 in task t-0 on thread 15 
249 in task t-0 on thread 15 
135 in task t-1 on thread 18 
136 in task t-1 on thread 18 
250 in task t-0 on thread 15 
251 in task t-0 on thread 15 
252 in task t-0 on thread 15 
253 in task t-0 on thread 15 
137 in task t-1 on thread 18 
138 in task t-1 on thread 18 
254 in task t-0 on thread 15 
255 in task t-0 on thread 15 
256 in task t-0 on thread 15 
139 in task t-1 on thread 18 
257 in task t-0 on thread 15 
258 in task t-0 on thread 15 
259 in task t-0 on thread 15 
140 in task t-1 on thread 18 
141 in task t-1 on thread 18 
260 in task t-0 on thread 15 
261 in task t-0 on thread 15 
262 in task t-0 on thread 15 
142 in task t-1 on thread 18 
263 in task t-0 on thread 15 
264 in task t-0 on thread 15 
265 in task t-0 on thread 15 
143 in task t-1 on thread 18 
266 in task t-0 on thread 15 
267 in task t-0 on thread 15 
268 in task t-0 on thread 15 
144 in task t-1 on thread 18 
269 in task t-0 on thread 15 
270 in task t-0 on thread 15 
271 in task t-0 on thread 15 
272 in task t-0 on thread 15 
145 in task t-1 on thread 18 
273 in task t-0 on thread 15 
274 in task t-0 on thread 15 
275 in task t-0 on thread 15 
276 in task t-0 on thread 15 
146 in task t-1 on thread 18 
277 in task t-0 on thread 15 
278 in task t-0 on thread 15 
279 in task t-0 on thread 15 
147 in task t-1 on thread 18 
280 in task t-0 on thread 15 
281 in task t-0 on thread 15 
148 in task t-1 on thread 18 
282 in task t-0 on thread 15 
283 in task t-0 on thread 15 
284 in task t-0 on thread 15 
285 in task t-0 on thread 15 
286 in task t-0 on thread 15 
149 in task t-1 on thread 18 
150 in task t-1 on thread 18 
287 in task t-0 on thread 15 
288 in task t-0 on thread 15 
289 in task t-0 on thread 15 
151 in task t-1 on thread 18 
290 in task t-0 on thread 15 
291 in task t-0 on thread 15 
292 in task t-0 on thread 15 
293 in task t-0 on thread 15 
152 in task t-1 on thread 18 
294 in task t-0 on thread 15 
295 in task t-0 on thread 15 
296 in task t-0 on thread 15 
153 in task t-1 on thread 18 
297 in task t-0 on thread 15 
298 in task t-0 on thread 15 
299 in task t-0 on thread 15 
154 in task t-1 on thread 18 
300 in task t-0 on thread 15 
301 in task t-0 on thread 15 
302 in task t-0 on thread 15 
155 in task t-1 on thread 18 
156 in task t-1 on thread 18 
157 in task t-1 on thread 18 
303 in task t-0 on thread 15 
304 in task t-0 on thread 15 
158 in task t-1 on thread 18 
159 in task t-1 on thread 18 
305 in task t-0 on thread 15 
306 in task t-0 on thread 15 
307 in task t-0 on thread 15 
160 in task t-1 on thread 18 
161 in task t-1 on thread 18 
162 in task t-1 on thread 18 
163 in task t-1 on thread 18 
164 in task t-1 on thread 18 
165 in task t-1 on thread 18 
166 in task t-1 on thread 18 
167 in task t-1 on thread 18 
168 in task t-1 on thread 18 
169 in task t-1 on thread 18 
170 in task t-1 on thread 18 
171 in task t-1 on thread 18 
308 in task t-0 on thread 15 
309 in task t-0 on thread 15 
310 in task t-0 on thread 15 
172 in task t-1 on thread 18 
311 in task t-0 on thread 15 
312 in task t-0 on thread 15 
313 in task t-0 on thread 15 
173 in task t-1 on thread 18 
314 in task t-0 on thread 15 
315 in task t-0 on thread 15 
316 in task t-0 on thread 15 
317 in task t-0 on thread 15 
174 in task t-1 on thread 18 
175 in task t-1 on thread 18 
176 in task t-1 on thread 18 
177 in task t-1 on thread 18 
318 in task t-0 on thread 15 
319 in task t-0 on thread 15 
320 in task t-0 on thread 15 
321 in task t-0 on thread 15 
178 in task t-1 on thread 18 
322 in task t-0 on thread 15 
323 in task t-0 on thread 15 
324 in task t-0 on thread 15 
179 in task t-1 on thread 18 
325 in task t-0 on thread 15 
180 in task t-1 on thread 18 
326 in task t-0 on thread 15 
327 in task t-0 on thread 15 
328 in task t-0 on thread 15 
181 in task t-1 on thread 18 
182 in task t-1 on thread 18 
183 in task t-1 on thread 18 
184 in task t-1 on thread 18 
185 in task t-1 on thread 18 
329 in task t-0 on thread 15 
186 in task t-1 on thread 18 
330 in task t-0 on thread 15 
331 in task t-0 on thread 15 
332 in task t-0 on thread 15 
187 in task t-1 on thread 18 
188 in task t-1 on thread 18 
333 in task t-0 on thread 15 
334 in task t-0 on thread 15 
335 in task t-0 on thread 15 
189 in task t-1 on thread 18 
190 in task t-1 on thread 18 
336 in task t-0 on thread 15 
337 in task t-0 on thread 15 
338 in task t-0 on thread 15 
191 in task t-1 on thread 18 
339 in task t-0 on thread 15 
340 in task t-0 on thread 15 
341 in task t-0 on thread 15 
342 in task t-0 on thread 15 
192 in task t-1 on thread 18 
343 in task t-0 on thread 15 
193 in task t-1 on thread 18 
194 in task t-1 on thread 18 
344 in task t-0 on thread 15 
345 in task t-0 on thread 15 
346 in task t-0 on thread 15 
347 in task t-0 on thread 15 
195 in task t-1 on thread 18 
196 in task t-1 on thread 18 
348 in task t-0 on thread 15 
349 in task t-0 on thread 15 
350 in task t-0 on thread 15 
197 in task t-1 on thread 18 
351 in task t-0 on thread 15 
352 in task t-0 on thread 15 
353 in task t-0 on thread 15 
354 in task t-0 on thread 15 
355 in task t-0 on thread 15 
198 in task t-1 on thread 18 
199 in task t-1 on thread 18 
356 in task t-0 on thread 15 
357 in task t-0 on thread 15 
358 in task t-0 on thread 15 
200 in task t-1 on thread 18 
359 in task t-0 on thread 15 
360 in task t-0 on thread 15 
361 in task t-0 on thread 15 
201 in task t-1 on thread 18 
362 in task t-0 on thread 15 
363 in task t-0 on thread 15 
364 in task t-0 on thread 15 
202 in task t-1 on thread 18 
365 in task t-0 on thread 15 
366 in task t-0 on thread 15 
203 in task t-1 on thread 18 
204 in task t-1 on thread 18 
367 in task t-0 on thread 15 
368 in task t-0 on thread 15 
369 in task t-0 on thread 15 
370 in task t-0 on thread 15 
205 in task t-1 on thread 18 
206 in task t-1 on thread 18 
371 in task t-0 on thread 15 
207 in task t-1 on thread 18 
208 in task t-1 on thread 18 
209 in task t-1 on thread 18 
372 in task t-0 on thread 15 
373 in task t-0 on thread 15 
210 in task t-1 on thread 18 
374 in task t-0 on thread 15 
211 in task t-1 on thread 18 
212 in task t-1 on thread 18 
375 in task t-0 on thread 15 
213 in task t-1 on thread 18 
376 in task t-0 on thread 15 
377 in task t-0 on thread 15 
378 in task t-0 on thread 15 
379 in task t-0 on thread 15 
214 in task t-1 on thread 18 
215 in task t-1 on thread 18 
380 in task t-0 on thread 15 
381 in task t-0 on thread 15 
216 in task t-1 on thread 18 
382 in task t-0 on thread 15 
383 in task t-0 on thread 15 
217 in task t-1 on thread 18 
384 in task t-0 on thread 15 
218 in task t-1 on thread 18 
219 in task t-1 on thread 18 
385 in task t-0 on thread 15 
386 in task t-0 on thread 15 
220 in task t-1 on thread 18 
221 in task t-1 on thread 18 
387 in task t-0 on thread 15 
222 in task t-1 on thread 18 
223 in task t-1 on thread 18 
224 in task t-1 on thread 18 
225 in task t-1 on thread 18 
226 in task t-1 on thread 18 
388 in task t-0 on thread 15 
389 in task t-0 on thread 15 
390 in task t-0 on thread 15 
227 in task t-1 on thread 18 
228 in task t-1 on thread 18 
229 in task t-1 on thread 18 
391 in task t-0 on thread 15 
392 in task t-0 on thread 15 
230 in task t-1 on thread 18 
231 in task t-1 on thread 18 
232 in task t-1 on thread 18 
233 in task t-1 on thread 18 
393 in task t-0 on thread 15 
234 in task t-1 on thread 18 
394 in task t-0 on thread 15 
235 in task t-1 on thread 18 
236 in task t-1 on thread 18 
395 in task t-0 on thread 15 
237 in task t-1 on thread 18 
238 in task t-1 on thread 18 
239 in task t-1 on thread 18 
240 in task t-1 on thread 18 
396 in task t-0 on thread 15 
397 in task t-0 on thread 15 
241 in task t-1 on thread 18 
398 in task t-0 on thread 15 
242 in task t-1 on thread 18 
243 in task t-1 on thread 18 
399 in task t-0 on thread 15 
400 in task t-0 on thread 15 
401 in task t-0 on thread 15 
402 in task t-0 on thread 15 
244 in task t-1 on thread 18 
403 in task t-0 on thread 15 
404 in task t-0 on thread 15 
405 in task t-0 on thread 15 
406 in task t-0 on thread 15 
245 in task t-1 on thread 18 
246 in task t-1 on thread 18 
247 in task t-1 on thread 18 
407 in task t-0 on thread 15 
408 in task t-0 on thread 15 
409 in task t-0 on thread 15 
410 in task t-0 on thread 15 
248 in task t-1 on thread 18 
411 in task t-0 on thread 15 
412 in task t-0 on thread 15 
413 in task t-0 on thread 15 
249 in task t-1 on thread 18 
414 in task t-0 on thread 15 
415 in task t-0 on thread 15 
416 in task t-0 on thread 15 
417 in task t-0 on thread 15 
250 in task t-1 on thread 18 
418 in task t-0 on thread 15 
419 in task t-0 on thread 15 
420 in task t-0 on thread 15 
421 in task t-0 on thread 15 
251 in task t-1 on thread 18 
422 in task t-0 on thread 15 
423 in task t-0 on thread 15 
424 in task t-0 on thread 15 
252 in task t-1 on thread 18 
253 in task t-1 on thread 18 
425 in task t-0 on thread 15 
426 in task t-0 on thread 15 
427 in task t-0 on thread 15 
428 in task t-0 on thread 15 
254 in task t-1 on thread 18 
255 in task t-1 on thread 18 
429 in task t-0 on thread 15 
256 in task t-1 on thread 18 
257 in task t-1 on thread 18 
430 in task t-0 on thread 15 
431 in task t-0 on thread 15 
258 in task t-1 on thread 18 
259 in task t-1 on thread 18 
260 in task t-1 on thread 18 
261 in task t-1 on thread 18 
432 in task t-0 on thread 15 
433 in task t-0 on thread 15 
434 in task t-0 on thread 15 
262 in task t-1 on thread 18 
263 in task t-1 on thread 18 
435 in task t-0 on thread 15 
436 in task t-0 on thread 15 
437 in task t-0 on thread 15 
264 in task t-1 on thread 18 
438 in task t-0 on thread 15 
439 in task t-0 on thread 15 
440 in task t-0 on thread 15 
441 in task t-0 on thread 15 
265 in task t-1 on thread 18 
266 in task t-1 on thread 18 
442 in task t-0 on thread 15 
443 in task t-0 on thread 15 
444 in task t-0 on thread 15 
267 in task t-1 on thread 18 
445 in task t-0 on thread 15 
446 in task t-0 on thread 15 
447 in task t-0 on thread 15 
268 in task t-1 on thread 18 
448 in task t-0 on thread 15 
449 in task t-0 on thread 15 
450 in task t-0 on thread 15 
269 in task t-1 on thread 18 
451 in task t-0 on thread 15 
452 in task t-0 on thread 15 
453 in task t-0 on thread 15 
454 in task t-0 on thread 15 
270 in task t-1 on thread 18 
455 in task t-0 on thread 15 
456 in task t-0 on thread 15 
457 in task t-0 on thread 15 
458 in task t-0 on thread 15 
271 in task t-1 on thread 18 
459 in task t-0 on thread 15 
272 in task t-1 on thread 18 
273 in task t-1 on thread 18 
460 in task t-0 on thread 15 
461 in task t-0 on thread 15 
462 in task t-0 on thread 15 
274 in task t-1 on thread 18 
275 in task t-1 on thread 18 
463 in task t-0 on thread 15 
464 in task t-0 on thread 15 
276 in task t-1 on thread 18 
465 in task t-0 on thread 15 
466 in task t-0 on thread 15 
467 in task t-0 on thread 15 
277 in task t-1 on thread 18 
278 in task t-1 on thread 18 
279 in task t-1 on thread 18 
280 in task t-1 on thread 18 
281 in task t-1 on thread 18 
468 in task t-0 on thread 15 
469 in task t-0 on thread 15 
470 in task t-0 on thread 15 
282 in task t-1 on thread 18 
471 in task t-0 on thread 15 
472 in task t-0 on thread 15 
473 in task t-0 on thread 15 
283 in task t-1 on thread 18 
474 in task t-0 on thread 15 
475 in task t-0 on thread 15 
476 in task t-0 on thread 15 
477 in task t-0 on thread 15 
284 in task t-1 on thread 18 
478 in task t-0 on thread 15 
479 in task t-0 on thread 15 
480 in task t-0 on thread 15 
285 in task t-1 on thread 18 
481 in task t-0 on thread 15 
482 in task t-0 on thread 15 
483 in task t-0 on thread 15 
286 in task t-1 on thread 18 
484 in task t-0 on thread 15 
485 in task t-0 on thread 15 
486 in task t-0 on thread 15 
287 in task t-1 on thread 18 
487 in task t-0 on thread 15 
288 in task t-1 on thread 18 
488 in task t-0 on thread 15 
489 in task t-0 on thread 15 
490 in task t-0 on thread 15 
289 in task t-1 on thread 18 
491 in task t-0 on thread 15 
492 in task t-0 on thread 15 
493 in task t-0 on thread 15 
494 in task t-0 on thread 15 
290 in task t-1 on thread 18 
495 in task t-0 on thread 15 
496 in task t-0 on thread 15 
497 in task t-0 on thread 15 
498 in task t-0 on thread 15 
291 in task t-1 on thread 18 
499 in task t-0 on thread 15 
500 in task t-0 on thread 15 
501 in task t-0 on thread 15 
292 in task t-1 on thread 18 
502 in task t-0 on thread 15 
503 in task t-0 on thread 15 
504 in task t-0 on thread 15 
293 in task t-1 on thread 18 
505 in task t-0 on thread 15 
506 in task t-0 on thread 15 
507 in task t-0 on thread 15 
508 in task t-0 on thread 15 
294 in task t-1 on thread 18 
509 in task t-0 on thread 15 
510 in task t-0 on thread 15 
511 in task t-0 on thread 15 
295 in task t-1 on thread 18 
512 in task t-0 on thread 15 
513 in task t-0 on thread 15 
514 in task t-0 on thread 15 
296 in task t-1 on thread 18 
515 in task t-0 on thread 15 
297 in task t-1 on thread 18 
298 in task t-1 on thread 18 
516 in task t-0 on thread 15 
517 in task t-0 on thread 15 
518 in task t-0 on thread 15 
299 in task t-1 on thread 18 
300 in task t-1 on thread 18 
519 in task t-0 on thread 15 
520 in task t-0 on thread 15 
521 in task t-0 on thread 15 
301 in task t-1 on thread 18 
522 in task t-0 on thread 15 
523 in task t-0 on thread 15 
524 in task t-0 on thread 15 
302 in task t-1 on thread 18 
525 in task t-0 on thread 15 
526 in task t-0 on thread 15 
303 in task t-1 on thread 18 
527 in task t-0 on thread 15 
528 in task t-0 on thread 15 
529 in task t-0 on thread 15 
304 in task t-1 on thread 18 
305 in task t-1 on thread 18 
530 in task t-0 on thread 15 
531 in task t-0 on thread 15 
532 in task t-0 on thread 15 
306 in task t-1 on thread 18 
533 in task t-0 on thread 15 
534 in task t-0 on thread 15 
535 in task t-0 on thread 15 
307 in task t-1 on thread 18 
536 in task t-0 on thread 15 
537 in task t-0 on thread 15 
538 in task t-0 on thread 15 
539 in task t-0 on thread 15 
308 in task t-1 on thread 18 
309 in task t-1 on thread 18 
540 in task t-0 on thread 15 
310 in task t-1 on thread 18 
541 in task t-0 on thread 15 
311 in task t-1 on thread 18 
312 in task t-1 on thread 18 
542 in task t-0 on thread 15 
543 in task t-0 on thread 15 
313 in task t-1 on thread 18 
544 in task t-0 on thread 15 
314 in task t-1 on thread 18 
315 in task t-1 on thread 18 
545 in task t-0 on thread 15 
546 in task t-0 on thread 15 
316 in task t-1 on thread 18 
547 in task t-0 on thread 15 
548 in task t-0 on thread 15 
317 in task t-1 on thread 18 
549 in task t-0 on thread 15 
550 in task t-0 on thread 15 
551 in task t-0 on thread 15 
318 in task t-1 on thread 18 
552 in task t-0 on thread 15 
553 in task t-0 on thread 15 
554 in task t-0 on thread 15 
555 in task t-0 on thread 15 
319 in task t-1 on thread 18 
556 in task t-0 on thread 15 
557 in task t-0 on thread 15 
558 in task t-0 on thread 15 
320 in task t-1 on thread 18 
559 in task t-0 on thread 15 
560 in task t-0 on thread 15 
561 in task t-0 on thread 15 
562 in task t-0 on thread 15 
321 in task t-1 on thread 18 
563 in task t-0 on thread 15 
564 in task t-0 on thread 15 
565 in task t-0 on thread 15 
322 in task t-1 on thread 18 
566 in task t-0 on thread 15 
567 in task t-0 on thread 15 
568 in task t-0 on thread 15 
569 in task t-0 on thread 15 
570 in task t-0 on thread 15 
323 in task t-1 on thread 18 
571 in task t-0 on thread 15 
572 in task t-0 on thread 15 
573 in task t-0 on thread 15 
324 in task t-1 on thread 18 
574 in task t-0 on thread 15 
575 in task t-0 on thread 15 
576 in task t-0 on thread 15 
325 in task t-1 on thread 18 
577 in task t-0 on thread 15 
578 in task t-0 on thread 15 
326 in task t-1 on thread 18 
579 in task t-0 on thread 15 
580 in task t-0 on thread 15 
327 in task t-1 on thread 18 
581 in task t-0 on thread 15 
582 in task t-0 on thread 15 
583 in task t-0 on thread 15 
328 in task t-1 on thread 18 
584 in task t-0 on thread 15 
329 in task t-1 on thread 18 
330 in task t-1 on thread 18 
585 in task t-0 on thread 15 
586 in task t-0 on thread 15 
587 in task t-0 on thread 15 
331 in task t-1 on thread 18 
588 in task t-0 on thread 15 
589 in task t-0 on thread 15 
590 in task t-0 on thread 15 
591 in task t-0 on thread 15 
332 in task t-1 on thread 18 
592 in task t-0 on thread 15 
333 in task t-1 on thread 18 
334 in task t-1 on thread 18 
593 in task t-0 on thread 15 
594 in task t-0 on thread 15 
595 in task t-0 on thread 15 
596 in task t-0 on thread 15 
335 in task t-1 on thread 18 
597 in task t-0 on thread 15 
598 in task t-0 on thread 15 
599 in task t-0 on thread 15 
336 in task t-1 on thread 18 
337 in task t-1 on thread 18 
600 in task t-0 on thread 15 
601 in task t-0 on thread 15 
602 in task t-0 on thread 15 
338 in task t-1 on thread 18 
339 in task t-1 on thread 18 
603 in task t-0 on thread 15 
340 in task t-1 on thread 18 
341 in task t-1 on thread 18 
604 in task t-0 on thread 15 
605 in task t-0 on thread 15 
342 in task t-1 on thread 18 
343 in task t-1 on thread 18 
606 in task t-0 on thread 15 
607 in task t-0 on thread 15 
608 in task t-0 on thread 15 
609 in task t-0 on thread 15 
344 in task t-1 on thread 18 
345 in task t-1 on thread 18 
610 in task t-0 on thread 15 
611 in task t-0 on thread 15 
612 in task t-0 on thread 15 
346 in task t-1 on thread 18 
347 in task t-1 on thread 18 
613 in task t-0 on thread 15 
614 in task t-0 on thread 15 
615 in task t-0 on thread 15 
348 in task t-1 on thread 18 
616 in task t-0 on thread 15 
617 in task t-0 on thread 15 
618 in task t-0 on thread 15 
619 in task t-0 on thread 15 
349 in task t-1 on thread 18 
620 in task t-0 on thread 15 
621 in task t-0 on thread 15 
622 in task t-0 on thread 15 
350 in task t-1 on thread 18 
623 in task t-0 on thread 15 
624 in task t-0 on thread 15 
351 in task t-1 on thread 18 
625 in task t-0 on thread 15 
626 in task t-0 on thread 15 
627 in task t-0 on thread 15 
352 in task t-1 on thread 18 
628 in task t-0 on thread 15 
629 in task t-0 on thread 15 
630 in task t-0 on thread 15 
353 in task t-1 on thread 18 
631 in task t-0 on thread 15 
632 in task t-0 on thread 15 
633 in task t-0 on thread 15 
354 in task t-1 on thread 18 
634 in task t-0 on thread 15 
635 in task t-0 on thread 15 
636 in task t-0 on thread 15 
355 in task t-1 on thread 18 
637 in task t-0 on thread 15 
638 in task t-0 on thread 15 
356 in task t-1 on thread 18 
357 in task t-1 on thread 18 
639 in task t-0 on thread 15 
640 in task t-0 on thread 15 
358 in task t-1 on thread 18 
359 in task t-1 on thread 18 
360 in task t-1 on thread 18 
641 in task t-0 on thread 15 
642 in task t-0 on thread 15 
361 in task t-1 on thread 18 
362 in task t-1 on thread 18 
643 in task t-0 on thread 15 
644 in task t-0 on thread 15 
363 in task t-1 on thread 18 
645 in task t-0 on thread 15 
646 in task t-0 on thread 15 
647 in task t-0 on thread 15 
364 in task t-1 on thread 18 
365 in task t-1 on thread 18 
366 in task t-1 on thread 18 
648 in task t-0 on thread 15 
649 in task t-0 on thread 15 
650 in task t-0 on thread 15 
367 in task t-1 on thread 18 
368 in task t-1 on thread 18 
369 in task t-1 on thread 18 
651 in task t-0 on thread 15 
652 in task t-0 on thread 15 
653 in task t-0 on thread 15 
370 in task t-1 on thread 18 
654 in task t-0 on thread 15 
655 in task t-0 on thread 15 
656 in task t-0 on thread 15 
371 in task t-1 on thread 18 
372 in task t-1 on thread 18 
373 in task t-1 on thread 18 
374 in task t-1 on thread 18 
657 in task t-0 on thread 15 
375 in task t-1 on thread 18 
376 in task t-1 on thread 18 
658 in task t-0 on thread 15 
659 in task t-0 on thread 15 
660 in task t-0 on thread 15 
661 in task t-0 on thread 15 
377 in task t-1 on thread 18 
662 in task t-0 on thread 15 
378 in task t-1 on thread 18 
663 in task t-0 on thread 15 
379 in task t-1 on thread 18 
664 in task t-0 on thread 15 
380 in task t-1 on thread 18 
665 in task t-0 on thread 15 
666 in task t-0 on thread 15 
667 in task t-0 on thread 15 
668 in task t-0 on thread 15 
381 in task t-1 on thread 18 
669 in task t-0 on thread 15 
670 in task t-0 on thread 15 
382 in task t-1 on thread 18 
671 in task t-0 on thread 15 
672 in task t-0 on thread 15 
673 in task t-0 on thread 15 
674 in task t-0 on thread 15 
383 in task t-1 on thread 18 
675 in task t-0 on thread 15 
676 in task t-0 on thread 15 
677 in task t-0 on thread 15 
384 in task t-1 on thread 18 
385 in task t-1 on thread 18 
678 in task t-0 on thread 15 
679 in task t-0 on thread 15 
680 in task t-0 on thread 15 
681 in task t-0 on thread 15 
386 in task t-1 on thread 18 
682 in task t-0 on thread 15 
387 in task t-1 on thread 18 
683 in task t-0 on thread 15 
684 in task t-0 on thread 15 
685 in task t-0 on thread 15 
388 in task t-1 on thread 18 
389 in task t-1 on thread 18 
390 in task t-1 on thread 18 
686 in task t-0 on thread 15 
687 in task t-0 on thread 15 
688 in task t-0 on thread 15 
391 in task t-1 on thread 18 
689 in task t-0 on thread 15 
690 in task t-0 on thread 15 
691 in task t-0 on thread 15 
692 in task t-0 on thread 15 
392 in task t-1 on thread 18 
693 in task t-0 on thread 15 
393 in task t-1 on thread 18 
694 in task t-0 on thread 15 
695 in task t-0 on thread 15 
394 in task t-1 on thread 18 
395 in task t-1 on thread 18 
396 in task t-1 on thread 18 
397 in task t-1 on thread 18 
398 in task t-1 on thread 18 
696 in task t-0 on thread 15 
399 in task t-1 on thread 18 
697 in task t-0 on thread 15 
400 in task t-1 on thread 18 
698 in task t-0 on thread 15 
401 in task t-1 on thread 18 
699 in task t-0 on thread 15 
402 in task t-1 on thread 18 
700 in task t-0 on thread 15 
403 in task t-1 on thread 18 
701 in task t-0 on thread 15 
404 in task t-1 on thread 18 
702 in task t-0 on thread 15 
405 in task t-1 on thread 18 
703 in task t-0 on thread 15 
406 in task t-1 on thread 18 
704 in task t-0 on thread 15 
407 in task t-1 on thread 18 
705 in task t-0 on thread 15 
408 in task t-1 on thread 18 
706 in task t-0 on thread 15 
409 in task t-1 on thread 18 
707 in task t-0 on thread 15 
410 in task t-1 on thread 18 
708 in task t-0 on thread 15 
411 in task t-1 on thread 18 
709 in task t-0 on thread 15 
412 in task t-1 on thread 18 
710 in task t-0 on thread 15 
413 in task t-1 on thread 18 
711 in task t-0 on thread 15 
414 in task t-1 on thread 18 
712 in task t-0 on thread 15 
713 in task t-0 on thread 15 
415 in task t-1 on thread 18 
714 in task t-0 on thread 15 
715 in task t-0 on thread 15 
716 in task t-0 on thread 15 
717 in task t-0 on thread 15 
416 in task t-1 on thread 18 
718 in task t-0 on thread 15 
417 in task t-1 on thread 18 
719 in task t-0 on thread 15 
418 in task t-1 on thread 18 
720 in task t-0 on thread 15 
721 in task t-0 on thread 15 
419 in task t-1 on thread 18 
420 in task t-1 on thread 18 
722 in task t-0 on thread 15 
421 in task t-1 on thread 18 
422 in task t-1 on thread 18 
423 in task t-1 on thread 18 
424 in task t-1 on thread 18 
425 in task t-1 on thread 18 
723 in task t-0 on thread 15 
426 in task t-1 on thread 18 
724 in task t-0 on thread 15 
725 in task t-0 on thread 15 
726 in task t-0 on thread 15 
427 in task t-1 on thread 18 
727 in task t-0 on thread 15 
728 in task t-0 on thread 15 
428 in task t-1 on thread 18 
729 in task t-0 on thread 15 
730 in task t-0 on thread 15 
429 in task t-1 on thread 18 
731 in task t-0 on thread 15 
732 in task t-0 on thread 15 
733 in task t-0 on thread 15 
430 in task t-1 on thread 18 
431 in task t-1 on thread 18 
432 in task t-1 on thread 18 
734 in task t-0 on thread 15 
735 in task t-0 on thread 15 
433 in task t-1 on thread 18 
736 in task t-0 on thread 15 
737 in task t-0 on thread 15 
738 in task t-0 on thread 15 
434 in task t-1 on thread 18 
435 in task t-1 on thread 18 
739 in task t-0 on thread 15 
740 in task t-0 on thread 15 
436 in task t-1 on thread 18 
437 in task t-1 on thread 18 
741 in task t-0 on thread 15 
742 in task t-0 on thread 15 
438 in task t-1 on thread 18 
743 in task t-0 on thread 15 
744 in task t-0 on thread 15 
439 in task t-1 on thread 18 
745 in task t-0 on thread 15 
746 in task t-0 on thread 15 
747 in task t-0 on thread 15 
748 in task t-0 on thread 15 
440 in task t-1 on thread 18 
441 in task t-1 on thread 18 
749 in task t-0 on thread 15 
750 in task t-0 on thread 15 
751 in task t-0 on thread 15 
752 in task t-0 on thread 15 
753 in task t-0 on thread 15 
754 in task t-0 on thread 15 
755 in task t-0 on thread 15 
442 in task t-1 on thread 18 
756 in task t-0 on thread 15 
757 in task t-0 on thread 15 
758 in task t-0 on thread 15 
759 in task t-0 on thread 15 
760 in task t-0 on thread 15 
761 in task t-0 on thread 15 
762 in task t-0 on thread 15 
763 in task t-0 on thread 15 
764 in task t-0 on thread 15 
765 in task t-0 on thread 15 
766 in task t-0 on thread 15 
767 in task t-0 on thread 15 
768 in task t-0 on thread 15 
769 in task t-0 on thread 15 
770 in task t-0 on thread 15 
771 in task t-0 on thread 15 
772 in task t-0 on thread 15 
773 in task t-0 on thread 15 
774 in task t-0 on thread 15 
775 in task t-0 on thread 15 
443 in task t-1 on thread 18 
444 in task t-1 on thread 18 
445 in task t-1 on thread 18 
446 in task t-1 on thread 18 
776 in task t-0 on thread 15 
777 in task t-0 on thread 15 
778 in task t-0 on thread 15 
779 in task t-0 on thread 15 
780 in task t-0 on thread 15 
447 in task t-1 on thread 18 
448 in task t-1 on thread 18 
449 in task t-1 on thread 18 
450 in task t-1 on thread 18 
781 in task t-0 on thread 15 
782 in task t-0 on thread 15 
783 in task t-0 on thread 15 
784 in task t-0 on thread 15 
785 in task t-0 on thread 15 
786 in task t-0 on thread 15 
787 in task t-0 on thread 15 
788 in task t-0 on thread 15 
789 in task t-0 on thread 15 
790 in task t-0 on thread 15 
791 in task t-0 on thread 15 
792 in task t-0 on thread 15 
793 in task t-0 on thread 15 
794 in task t-0 on thread 15 
795 in task t-0 on thread 15 
796 in task t-0 on thread 15 
451 in task t-1 on thread 18 
797 in task t-0 on thread 15 
798 in task t-0 on thread 15 
799 in task t-0 on thread 15 
800 in task t-0 on thread 15 
801 in task t-0 on thread 15 
802 in task t-0 on thread 15 
803 in task t-0 on thread 15 
452 in task t-1 on thread 18 
453 in task t-1 on thread 18 
804 in task t-0 on thread 15 
805 in task t-0 on thread 15 
806 in task t-0 on thread 15 
807 in task t-0 on thread 15 
808 in task t-0 on thread 15 
809 in task t-0 on thread 15 
810 in task t-0 on thread 15 
811 in task t-0 on thread 15 
812 in task t-0 on thread 15 
813 in task t-0 on thread 15 
814 in task t-0 on thread 15 
815 in task t-0 on thread 15 
816 in task t-0 on thread 15 
817 in task t-0 on thread 15 
818 in task t-0 on thread 15 
819 in task t-0 on thread 15 
820 in task t-0 on thread 15 
821 in task t-0 on thread 15 
822 in task t-0 on thread 15 
823 in task t-0 on thread 15 
824 in task t-0 on thread 15 
825 in task t-0 on thread 15 
826 in task t-0 on thread 15 
827 in task t-0 on thread 15 
828 in task t-0 on thread 15 
829 in task t-0 on thread 15 
830 in task t-0 on thread 15 
831 in task t-0 on thread 15 
832 in task t-0 on thread 15 
833 in task t-0 on thread 15 
454 in task t-1 on thread 18 
455 in task t-1 on thread 18 
834 in task t-0 on thread 15 
835 in task t-0 on thread 15 
836 in task t-0 on thread 15 
837 in task t-0 on thread 15 
838 in task t-0 on thread 15 
839 in task t-0 on thread 15 
840 in task t-0 on thread 15 
841 in task t-0 on thread 15 
842 in task t-0 on thread 15 
843 in task t-0 on thread 15 
844 in task t-0 on thread 15 
845 in task t-0 on thread 15 
846 in task t-0 on thread 15 
847 in task t-0 on thread 15 
456 in task t-1 on thread 18 
848 in task t-0 on thread 15 
849 in task t-0 on thread 15 
850 in task t-0 on thread 15 
851 in task t-0 on thread 15 
852 in task t-0 on thread 15 
853 in task t-0 on thread 15 
854 in task t-0 on thread 15 
855 in task t-0 on thread 15 
856 in task t-0 on thread 15 
857 in task t-0 on thread 15 
858 in task t-0 on thread 15 
859 in task t-0 on thread 15 
457 in task t-1 on thread 18 
860 in task t-0 on thread 15 
861 in task t-0 on thread 15 
862 in task t-0 on thread 15 
863 in task t-0 on thread 15 
864 in task t-0 on thread 15 
865 in task t-0 on thread 15 
866 in task t-0 on thread 15 
867 in task t-0 on thread 15 
868 in task t-0 on thread 15 
869 in task t-0 on thread 15 
870 in task t-0 on thread 15 
871 in task t-0 on thread 15 
872 in task t-0 on thread 15 
873 in task t-0 on thread 15 
874 in task t-0 on thread 15 
875 in task t-0 on thread 15 
876 in task t-0 on thread 15 
877 in task t-0 on thread 15 
878 in task t-0 on thread 15 
879 in task t-0 on thread 15 
880 in task t-0 on thread 15 
881 in task t-0 on thread 15 
882 in task t-0 on thread 15 
883 in task t-0 on thread 15 
884 in task t-0 on thread 15 
885 in task t-0 on thread 15 
886 in task t-0 on thread 15 
887 in task t-0 on thread 15 
888 in task t-0 on thread 15 
889 in task t-0 on thread 15 
890 in task t-0 on thread 15 
891 in task t-0 on thread 15 
892 in task t-0 on thread 15 
893 in task t-0 on thread 15 
894 in task t-0 on thread 15 
895 in task t-0 on thread 15 
458 in task t-1 on thread 18 
459 in task t-1 on thread 18 
896 in task t-0 on thread 15 
897 in task t-0 on thread 15 
898 in task t-0 on thread 15 
899 in task t-0 on thread 15 
900 in task t-0 on thread 15 
901 in task t-0 on thread 15 
460 in task t-1 on thread 18 
902 in task t-0 on thread 15 
461 in task t-1 on thread 18 
903 in task t-0 on thread 15 
904 in task t-0 on thread 15 
905 in task t-0 on thread 15 
906 in task t-0 on thread 15 
907 in task t-0 on thread 15 
908 in task t-0 on thread 15 
909 in task t-0 on thread 15 
910 in task t-0 on thread 15 
911 in task t-0 on thread 15 
462 in task t-1 on thread 18 
463 in task t-1 on thread 18 
464 in task t-1 on thread 18 
912 in task t-0 on thread 15 
465 in task t-1 on thread 18 
466 in task t-1 on thread 18 
467 in task t-1 on thread 18 
468 in task t-1 on thread 18 
469 in task t-1 on thread 18 
470 in task t-1 on thread 18 
913 in task t-0 on thread 15 
914 in task t-0 on thread 15 
471 in task t-1 on thread 18 
472 in task t-1 on thread 18 
915 in task t-0 on thread 15 
916 in task t-0 on thread 15 
917 in task t-0 on thread 15 
918 in task t-0 on thread 15 
919 in task t-0 on thread 15 
920 in task t-0 on thread 15 
921 in task t-0 on thread 15 
922 in task t-0 on thread 15 
923 in task t-0 on thread 15 
924 in task t-0 on thread 15 
925 in task t-0 on thread 15 
926 in task t-0 on thread 15 
927 in task t-0 on thread 15 
473 in task t-1 on thread 18 
928 in task t-0 on thread 15 
929 in task t-0 on thread 15 
474 in task t-1 on thread 18 
930 in task t-0 on thread 15 
931 in task t-0 on thread 15 
932 in task t-0 on thread 15 
933 in task t-0 on thread 15 
934 in task t-0 on thread 15 
935 in task t-0 on thread 15 
936 in task t-0 on thread 15 
937 in task t-0 on thread 15 
938 in task t-0 on thread 15 
939 in task t-0 on thread 15 
940 in task t-0 on thread 15 
475 in task t-1 on thread 18 
941 in task t-0 on thread 15 
942 in task t-0 on thread 15 
476 in task t-1 on thread 18 
943 in task t-0 on thread 15 
944 in task t-0 on thread 15 
477 in task t-1 on thread 18 
478 in task t-1 on thread 18 
945 in task t-0 on thread 15 
479 in task t-1 on thread 18 
480 in task t-1 on thread 18 
946 in task t-0 on thread 15 
947 in task t-0 on thread 15 
948 in task t-0 on thread 15 
481 in task t-1 on thread 18 
482 in task t-1 on thread 18 
949 in task t-0 on thread 15 
950 in task t-0 on thread 15 
951 in task t-0 on thread 15 
952 in task t-0 on thread 15 
483 in task t-1 on thread 18 
484 in task t-1 on thread 18 
953 in task t-0 on thread 15 
485 in task t-1 on thread 18 
954 in task t-0 on thread 15 
955 in task t-0 on thread 15 
956 in task t-0 on thread 15 
957 in task t-0 on thread 15 
958 in task t-0 on thread 15 
486 in task t-1 on thread 18 
487 in task t-1 on thread 18 
959 in task t-0 on thread 15 
960 in task t-0 on thread 15 
961 in task t-0 on thread 15 
488 in task t-1 on thread 18 
962 in task t-0 on thread 15 
963 in task t-0 on thread 15 
489 in task t-1 on thread 18 
964 in task t-0 on thread 15 
490 in task t-1 on thread 18 
965 in task t-0 on thread 15 
491 in task t-1 on thread 18 
492 in task t-1 on thread 18 
966 in task t-0 on thread 15 
967 in task t-0 on thread 15 
493 in task t-1 on thread 18 
494 in task t-1 on thread 18 
495 in task t-1 on thread 18 
968 in task t-0 on thread 15 
969 in task t-0 on thread 15 
496 in task t-1 on thread 18 
970 in task t-0 on thread 15 
497 in task t-1 on thread 18 
498 in task t-1 on thread 18 
499 in task t-1 on thread 18 
971 in task t-0 on thread 15 
972 in task t-0 on thread 15 
973 in task t-0 on thread 15 
974 in task t-0 on thread 15 
975 in task t-0 on thread 15 
500 in task t-1 on thread 18 
976 in task t-0 on thread 15 
977 in task t-0 on thread 15 
978 in task t-0 on thread 15 
979 in task t-0 on thread 15 
980 in task t-0 on thread 15 
501 in task t-1 on thread 18 
981 in task t-0 on thread 15 
982 in task t-0 on thread 15 
983 in task t-0 on thread 15 
984 in task t-0 on thread 15 
502 in task t-1 on thread 18 
985 in task t-0 on thread 15 
986 in task t-0 on thread 15 
987 in task t-0 on thread 15 
988 in task t-0 on thread 15 
989 in task t-0 on thread 15 
503 in task t-1 on thread 18 
990 in task t-0 on thread 15 
991 in task t-0 on thread 15 
992 in task t-0 on thread 15 
993 in task t-0 on thread 15 
994 in task t-0 on thread 15 
504 in task t-1 on thread 18 
995 in task t-0 on thread 15 
996 in task t-0 on thread 15 
997 in task t-0 on thread 15 
505 in task t-1 on thread 18 
506 in task t-1 on thread 18 
507 in task t-1 on thread 18 
998 in task t-0 on thread 15 
999 in task t-0 on thread 15 
0 in task t-2 on thread 15 
1 in task t-2 on thread 15 
508 in task t-1 on thread 18 
509 in task t-1 on thread 18 
2 in task t-2 on thread 15 
3 in task t-2 on thread 15 
4 in task t-2 on thread 15 
5 in task t-2 on thread 15 
6 in task t-2 on thread 15 
7 in task t-2 on thread 15 
510 in task t-1 on thread 18 
8 in task t-2 on thread 15 
511 in task t-1 on thread 18 
512 in task t-1 on thread 18 
513 in task t-1 on thread 18 
9 in task t-2 on thread 15 
10 in task t-2 on thread 15 
11 in task t-2 on thread 15 
12 in task t-2 on thread 15 
514 in task t-1 on thread 18 
13 in task t-2 on thread 15 
14 in task t-2 on thread 15 
15 in task t-2 on thread 15 
16 in task t-2 on thread 15 
515 in task t-1 on thread 18 
17 in task t-2 on thread 15 
18 in task t-2 on thread 15 
516 in task t-1 on thread 18 
19 in task t-2 on thread 15 
20 in task t-2 on thread 15 
21 in task t-2 on thread 15 
22 in task t-2 on thread 15 
517 in task t-1 on thread 18 
23 in task t-2 on thread 15 
24 in task t-2 on thread 15 
518 in task t-1 on thread 18 
25 in task t-2 on thread 15 
519 in task t-1 on thread 18 
520 in task t-1 on thread 18 
26 in task t-2 on thread 15 
27 in task t-2 on thread 15 
28 in task t-2 on thread 15 
29 in task t-2 on thread 15 
521 in task t-1 on thread 18 
30 in task t-2 on thread 15 
31 in task t-2 on thread 15 
32 in task t-2 on thread 15 
33 in task t-2 on thread 15 
522 in task t-1 on thread 18 
523 in task t-1 on thread 18 
34 in task t-2 on thread 15 
35 in task t-2 on thread 15 
36 in task t-2 on thread 15 
524 in task t-1 on thread 18 
37 in task t-2 on thread 15 
38 in task t-2 on thread 15 
39 in task t-2 on thread 15 
525 in task t-1 on thread 18 
40 in task t-2 on thread 15 
41 in task t-2 on thread 15 
42 in task t-2 on thread 15 
43 in task t-2 on thread 15 
526 in task t-1 on thread 18 
44 in task t-2 on thread 15 
45 in task t-2 on thread 15 
46 in task t-2 on thread 15 
47 in task t-2 on thread 15 
527 in task t-1 on thread 18 
528 in task t-1 on thread 18 
48 in task t-2 on thread 15 
49 in task t-2 on thread 15 
50 in task t-2 on thread 15 
529 in task t-1 on thread 18 
51 in task t-2 on thread 15 
52 in task t-2 on thread 15 
530 in task t-1 on thread 18 
53 in task t-2 on thread 15 
54 in task t-2 on thread 15 
531 in task t-1 on thread 18 
532 in task t-1 on thread 18 
55 in task t-2 on thread 15 
56 in task t-2 on thread 15 
57 in task t-2 on thread 15 
58 in task t-2 on thread 15 
533 in task t-1 on thread 18 
59 in task t-2 on thread 15 
60 in task t-2 on thread 15 
61 in task t-2 on thread 15 
62 in task t-2 on thread 15 
534 in task t-1 on thread 18 
63 in task t-2 on thread 15 
64 in task t-2 on thread 15 
65 in task t-2 on thread 15 
66 in task t-2 on thread 15 
67 in task t-2 on thread 15 
535 in task t-1 on thread 18 
68 in task t-2 on thread 15 
69 in task t-2 on thread 15 
70 in task t-2 on thread 15 
71 in task t-2 on thread 15 
536 in task t-1 on thread 18 
537 in task t-1 on thread 18 
72 in task t-2 on thread 15 
73 in task t-2 on thread 15 
74 in task t-2 on thread 15 
538 in task t-1 on thread 18 
539 in task t-1 on thread 18 
75 in task t-2 on thread 15 
76 in task t-2 on thread 15 
540 in task t-1 on thread 18 
541 in task t-1 on thread 18 
542 in task t-1 on thread 18 
543 in task t-1 on thread 18 
77 in task t-2 on thread 15 
78 in task t-2 on thread 15 
79 in task t-2 on thread 15 
544 in task t-1 on thread 18 
80 in task t-2 on thread 15 
81 in task t-2 on thread 15 
545 in task t-1 on thread 18 
546 in task t-1 on thread 18 
82 in task t-2 on thread 15 
83 in task t-2 on thread 15 
84 in task t-2 on thread 15 
547 in task t-1 on thread 18 
548 in task t-1 on thread 18 
85 in task t-2 on thread 15 
549 in task t-1 on thread 18 
550 in task t-1 on thread 18 
86 in task t-2 on thread 15 
87 in task t-2 on thread 15 
88 in task t-2 on thread 15 
551 in task t-1 on thread 18 
552 in task t-1 on thread 18 
553 in task t-1 on thread 18 
89 in task t-2 on thread 15 
554 in task t-1 on thread 18 
555 in task t-1 on thread 18 
556 in task t-1 on thread 18 
90 in task t-2 on thread 15 
91 in task t-2 on thread 15 
557 in task t-1 on thread 18 
558 in task t-1 on thread 18 
92 in task t-2 on thread 15 
93 in task t-2 on thread 15 
559 in task t-1 on thread 18 
560 in task t-1 on thread 18 
94 in task t-2 on thread 15 
95 in task t-2 on thread 15 
96 in task t-2 on thread 15 
561 in task t-1 on thread 18 
562 in task t-1 on thread 18 
97 in task t-2 on thread 15 
98 in task t-2 on thread 15 
563 in task t-1 on thread 18 
564 in task t-1 on thread 18 
565 in task t-1 on thread 18 
566 in task t-1 on thread 18 
99 in task t-2 on thread 15 
100 in task t-2 on thread 15 
101 in task t-2 on thread 15 
102 in task t-2 on thread 15 
567 in task t-1 on thread 18 
568 in task t-1 on thread 18 
569 in task t-1 on thread 18 
103 in task t-2 on thread 15 
104 in task t-2 on thread 15 
105 in task t-2 on thread 15 
570 in task t-1 on thread 18 
106 in task t-2 on thread 15 
571 in task t-1 on thread 18 
572 in task t-1 on thread 18 
107 in task t-2 on thread 15 
108 in task t-2 on thread 15 
573 in task t-1 on thread 18 
574 in task t-1 on thread 18 
109 in task t-2 on thread 15 
110 in task t-2 on thread 15 
575 in task t-1 on thread 18 
576 in task t-1 on thread 18 
577 in task t-1 on thread 18 
111 in task t-2 on thread 15 
578 in task t-1 on thread 18 
112 in task t-2 on thread 15 
113 in task t-2 on thread 15 
579 in task t-1 on thread 18 
114 in task t-2 on thread 15 
580 in task t-1 on thread 18 
581 in task t-1 on thread 18 
582 in task t-1 on thread 18 
115 in task t-2 on thread 15 
583 in task t-1 on thread 18 
584 in task t-1 on thread 18 
585 in task t-1 on thread 18 
116 in task t-2 on thread 15 
117 in task t-2 on thread 15 
586 in task t-1 on thread 18 
587 in task t-1 on thread 18 
118 in task t-2 on thread 15 
119 in task t-2 on thread 15 
120 in task t-2 on thread 15 
588 in task t-1 on thread 18 
589 in task t-1 on thread 18 
121 in task t-2 on thread 15 
122 in task t-2 on thread 15 
123 in task t-2 on thread 15 
590 in task t-1 on thread 18 
124 in task t-2 on thread 15 
125 in task t-2 on thread 15 
126 in task t-2 on thread 15 
127 in task t-2 on thread 15 
128 in task t-2 on thread 15 
591 in task t-1 on thread 18 
129 in task t-2 on thread 15 
130 in task t-2 on thread 15 
131 in task t-2 on thread 15 
132 in task t-2 on thread 15 
592 in task t-1 on thread 18 
133 in task t-2 on thread 15 
134 in task t-2 on thread 15 
135 in task t-2 on thread 15 
136 in task t-2 on thread 15 
593 in task t-1 on thread 18 
137 in task t-2 on thread 15 
138 in task t-2 on thread 15 
139 in task t-2 on thread 15 
140 in task t-2 on thread 15 
141 in task t-2 on thread 15 
594 in task t-1 on thread 18 
142 in task t-2 on thread 15 
143 in task t-2 on thread 15 
144 in task t-2 on thread 15 
595 in task t-1 on thread 18 
145 in task t-2 on thread 15 
146 in task t-2 on thread 15 
147 in task t-2 on thread 15 
596 in task t-1 on thread 18 
148 in task t-2 on thread 15 
149 in task t-2 on thread 15 
150 in task t-2 on thread 15 
597 in task t-1 on thread 18 
151 in task t-2 on thread 15 
152 in task t-2 on thread 15 
153 in task t-2 on thread 15 
154 in task t-2 on thread 15 
598 in task t-1 on thread 18 
155 in task t-2 on thread 15 
156 in task t-2 on thread 15 
157 in task t-2 on thread 15 
158 in task t-2 on thread 15 
599 in task t-1 on thread 18 
159 in task t-2 on thread 15 
160 in task t-2 on thread 15 
161 in task t-2 on thread 15 
162 in task t-2 on thread 15 
600 in task t-1 on thread 18 
163 in task t-2 on thread 15 
164 in task t-2 on thread 15 
165 in task t-2 on thread 15 
166 in task t-2 on thread 15 
601 in task t-1 on thread 18 
167 in task t-2 on thread 15 
168 in task t-2 on thread 15 
169 in task t-2 on thread 15 
170 in task t-2 on thread 15 
602 in task t-1 on thread 18 
171 in task t-2 on thread 15 
172 in task t-2 on thread 15 
173 in task t-2 on thread 15 
174 in task t-2 on thread 15 
175 in task t-2 on thread 15 
603 in task t-1 on thread 18 
176 in task t-2 on thread 15 
177 in task t-2 on thread 15 
178 in task t-2 on thread 15 
179 in task t-2 on thread 15 
604 in task t-1 on thread 18 
180 in task t-2 on thread 15 
181 in task t-2 on thread 15 
182 in task t-2 on thread 15 
183 in task t-2 on thread 15 
605 in task t-1 on thread 18 
184 in task t-2 on thread 15 
185 in task t-2 on thread 15 
186 in task t-2 on thread 15 
187 in task t-2 on thread 15 
606 in task t-1 on thread 18 
188 in task t-2 on thread 15 
189 in task t-2 on thread 15 
190 in task t-2 on thread 15 
191 in task t-2 on thread 15 
192 in task t-2 on thread 15 
607 in task t-1 on thread 18 
193 in task t-2 on thread 15 
194 in task t-2 on thread 15 
195 in task t-2 on thread 15 
196 in task t-2 on thread 15 
608 in task t-1 on thread 18 
197 in task t-2 on thread 15 
198 in task t-2 on thread 15 
199 in task t-2 on thread 15 
609 in task t-1 on thread 18 
200 in task t-2 on thread 15 
201 in task t-2 on thread 15 
202 in task t-2 on thread 15 
203 in task t-2 on thread 15 
204 in task t-2 on thread 15 
610 in task t-1 on thread 18 
205 in task t-2 on thread 15 
206 in task t-2 on thread 15 
207 in task t-2 on thread 15 
208 in task t-2 on thread 15 
611 in task t-1 on thread 18 
209 in task t-2 on thread 15 
210 in task t-2 on thread 15 
211 in task t-2 on thread 15 
212 in task t-2 on thread 15 
612 in task t-1 on thread 18 
213 in task t-2 on thread 15 
214 in task t-2 on thread 15 
215 in task t-2 on thread 15 
216 in task t-2 on thread 15 
613 in task t-1 on thread 18 
217 in task t-2 on thread 15 
218 in task t-2 on thread 15 
219 in task t-2 on thread 15 
220 in task t-2 on thread 15 
221 in task t-2 on thread 15 
614 in task t-1 on thread 18 
222 in task t-2 on thread 15 
223 in task t-2 on thread 15 
224 in task t-2 on thread 15 
225 in task t-2 on thread 15 
226 in task t-2 on thread 15 
615 in task t-1 on thread 18 
227 in task t-2 on thread 15 
228 in task t-2 on thread 15 
229 in task t-2 on thread 15 
230 in task t-2 on thread 15 
616 in task t-1 on thread 18 
231 in task t-2 on thread 15 
232 in task t-2 on thread 15 
233 in task t-2 on thread 15 
234 in task t-2 on thread 15 
617 in task t-1 on thread 18 
618 in task t-1 on thread 18 
235 in task t-2 on thread 15 
236 in task t-2 on thread 15 
237 in task t-2 on thread 15 
619 in task t-1 on thread 18 
238 in task t-2 on thread 15 
239 in task t-2 on thread 15 
240 in task t-2 on thread 15 
241 in task t-2 on thread 15 
242 in task t-2 on thread 15 
620 in task t-1 on thread 18 
243 in task t-2 on thread 15 
244 in task t-2 on thread 15 
245 in task t-2 on thread 15 
246 in task t-2 on thread 15 
621 in task t-1 on thread 18 
247 in task t-2 on thread 15 
248 in task t-2 on thread 15 
249 in task t-2 on thread 15 
250 in task t-2 on thread 15 
622 in task t-1 on thread 18 
251 in task t-2 on thread 15 
252 in task t-2 on thread 15 
253 in task t-2 on thread 15 
254 in task t-2 on thread 15 
623 in task t-1 on thread 18 
255 in task t-2 on thread 15 
624 in task t-1 on thread 18 
256 in task t-2 on thread 15 
257 in task t-2 on thread 15 
258 in task t-2 on thread 15 
625 in task t-1 on thread 18 
626 in task t-1 on thread 18 
259 in task t-2 on thread 15 
260 in task t-2 on thread 15 
261 in task t-2 on thread 15 
262 in task t-2 on thread 15 
263 in task t-2 on thread 15 
264 in task t-2 on thread 15 
265 in task t-2 on thread 15 
627 in task t-1 on thread 18 
628 in task t-1 on thread 18 
266 in task t-2 on thread 15 
629 in task t-1 on thread 18 
267 in task t-2 on thread 15 
268 in task t-2 on thread 15 
630 in task t-1 on thread 18 
269 in task t-2 on thread 15 
631 in task t-1 on thread 18 
270 in task t-2 on thread 15 
271 in task t-2 on thread 15 
632 in task t-1 on thread 18 
272 in task t-2 on thread 15 
273 in task t-2 on thread 15 
274 in task t-2 on thread 15 
633 in task t-1 on thread 18 
275 in task t-2 on thread 15 
276 in task t-2 on thread 15 
277 in task t-2 on thread 15 
278 in task t-2 on thread 15 
634 in task t-1 on thread 18 
279 in task t-2 on thread 15 
280 in task t-2 on thread 15 
281 in task t-2 on thread 15 
635 in task t-1 on thread 18 
636 in task t-1 on thread 18 
282 in task t-2 on thread 15 
283 in task t-2 on thread 15 
284 in task t-2 on thread 15 
637 in task t-1 on thread 18 
285 in task t-2 on thread 15 
286 in task t-2 on thread 15 
287 in task t-2 on thread 15 
638 in task t-1 on thread 18 
639 in task t-1 on thread 18 
288 in task t-2 on thread 15 
640 in task t-1 on thread 18 
289 in task t-2 on thread 15 
290 in task t-2 on thread 15 
641 in task t-1 on thread 18 
291 in task t-2 on thread 15 
292 in task t-2 on thread 15 
293 in task t-2 on thread 15 
294 in task t-2 on thread 15 
295 in task t-2 on thread 15 
296 in task t-2 on thread 15 
297 in task t-2 on thread 15 
642 in task t-1 on thread 18 
298 in task t-2 on thread 15 
643 in task t-1 on thread 18 
299 in task t-2 on thread 15 
644 in task t-1 on thread 18 
645 in task t-1 on thread 18 
646 in task t-1 on thread 18 
300 in task t-2 on thread 15 
647 in task t-1 on thread 18 
301 in task t-2 on thread 15 
302 in task t-2 on thread 15 
303 in task t-2 on thread 15 
648 in task t-1 on thread 18 
304 in task t-2 on thread 15 
305 in task t-2 on thread 15 
306 in task t-2 on thread 15 
649 in task t-1 on thread 18 
650 in task t-1 on thread 18 
307 in task t-2 on thread 15 
651 in task t-1 on thread 18 
308 in task t-2 on thread 15 
309 in task t-2 on thread 15 
310 in task t-2 on thread 15 
652 in task t-1 on thread 18 
311 in task t-2 on thread 15 
312 in task t-2 on thread 15 
653 in task t-1 on thread 18 
313 in task t-2 on thread 15 
314 in task t-2 on thread 15 
315 in task t-2 on thread 15 
316 in task t-2 on thread 15 
654 in task t-1 on thread 18 
317 in task t-2 on thread 15 
655 in task t-1 on thread 18 
318 in task t-2 on thread 15 
319 in task t-2 on thread 15 
320 in task t-2 on thread 15 
656 in task t-1 on thread 18 
657 in task t-1 on thread 18 
321 in task t-2 on thread 15 
322 in task t-2 on thread 15 
658 in task t-1 on thread 18 
323 in task t-2 on thread 15 
324 in task t-2 on thread 15 
325 in task t-2 on thread 15 
326 in task t-2 on thread 15 
659 in task t-1 on thread 18 
327 in task t-2 on thread 15 
328 in task t-2 on thread 15 
329 in task t-2 on thread 15 
660 in task t-1 on thread 18 
330 in task t-2 on thread 15 
331 in task t-2 on thread 15 
332 in task t-2 on thread 15 
661 in task t-1 on thread 18 
333 in task t-2 on thread 15 
334 in task t-2 on thread 15 
662 in task t-1 on thread 18 
335 in task t-2 on thread 15 
336 in task t-2 on thread 15 
337 in task t-2 on thread 15 
663 in task t-1 on thread 18 
338 in task t-2 on thread 15 
339 in task t-2 on thread 15 
664 in task t-1 on thread 18 
340 in task t-2 on thread 15 
341 in task t-2 on thread 15 
665 in task t-1 on thread 18 
342 in task t-2 on thread 15 
343 in task t-2 on thread 15 
344 in task t-2 on thread 15 
345 in task t-2 on thread 15 
666 in task t-1 on thread 18 
667 in task t-1 on thread 18 
346 in task t-2 on thread 15 
347 in task t-2 on thread 15 
668 in task t-1 on thread 18 
669 in task t-1 on thread 18 
348 in task t-2 on thread 15 
670 in task t-1 on thread 18 
671 in task t-1 on thread 18 
349 in task t-2 on thread 15 
672 in task t-1 on thread 18 
673 in task t-1 on thread 18 
350 in task t-2 on thread 15 
674 in task t-1 on thread 18 
351 in task t-2 on thread 15 
352 in task t-2 on thread 15 
353 in task t-2 on thread 15 
675 in task t-1 on thread 18 
354 in task t-2 on thread 15 
355 in task t-2 on thread 15 
356 in task t-2 on thread 15 
676 in task t-1 on thread 18 
357 in task t-2 on thread 15 
358 in task t-2 on thread 15 
359 in task t-2 on thread 15 
360 in task t-2 on thread 15 
677 in task t-1 on thread 18 
678 in task t-1 on thread 18 
679 in task t-1 on thread 18 
361 in task t-2 on thread 15 
362 in task t-2 on thread 15 
363 in task t-2 on thread 15 
364 in task t-2 on thread 15 
680 in task t-1 on thread 18 
365 in task t-2 on thread 15 
366 in task t-2 on thread 15 
367 in task t-2 on thread 15 
681 in task t-1 on thread 18 
368 in task t-2 on thread 15 
369 in task t-2 on thread 15 
682 in task t-1 on thread 18 
683 in task t-1 on thread 18 
370 in task t-2 on thread 15 
371 in task t-2 on thread 15 
372 in task t-2 on thread 15 
684 in task t-1 on thread 18 
685 in task t-1 on thread 18 
373 in task t-2 on thread 15 
374 in task t-2 on thread 15 
686 in task t-1 on thread 18 
375 in task t-2 on thread 15 
376 in task t-2 on thread 15 
377 in task t-2 on thread 15 
687 in task t-1 on thread 18 
378 in task t-2 on thread 15 
688 in task t-1 on thread 18 
379 in task t-2 on thread 15 
380 in task t-2 on thread 15 
381 in task t-2 on thread 15 
382 in task t-2 on thread 15 
689 in task t-1 on thread 18 
383 in task t-2 on thread 15 
384 in task t-2 on thread 15 
385 in task t-2 on thread 15 
386 in task t-2 on thread 15 
690 in task t-1 on thread 18 
387 in task t-2 on thread 15 
388 in task t-2 on thread 15 
389 in task t-2 on thread 15 
691 in task t-1 on thread 18 
390 in task t-2 on thread 15 
391 in task t-2 on thread 15 
392 in task t-2 on thread 15 
692 in task t-1 on thread 18 
393 in task t-2 on thread 15 
394 in task t-2 on thread 15 
395 in task t-2 on thread 15 
693 in task t-1 on thread 18 
396 in task t-2 on thread 15 
397 in task t-2 on thread 15 
398 in task t-2 on thread 15 
399 in task t-2 on thread 15 
694 in task t-1 on thread 18 
400 in task t-2 on thread 15 
695 in task t-1 on thread 18 
696 in task t-1 on thread 18 
401 in task t-2 on thread 15 
402 in task t-2 on thread 15 
403 in task t-2 on thread 15 
404 in task t-2 on thread 15 
697 in task t-1 on thread 18 
698 in task t-1 on thread 18 
405 in task t-2 on thread 15 
406 in task t-2 on thread 15 
699 in task t-1 on thread 18 
407 in task t-2 on thread 15 
408 in task t-2 on thread 15 
409 in task t-2 on thread 15 
700 in task t-1 on thread 18 
410 in task t-2 on thread 15 
411 in task t-2 on thread 15 
412 in task t-2 on thread 15 
413 in task t-2 on thread 15 
701 in task t-1 on thread 18 
414 in task t-2 on thread 15 
415 in task t-2 on thread 15 
416 in task t-2 on thread 15 
417 in task t-2 on thread 15 
702 in task t-1 on thread 18 
418 in task t-2 on thread 15 
419 in task t-2 on thread 15 
420 in task t-2 on thread 15 
703 in task t-1 on thread 18 
421 in task t-2 on thread 15 
422 in task t-2 on thread 15 
423 in task t-2 on thread 15 
424 in task t-2 on thread 15 
425 in task t-2 on thread 15 
704 in task t-1 on thread 18 
426 in task t-2 on thread 15 
427 in task t-2 on thread 15 
428 in task t-2 on thread 15 
429 in task t-2 on thread 15 
705 in task t-1 on thread 18 
430 in task t-2 on thread 15 
431 in task t-2 on thread 15 
432 in task t-2 on thread 15 
706 in task t-1 on thread 18 
707 in task t-1 on thread 18 
433 in task t-2 on thread 15 
708 in task t-1 on thread 18 
709 in task t-1 on thread 18 
434 in task t-2 on thread 15 
435 in task t-2 on thread 15 
710 in task t-1 on thread 18 
711 in task t-1 on thread 18 
436 in task t-2 on thread 15 
437 in task t-2 on thread 15 
712 in task t-1 on thread 18 
438 in task t-2 on thread 15 
439 in task t-2 on thread 15 
440 in task t-2 on thread 15 
441 in task t-2 on thread 15 
713 in task t-1 on thread 18 
442 in task t-2 on thread 15 
443 in task t-2 on thread 15 
444 in task t-2 on thread 15 
445 in task t-2 on thread 15 
714 in task t-1 on thread 18 
446 in task t-2 on thread 15 
447 in task t-2 on thread 15 
448 in task t-2 on thread 15 
715 in task t-1 on thread 18 
449 in task t-2 on thread 15 
450 in task t-2 on thread 15 
451 in task t-2 on thread 15 
452 in task t-2 on thread 15 
716 in task t-1 on thread 18 
717 in task t-1 on thread 18 
453 in task t-2 on thread 15 
454 in task t-2 on thread 15 
718 in task t-1 on thread 18 
455 in task t-2 on thread 15 
456 in task t-2 on thread 15 
457 in task t-2 on thread 15 
458 in task t-2 on thread 15 
459 in task t-2 on thread 15 
719 in task t-1 on thread 18 
460 in task t-2 on thread 15 
720 in task t-1 on thread 18 
721 in task t-1 on thread 18 
461 in task t-2 on thread 15 
462 in task t-2 on thread 15 
463 in task t-2 on thread 15 
722 in task t-1 on thread 18 
464 in task t-2 on thread 15 
465 in task t-2 on thread 15 
466 in task t-2 on thread 15 
467 in task t-2 on thread 15 
723 in task t-1 on thread 18 
468 in task t-2 on thread 15 
469 in task t-2 on thread 15 
724 in task t-1 on thread 18 
470 in task t-2 on thread 15 
471 in task t-2 on thread 15 
725 in task t-1 on thread 18 
726 in task t-1 on thread 18 
472 in task t-2 on thread 15 
473 in task t-2 on thread 15 
474 in task t-2 on thread 15 
475 in task t-2 on thread 15 
727 in task t-1 on thread 18 
476 in task t-2 on thread 15 
477 in task t-2 on thread 15 
478 in task t-2 on thread 15 
479 in task t-2 on thread 15 
480 in task t-2 on thread 15 
728 in task t-1 on thread 18 
481 in task t-2 on thread 15 
482 in task t-2 on thread 15 
483 in task t-2 on thread 15 
484 in task t-2 on thread 15 
729 in task t-1 on thread 18 
485 in task t-2 on thread 15 
730 in task t-1 on thread 18 
486 in task t-2 on thread 15 
487 in task t-2 on thread 15 
488 in task t-2 on thread 15 
489 in task t-2 on thread 15 
490 in task t-2 on thread 15 
731 in task t-1 on thread 18 
491 in task t-2 on thread 15 
492 in task t-2 on thread 15 
732 in task t-1 on thread 18 
493 in task t-2 on thread 15 
733 in task t-1 on thread 18 
734 in task t-1 on thread 18 
494 in task t-2 on thread 15 
495 in task t-2 on thread 15 
496 in task t-2 on thread 15 
497 in task t-2 on thread 15 
735 in task t-1 on thread 18 
498 in task t-2 on thread 15 
499 in task t-2 on thread 15 
736 in task t-1 on thread 18 
500 in task t-2 on thread 15 
501 in task t-2 on thread 15 
502 in task t-2 on thread 15 
503 in task t-2 on thread 15 
737 in task t-1 on thread 18 
504 in task t-2 on thread 15 
505 in task t-2 on thread 15 
506 in task t-2 on thread 15 
507 in task t-2 on thread 15 
508 in task t-2 on thread 15 
738 in task t-1 on thread 18 
739 in task t-1 on thread 18 
740 in task t-1 on thread 18 
741 in task t-1 on thread 18 
509 in task t-2 on thread 15 
742 in task t-1 on thread 18 
743 in task t-1 on thread 18 
744 in task t-1 on thread 18 
510 in task t-2 on thread 15 
511 in task t-2 on thread 15 
512 in task t-2 on thread 15 
513 in task t-2 on thread 15 
745 in task t-1 on thread 18 
514 in task t-2 on thread 15 
515 in task t-2 on thread 15 
516 in task t-2 on thread 15 
746 in task t-1 on thread 18 
517 in task t-2 on thread 15 
518 in task t-2 on thread 15 
519 in task t-2 on thread 15 
747 in task t-1 on thread 18 
748 in task t-1 on thread 18 
520 in task t-2 on thread 15 
521 in task t-2 on thread 15 
522 in task t-2 on thread 15 
749 in task t-1 on thread 18 
750 in task t-1 on thread 18 
523 in task t-2 on thread 15 
524 in task t-2 on thread 15 
525 in task t-2 on thread 15 
751 in task t-1 on thread 18 
752 in task t-1 on thread 18 
526 in task t-2 on thread 15 
527 in task t-2 on thread 15 
528 in task t-2 on thread 15 
529 in task t-2 on thread 15 
753 in task t-1 on thread 18 
530 in task t-2 on thread 15 
531 in task t-2 on thread 15 
532 in task t-2 on thread 15 
533 in task t-2 on thread 15 
754 in task t-1 on thread 18 
534 in task t-2 on thread 15 
535 in task t-2 on thread 15 
536 in task t-2 on thread 15 
755 in task t-1 on thread 18 
537 in task t-2 on thread 15 
538 in task t-2 on thread 15 
539 in task t-2 on thread 15 
540 in task t-2 on thread 15 
756 in task t-1 on thread 18 
757 in task t-1 on thread 18 
541 in task t-2 on thread 15 
542 in task t-2 on thread 15 
543 in task t-2 on thread 15 
544 in task t-2 on thread 15 
758 in task t-1 on thread 18 
545 in task t-2 on thread 15 
759 in task t-1 on thread 18 
546 in task t-2 on thread 15 
760 in task t-1 on thread 18 
761 in task t-1 on thread 18 
547 in task t-2 on thread 15 
548 in task t-2 on thread 15 
762 in task t-1 on thread 18 
549 in task t-2 on thread 15 
550 in task t-2 on thread 15 
551 in task t-2 on thread 15 
552 in task t-2 on thread 15 
553 in task t-2 on thread 15 
554 in task t-2 on thread 15 
555 in task t-2 on thread 15 
556 in task t-2 on thread 15 
557 in task t-2 on thread 15 
763 in task t-1 on thread 18 
558 in task t-2 on thread 15 
559 in task t-2 on thread 15 
560 in task t-2 on thread 15 
764 in task t-1 on thread 18 
765 in task t-1 on thread 18 
561 in task t-2 on thread 15 
562 in task t-2 on thread 15 
563 in task t-2 on thread 15 
564 in task t-2 on thread 15 
565 in task t-2 on thread 15 
766 in task t-1 on thread 18 
566 in task t-2 on thread 15 
567 in task t-2 on thread 15 
767 in task t-1 on thread 18 
768 in task t-1 on thread 18 
568 in task t-2 on thread 15 
569 in task t-2 on thread 15 
570 in task t-2 on thread 15 
769 in task t-1 on thread 18 
571 in task t-2 on thread 15 
572 in task t-2 on thread 15 
573 in task t-2 on thread 15 
574 in task t-2 on thread 15 
770 in task t-1 on thread 18 
771 in task t-1 on thread 18 
575 in task t-2 on thread 15 
576 in task t-2 on thread 15 
577 in task t-2 on thread 15 
578 in task t-2 on thread 15 
772 in task t-1 on thread 18 
579 in task t-2 on thread 15 
580 in task t-2 on thread 15 
581 in task t-2 on thread 15 
582 in task t-2 on thread 15 
773 in task t-1 on thread 18 
583 in task t-2 on thread 15 
584 in task t-2 on thread 15 
585 in task t-2 on thread 15 
774 in task t-1 on thread 18 
586 in task t-2 on thread 15 
587 in task t-2 on thread 15 
588 in task t-2 on thread 15 
589 in task t-2 on thread 15 
775 in task t-1 on thread 18 
590 in task t-2 on thread 15 
591 in task t-2 on thread 15 
592 in task t-2 on thread 15 
593 in task t-2 on thread 15 
776 in task t-1 on thread 18 
594 in task t-2 on thread 15 
595 in task t-2 on thread 15 
596 in task t-2 on thread 15 
597 in task t-2 on thread 15 
777 in task t-1 on thread 18 
598 in task t-2 on thread 15 
599 in task t-2 on thread 15 
600 in task t-2 on thread 15 
601 in task t-2 on thread 15 
778 in task t-1 on thread 18 
602 in task t-2 on thread 15 
603 in task t-2 on thread 15 
604 in task t-2 on thread 15 
605 in task t-2 on thread 15 
779 in task t-1 on thread 18 
606 in task t-2 on thread 15 
607 in task t-2 on thread 15 
608 in task t-2 on thread 15 
609 in task t-2 on thread 15 
780 in task t-1 on thread 18 
610 in task t-2 on thread 15 
611 in task t-2 on thread 15 
612 in task t-2 on thread 15 
613 in task t-2 on thread 15 
614 in task t-2 on thread 15 
615 in task t-2 on thread 15 
781 in task t-1 on thread 18 
616 in task t-2 on thread 15 
617 in task t-2 on thread 15 
618 in task t-2 on thread 15 
782 in task t-1 on thread 18 
619 in task t-2 on thread 15 
620 in task t-2 on thread 15 
621 in task t-2 on thread 15 
622 in task t-2 on thread 15 
623 in task t-2 on thread 15 
783 in task t-1 on thread 18 
784 in task t-1 on thread 18 
624 in task t-2 on thread 15 
625 in task t-2 on thread 15 
626 in task t-2 on thread 15 
785 in task t-1 on thread 18 
627 in task t-2 on thread 15 
628 in task t-2 on thread 15 
629 in task t-2 on thread 15 
630 in task t-2 on thread 15 
786 in task t-1 on thread 18 
631 in task t-2 on thread 15 
632 in task t-2 on thread 15 
633 in task t-2 on thread 15 
634 in task t-2 on thread 15 
635 in task t-2 on thread 15 
787 in task t-1 on thread 18 
636 in task t-2 on thread 15 
788 in task t-1 on thread 18 
789 in task t-1 on thread 18 
637 in task t-2 on thread 15 
790 in task t-1 on thread 18 
638 in task t-2 on thread 15 
791 in task t-1 on thread 18 
639 in task t-2 on thread 15 
792 in task t-1 on thread 18 
640 in task t-2 on thread 15 
793 in task t-1 on thread 18 
641 in task t-2 on thread 15 
794 in task t-1 on thread 18 
642 in task t-2 on thread 15 
795 in task t-1 on thread 18 
643 in task t-2 on thread 15 
796 in task t-1 on thread 18 
644 in task t-2 on thread 15 
797 in task t-1 on thread 18 
645 in task t-2 on thread 15 
798 in task t-1 on thread 18 
646 in task t-2 on thread 15 
799 in task t-1 on thread 18 
647 in task t-2 on thread 15 
800 in task t-1 on thread 18 
648 in task t-2 on thread 15 
801 in task t-1 on thread 18 
649 in task t-2 on thread 15 
802 in task t-1 on thread 18 
650 in task t-2 on thread 15 
803 in task t-1 on thread 18 
651 in task t-2 on thread 15 
804 in task t-1 on thread 18 
652 in task t-2 on thread 15 
805 in task t-1 on thread 18 
653 in task t-2 on thread 15 
806 in task t-1 on thread 18 
807 in task t-1 on thread 18 
654 in task t-2 on thread 15 
655 in task t-2 on thread 15 
656 in task t-2 on thread 15 
657 in task t-2 on thread 15 
808 in task t-1 on thread 18 
658 in task t-2 on thread 15 
659 in task t-2 on thread 15 
809 in task t-1 on thread 18 
660 in task t-2 on thread 15 
661 in task t-2 on thread 15 
810 in task t-1 on thread 18 
662 in task t-2 on thread 15 
663 in task t-2 on thread 15 
811 in task t-1 on thread 18 
664 in task t-2 on thread 15 
665 in task t-2 on thread 15 
666 in task t-2 on thread 15 
667 in task t-2 on thread 15 
812 in task t-1 on thread 18 
668 in task t-2 on thread 15 
669 in task t-2 on thread 15 
670 in task t-2 on thread 15 
813 in task t-1 on thread 18 
671 in task t-2 on thread 15 
672 in task t-2 on thread 15 
673 in task t-2 on thread 15 
674 in task t-2 on thread 15 
814 in task t-1 on thread 18 
675 in task t-2 on thread 15 
676 in task t-2 on thread 15 
677 in task t-2 on thread 15 
678 in task t-2 on thread 15 
679 in task t-2 on thread 15 
815 in task t-1 on thread 18 
680 in task t-2 on thread 15 
681 in task t-2 on thread 15 
682 in task t-2 on thread 15 
683 in task t-2 on thread 15 
816 in task t-1 on thread 18 
817 in task t-1 on thread 18 
684 in task t-2 on thread 15 
685 in task t-2 on thread 15 
686 in task t-2 on thread 15 
818 in task t-1 on thread 18 
819 in task t-1 on thread 18 
687 in task t-2 on thread 15 
688 in task t-2 on thread 15 
689 in task t-2 on thread 15 
690 in task t-2 on thread 15 
820 in task t-1 on thread 18 
691 in task t-2 on thread 15 
692 in task t-2 on thread 15 
693 in task t-2 on thread 15 
694 in task t-2 on thread 15 
821 in task t-1 on thread 18 
695 in task t-2 on thread 15 
696 in task t-2 on thread 15 
697 in task t-2 on thread 15 
698 in task t-2 on thread 15 
822 in task t-1 on thread 18 
699 in task t-2 on thread 15 
700 in task t-2 on thread 15 
823 in task t-1 on thread 18 
824 in task t-1 on thread 18 
701 in task t-2 on thread 15 
825 in task t-1 on thread 18 
826 in task t-1 on thread 18 
827 in task t-1 on thread 18 
828 in task t-1 on thread 18 
702 in task t-2 on thread 15 
703 in task t-2 on thread 15 
704 in task t-2 on thread 15 
705 in task t-2 on thread 15 
706 in task t-2 on thread 15 
829 in task t-1 on thread 18 
707 in task t-2 on thread 15 
708 in task t-2 on thread 15 
709 in task t-2 on thread 15 
710 in task t-2 on thread 15 
830 in task t-1 on thread 18 
711 in task t-2 on thread 15 
712 in task t-2 on thread 15 
831 in task t-1 on thread 18 
713 in task t-2 on thread 15 
832 in task t-1 on thread 18 
714 in task t-2 on thread 15 
715 in task t-2 on thread 15 
716 in task t-2 on thread 15 
833 in task t-1 on thread 18 
834 in task t-1 on thread 18 
717 in task t-2 on thread 15 
718 in task t-2 on thread 15 
719 in task t-2 on thread 15 
720 in task t-2 on thread 15 
721 in task t-2 on thread 15 
835 in task t-1 on thread 18 
836 in task t-1 on thread 18 
722 in task t-2 on thread 15 
723 in task t-2 on thread 15 
837 in task t-1 on thread 18 
724 in task t-2 on thread 15 
725 in task t-2 on thread 15 
838 in task t-1 on thread 18 
726 in task t-2 on thread 15 
727 in task t-2 on thread 15 
728 in task t-2 on thread 15 
729 in task t-2 on thread 15 
730 in task t-2 on thread 15 
839 in task t-1 on thread 18 
731 in task t-2 on thread 15 
840 in task t-1 on thread 18 
732 in task t-2 on thread 15 
733 in task t-2 on thread 15 
734 in task t-2 on thread 15 
735 in task t-2 on thread 15 
736 in task t-2 on thread 15 
841 in task t-1 on thread 18 
842 in task t-1 on thread 18 
737 in task t-2 on thread 15 
738 in task t-2 on thread 15 
739 in task t-2 on thread 15 
740 in task t-2 on thread 15 
843 in task t-1 on thread 18 
741 in task t-2 on thread 15 
742 in task t-2 on thread 15 
743 in task t-2 on thread 15 
744 in task t-2 on thread 15 
844 in task t-1 on thread 18 
845 in task t-1 on thread 18 
846 in task t-1 on thread 18 
745 in task t-2 on thread 15 
847 in task t-1 on thread 18 
746 in task t-2 on thread 15 
848 in task t-1 on thread 18 
747 in task t-2 on thread 15 
748 in task t-2 on thread 15 
749 in task t-2 on thread 15 
750 in task t-2 on thread 15 
849 in task t-1 on thread 18 
850 in task t-1 on thread 18 
751 in task t-2 on thread 15 
752 in task t-2 on thread 15 
753 in task t-2 on thread 15 
754 in task t-2 on thread 15 
851 in task t-1 on thread 18 
852 in task t-1 on thread 18 
755 in task t-2 on thread 15 
756 in task t-2 on thread 15 
757 in task t-2 on thread 15 
853 in task t-1 on thread 18 
758 in task t-2 on thread 15 
759 in task t-2 on thread 15 
760 in task t-2 on thread 15 
761 in task t-2 on thread 15 
762 in task t-2 on thread 15 
854 in task t-1 on thread 18 
763 in task t-2 on thread 15 
764 in task t-2 on thread 15 
855 in task t-1 on thread 18 
856 in task t-1 on thread 18 
857 in task t-1 on thread 18 
765 in task t-2 on thread 15 
766 in task t-2 on thread 15 
767 in task t-2 on thread 15 
768 in task t-2 on thread 15 
858 in task t-1 on thread 18 
859 in task t-1 on thread 18 
769 in task t-2 on thread 15 
770 in task t-2 on thread 15 
771 in task t-2 on thread 15 
772 in task t-2 on thread 15 
773 in task t-2 on thread 15 
860 in task t-1 on thread 18 
774 in task t-2 on thread 15 
775 in task t-2 on thread 15 
776 in task t-2 on thread 15 
777 in task t-2 on thread 15 
861 in task t-1 on thread 18 
778 in task t-2 on thread 15 
779 in task t-2 on thread 15 
780 in task t-2 on thread 15 
862 in task t-1 on thread 18 
781 in task t-2 on thread 15 
782 in task t-2 on thread 15 
783 in task t-2 on thread 15 
784 in task t-2 on thread 15 
863 in task t-1 on thread 18 
785 in task t-2 on thread 15 
786 in task t-2 on thread 15 
787 in task t-2 on thread 15 
788 in task t-2 on thread 15 
864 in task t-1 on thread 18 
789 in task t-2 on thread 15 
790 in task t-2 on thread 15 
791 in task t-2 on thread 15 
792 in task t-2 on thread 15 
793 in task t-2 on thread 15 
865 in task t-1 on thread 18 
794 in task t-2 on thread 15 
795 in task t-2 on thread 15 
866 in task t-1 on thread 18 
867 in task t-1 on thread 18 
796 in task t-2 on thread 15 
797 in task t-2 on thread 15 
798 in task t-2 on thread 15 
799 in task t-2 on thread 15 
868 in task t-1 on thread 18 
800 in task t-2 on thread 15 
801 in task t-2 on thread 15 
802 in task t-2 on thread 15 
803 in task t-2 on thread 15 
869 in task t-1 on thread 18 
804 in task t-2 on thread 15 
805 in task t-2 on thread 15 
806 in task t-2 on thread 15 
807 in task t-2 on thread 15 
808 in task t-2 on thread 15 
870 in task t-1 on thread 18 
809 in task t-2 on thread 15 
810 in task t-2 on thread 15 
871 in task t-1 on thread 18 
811 in task t-2 on thread 15 
812 in task t-2 on thread 15 
813 in task t-2 on thread 15 
814 in task t-2 on thread 15 
815 in task t-2 on thread 15 
872 in task t-1 on thread 18 
816 in task t-2 on thread 15 
817 in task t-2 on thread 15 
818 in task t-2 on thread 15 
819 in task t-2 on thread 15 
873 in task t-1 on thread 18 
820 in task t-2 on thread 15 
821 in task t-2 on thread 15 
822 in task t-2 on thread 15 
823 in task t-2 on thread 15 
824 in task t-2 on thread 15 
874 in task t-1 on thread 18 
875 in task t-1 on thread 18 
825 in task t-2 on thread 15 
826 in task t-2 on thread 15 
827 in task t-2 on thread 15 
876 in task t-1 on thread 18 
828 in task t-2 on thread 15 
829 in task t-2 on thread 15 
830 in task t-2 on thread 15 
831 in task t-2 on thread 15 
877 in task t-1 on thread 18 
878 in task t-1 on thread 18 
832 in task t-2 on thread 15 
833 in task t-2 on thread 15 
879 in task t-1 on thread 18 
880 in task t-1 on thread 18 
881 in task t-1 on thread 18 
834 in task t-2 on thread 15 
882 in task t-1 on thread 18 
883 in task t-1 on thread 18 
884 in task t-1 on thread 18 
885 in task t-1 on thread 18 
835 in task t-2 on thread 15 
886 in task t-1 on thread 18 
836 in task t-2 on thread 15 
837 in task t-2 on thread 15 
838 in task t-2 on thread 15 
839 in task t-2 on thread 15 
887 in task t-1 on thread 18 
840 in task t-2 on thread 15 
841 in task t-2 on thread 15 
842 in task t-2 on thread 15 
843 in task t-2 on thread 15 
888 in task t-1 on thread 18 
844 in task t-2 on thread 15 
845 in task t-2 on thread 15 
846 in task t-2 on thread 15 
847 in task t-2 on thread 15 
889 in task t-1 on thread 18 
848 in task t-2 on thread 15 
890 in task t-1 on thread 18 
849 in task t-2 on thread 15 
850 in task t-2 on thread 15 
891 in task t-1 on thread 18 
851 in task t-2 on thread 15 
892 in task t-1 on thread 18 
852 in task t-2 on thread 15 
853 in task t-2 on thread 15 
854 in task t-2 on thread 15 
855 in task t-2 on thread 15 
893 in task t-1 on thread 18 
894 in task t-1 on thread 18 
856 in task t-2 on thread 15 
857 in task t-2 on thread 15 
858 in task t-2 on thread 15 
859 in task t-2 on thread 15 
895 in task t-1 on thread 18 
860 in task t-2 on thread 15 
861 in task t-2 on thread 15 
862 in task t-2 on thread 15 
896 in task t-1 on thread 18 
863 in task t-2 on thread 15 
897 in task t-1 on thread 18 
898 in task t-1 on thread 18 
864 in task t-2 on thread 15 
865 in task t-2 on thread 15 
866 in task t-2 on thread 15 
899 in task t-1 on thread 18 
867 in task t-2 on thread 15 
868 in task t-2 on thread 15 
869 in task t-2 on thread 15 
900 in task t-1 on thread 18 
870 in task t-2 on thread 15 
871 in task t-2 on thread 15 
901 in task t-1 on thread 18 
872 in task t-2 on thread 15 
873 in task t-2 on thread 15 
874 in task t-2 on thread 15 
875 in task t-2 on thread 15 
902 in task t-1 on thread 18 
876 in task t-2 on thread 15 
877 in task t-2 on thread 15 
878 in task t-2 on thread 15 
879 in task t-2 on thread 15 
880 in task t-2 on thread 15 
903 in task t-1 on thread 18 
881 in task t-2 on thread 15 
882 in task t-2 on thread 15 
883 in task t-2 on thread 15 
884 in task t-2 on thread 15 
904 in task t-1 on thread 18 
905 in task t-1 on thread 18 
885 in task t-2 on thread 15 
886 in task t-2 on thread 15 
887 in task t-2 on thread 15 
888 in task t-2 on thread 15 
906 in task t-1 on thread 18 
889 in task t-2 on thread 15 
890 in task t-2 on thread 15 
891 in task t-2 on thread 15 
892 in task t-2 on thread 15 
907 in task t-1 on thread 18 
893 in task t-2 on thread 15 
894 in task t-2 on thread 15 
895 in task t-2 on thread 15 
908 in task t-1 on thread 18 
896 in task t-2 on thread 15 
897 in task t-2 on thread 15 
898 in task t-2 on thread 15 
899 in task t-2 on thread 15 
900 in task t-2 on thread 15 
901 in task t-2 on thread 15 
902 in task t-2 on thread 15 
903 in task t-2 on thread 15 
904 in task t-2 on thread 15 
909 in task t-1 on thread 18 
905 in task t-2 on thread 15 
906 in task t-2 on thread 15 
910 in task t-1 on thread 18 
907 in task t-2 on thread 15 
908 in task t-2 on thread 15 
909 in task t-2 on thread 15 
911 in task t-1 on thread 18 
910 in task t-2 on thread 15 
911 in task t-2 on thread 15 
912 in task t-2 on thread 15 
913 in task t-2 on thread 15 
914 in task t-2 on thread 15 
912 in task t-1 on thread 18 
915 in task t-2 on thread 15 
916 in task t-2 on thread 15 
913 in task t-1 on thread 18 
917 in task t-2 on thread 15 
918 in task t-2 on thread 15 
919 in task t-2 on thread 15 
914 in task t-1 on thread 18 
920 in task t-2 on thread 15 
921 in task t-2 on thread 15 
922 in task t-2 on thread 15 
915 in task t-1 on thread 18 
923 in task t-2 on thread 15 
924 in task t-2 on thread 15 
916 in task t-1 on thread 18 
925 in task t-2 on thread 15 
926 in task t-2 on thread 15 
927 in task t-2 on thread 15 
917 in task t-1 on thread 18 
918 in task t-1 on thread 18 
928 in task t-2 on thread 15 
929 in task t-2 on thread 15 
919 in task t-1 on thread 18 
920 in task t-1 on thread 18 
930 in task t-2 on thread 15 
931 in task t-2 on thread 15 
932 in task t-2 on thread 15 
921 in task t-1 on thread 18 
933 in task t-2 on thread 15 
922 in task t-1 on thread 18 
934 in task t-2 on thread 15 
935 in task t-2 on thread 15 
936 in task t-2 on thread 15 
923 in task t-1 on thread 18 
937 in task t-2 on thread 15 
924 in task t-1 on thread 18 
938 in task t-2 on thread 15 
939 in task t-2 on thread 15 
940 in task t-2 on thread 15 
925 in task t-1 on thread 18 
941 in task t-2 on thread 15 
942 in task t-2 on thread 15 
943 in task t-2 on thread 15 
926 in task t-1 on thread 18 
944 in task t-2 on thread 15 
945 in task t-2 on thread 15 
946 in task t-2 on thread 15 
927 in task t-1 on thread 18 
947 in task t-2 on thread 15 
948 in task t-2 on thread 15 
949 in task t-2 on thread 15 
928 in task t-1 on thread 18 
950 in task t-2 on thread 15 
951 in task t-2 on thread 15 
952 in task t-2 on thread 15 
929 in task t-1 on thread 18 
930 in task t-1 on thread 18 
953 in task t-2 on thread 15 
954 in task t-2 on thread 15 
955 in task t-2 on thread 15 
931 in task t-1 on thread 18 
956 in task t-2 on thread 15 
932 in task t-1 on thread 18 
933 in task t-1 on thread 18 
957 in task t-2 on thread 15 
958 in task t-2 on thread 15 
959 in task t-2 on thread 15 
934 in task t-1 on thread 18 
935 in task t-1 on thread 18 
960 in task t-2 on thread 15 
961 in task t-2 on thread 15 
936 in task t-1 on thread 18 
962 in task t-2 on thread 15 
963 in task t-2 on thread 15 
964 in task t-2 on thread 15 
937 in task t-1 on thread 18 
938 in task t-1 on thread 18 
965 in task t-2 on thread 15 
966 in task t-2 on thread 15 
967 in task t-2 on thread 15 
939 in task t-1 on thread 18 
968 in task t-2 on thread 15 
969 in task t-2 on thread 15 
970 in task t-2 on thread 15 
940 in task t-1 on thread 18 
941 in task t-1 on thread 18 
971 in task t-2 on thread 15 
942 in task t-1 on thread 18 
972 in task t-2 on thread 15 
973 in task t-2 on thread 15 
943 in task t-1 on thread 18 
974 in task t-2 on thread 15 
975 in task t-2 on thread 15 
976 in task t-2 on thread 15 
977 in task t-2 on thread 15 
944 in task t-1 on thread 18 
978 in task t-2 on thread 15 
979 in task t-2 on thread 15 
980 in task t-2 on thread 15 
945 in task t-1 on thread 18 
946 in task t-1 on thread 18 
981 in task t-2 on thread 15 
982 in task t-2 on thread 15 
947 in task t-1 on thread 18 
983 in task t-2 on thread 15 
984 in task t-2 on thread 15 
985 in task t-2 on thread 15 
948 in task t-1 on thread 18 
986 in task t-2 on thread 15 
987 in task t-2 on thread 15 
988 in task t-2 on thread 15 
949 in task t-1 on thread 18 
950 in task t-1 on thread 18 
951 in task t-1 on thread 18 
989 in task t-2 on thread 15 
990 in task t-2 on thread 15 
952 in task t-1 on thread 18 
953 in task t-1 on thread 18 
991 in task t-2 on thread 15 
992 in task t-2 on thread 15 
954 in task t-1 on thread 18 
955 in task t-1 on thread 18 
956 in task t-1 on thread 18 
993 in task t-2 on thread 15 
994 in task t-2 on thread 15 
957 in task t-1 on thread 18 
995 in task t-2 on thread 15 
958 in task t-1 on thread 18 
996 in task t-2 on thread 15 
997 in task t-2 on thread 15 
998 in task t-2 on thread 15 
959 in task t-1 on thread 18 
999 in task t-2 on thread 15 
0 in task t-3 on thread 15 
1 in task t-3 on thread 15 
960 in task t-1 on thread 18 
2 in task t-3 on thread 15 
3 in task t-3 on thread 15 
4 in task t-3 on thread 15 
5 in task t-3 on thread 15 
961 in task t-1 on thread 18 
6 in task t-3 on thread 15 
7 in task t-3 on thread 15 
8 in task t-3 on thread 15 
9 in task t-3 on thread 15 
962 in task t-1 on thread 18 
10 in task t-3 on thread 15 
963 in task t-1 on thread 18 
11 in task t-3 on thread 15 
964 in task t-1 on thread 18 
12 in task t-3 on thread 15 
965 in task t-1 on thread 18 
13 in task t-3 on thread 15 
966 in task t-1 on thread 18 
14 in task t-3 on thread 15 
967 in task t-1 on thread 18 
968 in task t-1 on thread 18 
15 in task t-3 on thread 15 
969 in task t-1 on thread 18 
16 in task t-3 on thread 15 
970 in task t-1 on thread 18 
17 in task t-3 on thread 15 
971 in task t-1 on thread 18 
18 in task t-3 on thread 15 
972 in task t-1 on thread 18 
19 in task t-3 on thread 15 
973 in task t-1 on thread 18 
20 in task t-3 on thread 15 
974 in task t-1 on thread 18 
21 in task t-3 on thread 15 
975 in task t-1 on thread 18 
976 in task t-1 on thread 18 
22 in task t-3 on thread 15 
977 in task t-1 on thread 18 
23 in task t-3 on thread 15 
978 in task t-1 on thread 18 
24 in task t-3 on thread 15 
979 in task t-1 on thread 18 
25 in task t-3 on thread 15 
980 in task t-1 on thread 18 
26 in task t-3 on thread 15 
981 in task t-1 on thread 18 
982 in task t-1 on thread 18 
27 in task t-3 on thread 15 
983 in task t-1 on thread 18 
28 in task t-3 on thread 15 
29 in task t-3 on thread 15 
30 in task t-3 on thread 15 
984 in task t-1 on thread 18 
31 in task t-3 on thread 15 
985 in task t-1 on thread 18 
32 in task t-3 on thread 15 
33 in task t-3 on thread 15 
34 in task t-3 on thread 15 
986 in task t-1 on thread 18 
35 in task t-3 on thread 15 
36 in task t-3 on thread 15 
987 in task t-1 on thread 18 
37 in task t-3 on thread 15 
38 in task t-3 on thread 15 
39 in task t-3 on thread 15 
988 in task t-1 on thread 18 
40 in task t-3 on thread 15 
41 in task t-3 on thread 15 
42 in task t-3 on thread 15 
43 in task t-3 on thread 15 
989 in task t-1 on thread 18 
44 in task t-3 on thread 15 
45 in task t-3 on thread 15 
46 in task t-3 on thread 15 
990 in task t-1 on thread 18 
47 in task t-3 on thread 15 
48 in task t-3 on thread 15 
991 in task t-1 on thread 18 
49 in task t-3 on thread 15 
992 in task t-1 on thread 18 
50 in task t-3 on thread 15 
51 in task t-3 on thread 15 
993 in task t-1 on thread 18 
52 in task t-3 on thread 15 
53 in task t-3 on thread 15 
54 in task t-3 on thread 15 
994 in task t-1 on thread 18 
55 in task t-3 on thread 15 
56 in task t-3 on thread 15 
995 in task t-1 on thread 18 
57 in task t-3 on thread 15 
58 in task t-3 on thread 15 
996 in task t-1 on thread 18 
997 in task t-1 on thread 18 
59 in task t-3 on thread 15 
60 in task t-3 on thread 15 
61 in task t-3 on thread 15 
998 in task t-1 on thread 18 
62 in task t-3 on thread 15 
63 in task t-3 on thread 15 
64 in task t-3 on thread 15 
999 in task t-1 on thread 18 
65 in task t-3 on thread 15 
66 in task t-3 on thread 15 
67 in task t-3 on thread 15 
0 in task t-4 on thread 18 
68 in task t-3 on thread 15 
69 in task t-3 on thread 15 
70 in task t-3 on thread 15 
1 in task t-4 on thread 18 
71 in task t-3 on thread 15 
72 in task t-3 on thread 15 
73 in task t-3 on thread 15 
74 in task t-3 on thread 15 
75 in task t-3 on thread 15 
2 in task t-4 on thread 18 
76 in task t-3 on thread 15 
77 in task t-3 on thread 15 
78 in task t-3 on thread 15 
79 in task t-3 on thread 15 
3 in task t-4 on thread 18 
80 in task t-3 on thread 15 
81 in task t-3 on thread 15 
82 in task t-3 on thread 15 
4 in task t-4 on thread 18 
83 in task t-3 on thread 15 
5 in task t-4 on thread 18 
6 in task t-4 on thread 18 
84 in task t-3 on thread 15 
85 in task t-3 on thread 15 
7 in task t-4 on thread 18 
86 in task t-3 on thread 15 
8 in task t-4 on thread 18 
87 in task t-3 on thread 15 
88 in task t-3 on thread 15 
89 in task t-3 on thread 15 
9 in task t-4 on thread 18 
90 in task t-3 on thread 15 
10 in task t-4 on thread 18 
11 in task t-4 on thread 18 
91 in task t-3 on thread 15 
92 in task t-3 on thread 15 
93 in task t-3 on thread 15 
12 in task t-4 on thread 18 
94 in task t-3 on thread 15 
95 in task t-3 on thread 15 
96 in task t-3 on thread 15 
13 in task t-4 on thread 18 
97 in task t-3 on thread 15 
98 in task t-3 on thread 15 
99 in task t-3 on thread 15 
14 in task t-4 on thread 18 
100 in task t-3 on thread 15 
101 in task t-3 on thread 15 
15 in task t-4 on thread 18 
16 in task t-4 on thread 18 
17 in task t-4 on thread 18 
102 in task t-3 on thread 15 
18 in task t-4 on thread 18 
103 in task t-3 on thread 15 
19 in task t-4 on thread 18 
104 in task t-3 on thread 15 
105 in task t-3 on thread 15 
106 in task t-3 on thread 15 
20 in task t-4 on thread 18 
107 in task t-3 on thread 15 
108 in task t-3 on thread 15 
109 in task t-3 on thread 15 
21 in task t-4 on thread 18 
110 in task t-3 on thread 15 
111 in task t-3 on thread 15 
22 in task t-4 on thread 18 
112 in task t-3 on thread 15 
23 in task t-4 on thread 18 
113 in task t-3 on thread 15 
114 in task t-3 on thread 15 
115 in task t-3 on thread 15 
24 in task t-4 on thread 18 
25 in task t-4 on thread 18 
116 in task t-3 on thread 15 
117 in task t-3 on thread 15 
26 in task t-4 on thread 18 
118 in task t-3 on thread 15 
119 in task t-3 on thread 15 
120 in task t-3 on thread 15 
27 in task t-4 on thread 18 
121 in task t-3 on thread 15 
122 in task t-3 on thread 15 
123 in task t-3 on thread 15 
28 in task t-4 on thread 18 
124 in task t-3 on thread 15 
29 in task t-4 on thread 18 
125 in task t-3 on thread 15 
126 in task t-3 on thread 15 
127 in task t-3 on thread 15 
30 in task t-4 on thread 18 
128 in task t-3 on thread 15 
129 in task t-3 on thread 15 
31 in task t-4 on thread 18 
32 in task t-4 on thread 18 
130 in task t-3 on thread 15 
131 in task t-3 on thread 15 
132 in task t-3 on thread 15 
33 in task t-4 on thread 18 
133 in task t-3 on thread 15 
134 in task t-3 on thread 15 
135 in task t-3 on thread 15 
34 in task t-4 on thread 18 
35 in task t-4 on thread 18 
136 in task t-3 on thread 15 
137 in task t-3 on thread 15 
138 in task t-3 on thread 15 
36 in task t-4 on thread 18 
37 in task t-4 on thread 18 
38 in task t-4 on thread 18 
39 in task t-4 on thread 18 
139 in task t-3 on thread 15 
40 in task t-4 on thread 18 
41 in task t-4 on thread 18 
140 in task t-3 on thread 15 
141 in task t-3 on thread 15 
142 in task t-3 on thread 15 
143 in task t-3 on thread 15 
42 in task t-4 on thread 18 
144 in task t-3 on thread 15 
145 in task t-3 on thread 15 
146 in task t-3 on thread 15 
147 in task t-3 on thread 15 
43 in task t-4 on thread 18 
148 in task t-3 on thread 15 
149 in task t-3 on thread 15 
150 in task t-3 on thread 15 
151 in task t-3 on thread 15 
152 in task t-3 on thread 15 
44 in task t-4 on thread 18 
153 in task t-3 on thread 15 
154 in task t-3 on thread 15 
155 in task t-3 on thread 15 
156 in task t-3 on thread 15 
45 in task t-4 on thread 18 
157 in task t-3 on thread 15 
158 in task t-3 on thread 15 
159 in task t-3 on thread 15 
46 in task t-4 on thread 18 
160 in task t-3 on thread 15 
161 in task t-3 on thread 15 
162 in task t-3 on thread 15 
163 in task t-3 on thread 15 
47 in task t-4 on thread 18 
164 in task t-3 on thread 15 
165 in task t-3 on thread 15 
166 in task t-3 on thread 15 
48 in task t-4 on thread 18 
167 in task t-3 on thread 15 
49 in task t-4 on thread 18 
168 in task t-3 on thread 15 
169 in task t-3 on thread 15 
170 in task t-3 on thread 15 
171 in task t-3 on thread 15 
50 in task t-4 on thread 18 
51 in task t-4 on thread 18 
172 in task t-3 on thread 15 
173 in task t-3 on thread 15 
174 in task t-3 on thread 15 
175 in task t-3 on thread 15 
52 in task t-4 on thread 18 
176 in task t-3 on thread 15 
177 in task t-3 on thread 15 
178 in task t-3 on thread 15 
53 in task t-4 on thread 18 
179 in task t-3 on thread 15 
54 in task t-4 on thread 18 
180 in task t-3 on thread 15 
181 in task t-3 on thread 15 
182 in task t-3 on thread 15 
55 in task t-4 on thread 18 
183 in task t-3 on thread 15 
184 in task t-3 on thread 15 
56 in task t-4 on thread 18 
57 in task t-4 on thread 18 
185 in task t-3 on thread 15 
186 in task t-3 on thread 15 
187 in task t-3 on thread 15 
188 in task t-3 on thread 15 
58 in task t-4 on thread 18 
189 in task t-3 on thread 15 
59 in task t-4 on thread 18 
60 in task t-4 on thread 18 
190 in task t-3 on thread 15 
191 in task t-3 on thread 15 
192 in task t-3 on thread 15 
61 in task t-4 on thread 18 
193 in task t-3 on thread 15 
194 in task t-3 on thread 15 
62 in task t-4 on thread 18 
63 in task t-4 on thread 18 
195 in task t-3 on thread 15 
196 in task t-3 on thread 15 
197 in task t-3 on thread 15 
198 in task t-3 on thread 15 
64 in task t-4 on thread 18 
199 in task t-3 on thread 15 
200 in task t-3 on thread 15 
201 in task t-3 on thread 15 
65 in task t-4 on thread 18 
202 in task t-3 on thread 15 
203 in task t-3 on thread 15 
204 in task t-3 on thread 15 
66 in task t-4 on thread 18 
67 in task t-4 on thread 18 
205 in task t-3 on thread 15 
206 in task t-3 on thread 15 
207 in task t-3 on thread 15 
68 in task t-4 on thread 18 
208 in task t-3 on thread 15 
209 in task t-3 on thread 15 
210 in task t-3 on thread 15 
69 in task t-4 on thread 18 
211 in task t-3 on thread 15 
212 in task t-3 on thread 15 
213 in task t-3 on thread 15 
70 in task t-4 on thread 18 
214 in task t-3 on thread 15 
71 in task t-4 on thread 18 
215 in task t-3 on thread 15 
216 in task t-3 on thread 15 
217 in task t-3 on thread 15 
72 in task t-4 on thread 18 
218 in task t-3 on thread 15 
219 in task t-3 on thread 15 
220 in task t-3 on thread 15 
73 in task t-4 on thread 18 
221 in task t-3 on thread 15 
222 in task t-3 on thread 15 
223 in task t-3 on thread 15 
224 in task t-3 on thread 15 
74 in task t-4 on thread 18 
75 in task t-4 on thread 18 
225 in task t-3 on thread 15 
226 in task t-3 on thread 15 
227 in task t-3 on thread 15 
228 in task t-3 on thread 15 
76 in task t-4 on thread 18 
229 in task t-3 on thread 15 
230 in task t-3 on thread 15 
77 in task t-4 on thread 18 
231 in task t-3 on thread 15 
232 in task t-3 on thread 15 
233 in task t-3 on thread 15 
78 in task t-4 on thread 18 
234 in task t-3 on thread 15 
79 in task t-4 on thread 18 
80 in task t-4 on thread 18 
235 in task t-3 on thread 15 
236 in task t-3 on thread 15 
237 in task t-3 on thread 15 
238 in task t-3 on thread 15 
81 in task t-4 on thread 18 
82 in task t-4 on thread 18 
239 in task t-3 on thread 15 
240 in task t-3 on thread 15 
241 in task t-3 on thread 15 
242 in task t-3 on thread 15 
83 in task t-4 on thread 18 
243 in task t-3 on thread 15 
244 in task t-3 on thread 15 
245 in task t-3 on thread 15 
246 in task t-3 on thread 15 
84 in task t-4 on thread 18 
247 in task t-3 on thread 15 
248 in task t-3 on thread 15 
249 in task t-3 on thread 15 
85 in task t-4 on thread 18 
250 in task t-3 on thread 15 
251 in task t-3 on thread 15 
252 in task t-3 on thread 15 
86 in task t-4 on thread 18 
87 in task t-4 on thread 18 
253 in task t-3 on thread 15 
254 in task t-3 on thread 15 
255 in task t-3 on thread 15 
88 in task t-4 on thread 18 
256 in task t-3 on thread 15 
257 in task t-3 on thread 15 
258 in task t-3 on thread 15 
259 in task t-3 on thread 15 
89 in task t-4 on thread 18 
260 in task t-3 on thread 15 
261 in task t-3 on thread 15 
262 in task t-3 on thread 15 
90 in task t-4 on thread 18 
91 in task t-4 on thread 18 
263 in task t-3 on thread 15 
92 in task t-4 on thread 18 
264 in task t-3 on thread 15 
265 in task t-3 on thread 15 
266 in task t-3 on thread 15 
93 in task t-4 on thread 18 
267 in task t-3 on thread 15 
268 in task t-3 on thread 15 
269 in task t-3 on thread 15 
270 in task t-3 on thread 15 
271 in task t-3 on thread 15 
94 in task t-4 on thread 18 
272 in task t-3 on thread 15 
273 in task t-3 on thread 15 
274 in task t-3 on thread 15 
275 in task t-3 on thread 15 
95 in task t-4 on thread 18 
276 in task t-3 on thread 15 
277 in task t-3 on thread 15 
278 in task t-3 on thread 15 
96 in task t-4 on thread 18 
279 in task t-3 on thread 15 
280 in task t-3 on thread 15 
281 in task t-3 on thread 15 
282 in task t-3 on thread 15 
97 in task t-4 on thread 18 
283 in task t-3 on thread 15 
284 in task t-3 on thread 15 
285 in task t-3 on thread 15 
286 in task t-3 on thread 15 
98 in task t-4 on thread 18 
287 in task t-3 on thread 15 
288 in task t-3 on thread 15 
289 in task t-3 on thread 15 
290 in task t-3 on thread 15 
99 in task t-4 on thread 18 
291 in task t-3 on thread 15 
100 in task t-4 on thread 18 
292 in task t-3 on thread 15 
293 in task t-3 on thread 15 
294 in task t-3 on thread 15 
295 in task t-3 on thread 15 
101 in task t-4 on thread 18 
296 in task t-3 on thread 15 
102 in task t-4 on thread 18 
297 in task t-3 on thread 15 
298 in task t-3 on thread 15 
299 in task t-3 on thread 15 
103 in task t-4 on thread 18 
300 in task t-3 on thread 15 
301 in task t-3 on thread 15 
302 in task t-3 on thread 15 
303 in task t-3 on thread 15 
104 in task t-4 on thread 18 
304 in task t-3 on thread 15 
305 in task t-3 on thread 15 
306 in task t-3 on thread 15 
105 in task t-4 on thread 18 
106 in task t-4 on thread 18 
307 in task t-3 on thread 15 
308 in task t-3 on thread 15 
309 in task t-3 on thread 15 
107 in task t-4 on thread 18 
310 in task t-3 on thread 15 
311 in task t-3 on thread 15 
108 in task t-4 on thread 18 
312 in task t-3 on thread 15 
313 in task t-3 on thread 15 
314 in task t-3 on thread 15 
109 in task t-4 on thread 18 
315 in task t-3 on thread 15 
316 in task t-3 on thread 15 
317 in task t-3 on thread 15 
110 in task t-4 on thread 18 
111 in task t-4 on thread 18 
318 in task t-3 on thread 15 
319 in task t-3 on thread 15 
112 in task t-4 on thread 18 
113 in task t-4 on thread 18 
320 in task t-3 on thread 15 
321 in task t-3 on thread 15 
322 in task t-3 on thread 15 
323 in task t-3 on thread 15 
114 in task t-4 on thread 18 
324 in task t-3 on thread 15 
115 in task t-4 on thread 18 
325 in task t-3 on thread 15 
116 in task t-4 on thread 18 
326 in task t-3 on thread 15 
117 in task t-4 on thread 18 
327 in task t-3 on thread 15 
118 in task t-4 on thread 18 
328 in task t-3 on thread 15 
119 in task t-4 on thread 18 
329 in task t-3 on thread 15 
120 in task t-4 on thread 18 
330 in task t-3 on thread 15 
121 in task t-4 on thread 18 
331 in task t-3 on thread 15 
122 in task t-4 on thread 18 
332 in task t-3 on thread 15 
123 in task t-4 on thread 18 
333 in task t-3 on thread 15 
124 in task t-4 on thread 18 
334 in task t-3 on thread 15 
125 in task t-4 on thread 18 
335 in task t-3 on thread 15 
336 in task t-3 on thread 15 
337 in task t-3 on thread 15 
126 in task t-4 on thread 18 
338 in task t-3 on thread 15 
127 in task t-4 on thread 18 
339 in task t-3 on thread 15 
340 in task t-3 on thread 15 
128 in task t-4 on thread 18 
129 in task t-4 on thread 18 
341 in task t-3 on thread 15 
130 in task t-4 on thread 18 
342 in task t-3 on thread 15 
343 in task t-3 on thread 15 
344 in task t-3 on thread 15 
131 in task t-4 on thread 18 
132 in task t-4 on thread 18 
345 in task t-3 on thread 15 
346 in task t-3 on thread 15 
347 in task t-3 on thread 15 
348 in task t-3 on thread 15 
133 in task t-4 on thread 18 
349 in task t-3 on thread 15 
350 in task t-3 on thread 15 
351 in task t-3 on thread 15 
352 in task t-3 on thread 15 
134 in task t-4 on thread 18 
135 in task t-4 on thread 18 
353 in task t-3 on thread 15 
354 in task t-3 on thread 15 
355 in task t-3 on thread 15 
356 in task t-3 on thread 15 
136 in task t-4 on thread 18 
357 in task t-3 on thread 15 
358 in task t-3 on thread 15 
359 in task t-3 on thread 15 
360 in task t-3 on thread 15 
361 in task t-3 on thread 15 
137 in task t-4 on thread 18 
362 in task t-3 on thread 15 
138 in task t-4 on thread 18 
139 in task t-4 on thread 18 
363 in task t-3 on thread 15 
364 in task t-3 on thread 15 
365 in task t-3 on thread 15 
140 in task t-4 on thread 18 
366 in task t-3 on thread 15 
367 in task t-3 on thread 15 
368 in task t-3 on thread 15 
369 in task t-3 on thread 15 
141 in task t-4 on thread 18 
370 in task t-3 on thread 15 
371 in task t-3 on thread 15 
372 in task t-3 on thread 15 
373 in task t-3 on thread 15 
142 in task t-4 on thread 18 
374 in task t-3 on thread 15 
375 in task t-3 on thread 15 
376 in task t-3 on thread 15 
143 in task t-4 on thread 18 
377 in task t-3 on thread 15 
378 in task t-3 on thread 15 
379 in task t-3 on thread 15 
144 in task t-4 on thread 18 
380 in task t-3 on thread 15 
381 in task t-3 on thread 15 
382 in task t-3 on thread 15 
145 in task t-4 on thread 18 
383 in task t-3 on thread 15 
384 in task t-3 on thread 15 
385 in task t-3 on thread 15 
386 in task t-3 on thread 15 
146 in task t-4 on thread 18 
387 in task t-3 on thread 15 
147 in task t-4 on thread 18 
148 in task t-4 on thread 18 
388 in task t-3 on thread 15 
389 in task t-3 on thread 15 
149 in task t-4 on thread 18 
390 in task t-3 on thread 15 
391 in task t-3 on thread 15 
392 in task t-3 on thread 15 
150 in task t-4 on thread 18 
151 in task t-4 on thread 18 
393 in task t-3 on thread 15 
394 in task t-3 on thread 15 
152 in task t-4 on thread 18 
395 in task t-3 on thread 15 
396 in task t-3 on thread 15 
397 in task t-3 on thread 15 
153 in task t-4 on thread 18 
398 in task t-3 on thread 15 
154 in task t-4 on thread 18 
155 in task t-4 on thread 18 
399 in task t-3 on thread 15 
400 in task t-3 on thread 15 
401 in task t-3 on thread 15 
156 in task t-4 on thread 18 
402 in task t-3 on thread 15 
403 in task t-3 on thread 15 
404 in task t-3 on thread 15 
405 in task t-3 on thread 15 
157 in task t-4 on thread 18 
406 in task t-3 on thread 15 
407 in task t-3 on thread 15 
158 in task t-4 on thread 18 
159 in task t-4 on thread 18 
408 in task t-3 on thread 15 
409 in task t-3 on thread 15 
410 in task t-3 on thread 15 
160 in task t-4 on thread 18 
411 in task t-3 on thread 15 
412 in task t-3 on thread 15 
413 in task t-3 on thread 15 
161 in task t-4 on thread 18 
414 in task t-3 on thread 15 
415 in task t-3 on thread 15 
416 in task t-3 on thread 15 
417 in task t-3 on thread 15 
162 in task t-4 on thread 18 
418 in task t-3 on thread 15 
419 in task t-3 on thread 15 
420 in task t-3 on thread 15 
421 in task t-3 on thread 15 
163 in task t-4 on thread 18 
164 in task t-4 on thread 18 
422 in task t-3 on thread 15 
423 in task t-3 on thread 15 
424 in task t-3 on thread 15 
165 in task t-4 on thread 18 
425 in task t-3 on thread 15 
426 in task t-3 on thread 15 
427 in task t-3 on thread 15 
166 in task t-4 on thread 18 
428 in task t-3 on thread 15 
167 in task t-4 on thread 18 
168 in task t-4 on thread 18 
169 in task t-4 on thread 18 
429 in task t-3 on thread 15 
430 in task t-3 on thread 15 
170 in task t-4 on thread 18 
431 in task t-3 on thread 15 
432 in task t-3 on thread 15 
171 in task t-4 on thread 18 
433 in task t-3 on thread 15 
172 in task t-4 on thread 18 
173 in task t-4 on thread 18 
434 in task t-3 on thread 15 
435 in task t-3 on thread 15 
174 in task t-4 on thread 18 
436 in task t-3 on thread 15 
437 in task t-3 on thread 15 
438 in task t-3 on thread 15 
439 in task t-3 on thread 15 
175 in task t-4 on thread 18 
440 in task t-3 on thread 15 
441 in task t-3 on thread 15 
442 in task t-3 on thread 15 
176 in task t-4 on thread 18 
443 in task t-3 on thread 15 
444 in task t-3 on thread 15 
445 in task t-3 on thread 15 
177 in task t-4 on thread 18 
446 in task t-3 on thread 15 
447 in task t-3 on thread 15 
448 in task t-3 on thread 15 
178 in task t-4 on thread 18 
449 in task t-3 on thread 15 
450 in task t-3 on thread 15 
451 in task t-3 on thread 15 
179 in task t-4 on thread 18 
452 in task t-3 on thread 15 
453 in task t-3 on thread 15 
454 in task t-3 on thread 15 
455 in task t-3 on thread 15 
456 in task t-3 on thread 15 
180 in task t-4 on thread 18 
457 in task t-3 on thread 15 
458 in task t-3 on thread 15 
181 in task t-4 on thread 18 
459 in task t-3 on thread 15 
460 in task t-3 on thread 15 
461 in task t-3 on thread 15 
462 in task t-3 on thread 15 
463 in task t-3 on thread 15 
182 in task t-4 on thread 18 
464 in task t-3 on thread 15 
465 in task t-3 on thread 15 
466 in task t-3 on thread 15 
467 in task t-3 on thread 15 
183 in task t-4 on thread 18 
184 in task t-4 on thread 18 
468 in task t-3 on thread 15 
469 in task t-3 on thread 15 
470 in task t-3 on thread 15 
185 in task t-4 on thread 18 
186 in task t-4 on thread 18 
471 in task t-3 on thread 15 
472 in task t-3 on thread 15 
187 in task t-4 on thread 18 
188 in task t-4 on thread 18 
473 in task t-3 on thread 15 
474 in task t-3 on thread 15 
475 in task t-3 on thread 15 
476 in task t-3 on thread 15 
189 in task t-4 on thread 18 
477 in task t-3 on thread 15 
478 in task t-3 on thread 15 
479 in task t-3 on thread 15 
480 in task t-3 on thread 15 
190 in task t-4 on thread 18 
481 in task t-3 on thread 15 
482 in task t-3 on thread 15 
483 in task t-3 on thread 15 
191 in task t-4 on thread 18 
484 in task t-3 on thread 15 
485 in task t-3 on thread 15 
486 in task t-3 on thread 15 
192 in task t-4 on thread 18 
487 in task t-3 on thread 15 
488 in task t-3 on thread 15 
489 in task t-3 on thread 15 
193 in task t-4 on thread 18 
194 in task t-4 on thread 18 
195 in task t-4 on thread 18 
490 in task t-3 on thread 15 
196 in task t-4 on thread 18 
197 in task t-4 on thread 18 
491 in task t-3 on thread 15 
492 in task t-3 on thread 15 
198 in task t-4 on thread 18 
493 in task t-3 on thread 15 
494 in task t-3 on thread 15 
495 in task t-3 on thread 15 
496 in task t-3 on thread 15 
199 in task t-4 on thread 18 
497 in task t-3 on thread 15 
498 in task t-3 on thread 15 
499 in task t-3 on thread 15 
500 in task t-3 on thread 15 
200 in task t-4 on thread 18 
501 in task t-3 on thread 15 
502 in task t-3 on thread 15 
503 in task t-3 on thread 15 
201 in task t-4 on thread 18 
504 in task t-3 on thread 15 
505 in task t-3 on thread 15 
506 in task t-3 on thread 15 
507 in task t-3 on thread 15 
202 in task t-4 on thread 18 
203 in task t-4 on thread 18 
508 in task t-3 on thread 15 
509 in task t-3 on thread 15 
510 in task t-3 on thread 15 
511 in task t-3 on thread 15 
204 in task t-4 on thread 18 
512 in task t-3 on thread 15 
513 in task t-3 on thread 15 
205 in task t-4 on thread 18 
206 in task t-4 on thread 18 
514 in task t-3 on thread 15 
515 in task t-3 on thread 15 
516 in task t-3 on thread 15 
207 in task t-4 on thread 18 
517 in task t-3 on thread 15 
518 in task t-3 on thread 15 
519 in task t-3 on thread 15 
520 in task t-3 on thread 15 
208 in task t-4 on thread 18 
209 in task t-4 on thread 18 
521 in task t-3 on thread 15 
522 in task t-3 on thread 15 
523 in task t-3 on thread 15 
210 in task t-4 on thread 18 
524 in task t-3 on thread 15 
525 in task t-3 on thread 15 
526 in task t-3 on thread 15 
211 in task t-4 on thread 18 
527 in task t-3 on thread 15 
528 in task t-3 on thread 15 
529 in task t-3 on thread 15 
212 in task t-4 on thread 18 
530 in task t-3 on thread 15 
531 in task t-3 on thread 15 
213 in task t-4 on thread 18 
532 in task t-3 on thread 15 
533 in task t-3 on thread 15 
534 in task t-3 on thread 15 
535 in task t-3 on thread 15 
214 in task t-4 on thread 18 
215 in task t-4 on thread 18 
536 in task t-3 on thread 15 
537 in task t-3 on thread 15 
216 in task t-4 on thread 18 
217 in task t-4 on thread 18 
538 in task t-3 on thread 15 
539 in task t-3 on thread 15 
540 in task t-3 on thread 15 
218 in task t-4 on thread 18 
541 in task t-3 on thread 15 
542 in task t-3 on thread 15 
543 in task t-3 on thread 15 
219 in task t-4 on thread 18 
544 in task t-3 on thread 15 
545 in task t-3 on thread 15 
220 in task t-4 on thread 18 
221 in task t-4 on thread 18 
546 in task t-3 on thread 15 
547 in task t-3 on thread 15 
222 in task t-4 on thread 18 
223 in task t-4 on thread 18 
548 in task t-3 on thread 15 
549 in task t-3 on thread 15 
550 in task t-3 on thread 15 
224 in task t-4 on thread 18 
225 in task t-4 on thread 18 
551 in task t-3 on thread 15 
552 in task t-3 on thread 15 
553 in task t-3 on thread 15 
226 in task t-4 on thread 18 
554 in task t-3 on thread 15 
555 in task t-3 on thread 15 
556 in task t-3 on thread 15 
227 in task t-4 on thread 18 
557 in task t-3 on thread 15 
558 in task t-3 on thread 15 
559 in task t-3 on thread 15 
228 in task t-4 on thread 18 
560 in task t-3 on thread 15 
561 in task t-3 on thread 15 
562 in task t-3 on thread 15 
229 in task t-4 on thread 18 
563 in task t-3 on thread 15 
564 in task t-3 on thread 15 
565 in task t-3 on thread 15 
566 in task t-3 on thread 15 
230 in task t-4 on thread 18 
567 in task t-3 on thread 15 
568 in task t-3 on thread 15 
569 in task t-3 on thread 15 
570 in task t-3 on thread 15 
231 in task t-4 on thread 18 
571 in task t-3 on thread 15 
572 in task t-3 on thread 15 
573 in task t-3 on thread 15 
574 in task t-3 on thread 15 
575 in task t-3 on thread 15 
232 in task t-4 on thread 18 
576 in task t-3 on thread 15 
577 in task t-3 on thread 15 
578 in task t-3 on thread 15 
579 in task t-3 on thread 15 
233 in task t-4 on thread 18 
580 in task t-3 on thread 15 
234 in task t-4 on thread 18 
581 in task t-3 on thread 15 
582 in task t-3 on thread 15 
583 in task t-3 on thread 15 
235 in task t-4 on thread 18 
584 in task t-3 on thread 15 
585 in task t-3 on thread 15 
586 in task t-3 on thread 15 
587 in task t-3 on thread 15 
236 in task t-4 on thread 18 
588 in task t-3 on thread 15 
589 in task t-3 on thread 15 
590 in task t-3 on thread 15 
591 in task t-3 on thread 15 
237 in task t-4 on thread 18 
592 in task t-3 on thread 15 
593 in task t-3 on thread 15 
594 in task t-3 on thread 15 
595 in task t-3 on thread 15 
238 in task t-4 on thread 18 
596 in task t-3 on thread 15 
597 in task t-3 on thread 15 
598 in task t-3 on thread 15 
599 in task t-3 on thread 15 
239 in task t-4 on thread 18 
600 in task t-3 on thread 15 
601 in task t-3 on thread 15 
602 in task t-3 on thread 15 
603 in task t-3 on thread 15 
240 in task t-4 on thread 18 
604 in task t-3 on thread 15 
605 in task t-3 on thread 15 
606 in task t-3 on thread 15 
241 in task t-4 on thread 18 
242 in task t-4 on thread 18 
243 in task t-4 on thread 18 
607 in task t-3 on thread 15 
608 in task t-3 on thread 15 
609 in task t-3 on thread 15 
610 in task t-3 on thread 15 
611 in task t-3 on thread 15 
244 in task t-4 on thread 18 
612 in task t-3 on thread 15 
245 in task t-4 on thread 18 
246 in task t-4 on thread 18 
613 in task t-3 on thread 15 
614 in task t-3 on thread 15 
615 in task t-3 on thread 15 
247 in task t-4 on thread 18 
616 in task t-3 on thread 15 
617 in task t-3 on thread 15 
618 in task t-3 on thread 15 
619 in task t-3 on thread 15 
248 in task t-4 on thread 18 
249 in task t-4 on thread 18 
620 in task t-3 on thread 15 
621 in task t-3 on thread 15 
622 in task t-3 on thread 15 
250 in task t-4 on thread 18 
251 in task t-4 on thread 18 
623 in task t-3 on thread 15 
624 in task t-3 on thread 15 
625 in task t-3 on thread 15 
252 in task t-4 on thread 18 
626 in task t-3 on thread 15 
627 in task t-3 on thread 15 
628 in task t-3 on thread 15 
629 in task t-3 on thread 15 
253 in task t-4 on thread 18 
630 in task t-3 on thread 15 
631 in task t-3 on thread 15 
632 in task t-3 on thread 15 
254 in task t-4 on thread 18 
633 in task t-3 on thread 15 
634 in task t-3 on thread 15 
635 in task t-3 on thread 15 
636 in task t-3 on thread 15 
255 in task t-4 on thread 18 
637 in task t-3 on thread 15 
638 in task t-3 on thread 15 
639 in task t-3 on thread 15 
256 in task t-4 on thread 18 
257 in task t-4 on thread 18 
640 in task t-3 on thread 15 
641 in task t-3 on thread 15 
642 in task t-3 on thread 15 
258 in task t-4 on thread 18 
643 in task t-3 on thread 15 
644 in task t-3 on thread 15 
645 in task t-3 on thread 15 
646 in task t-3 on thread 15 
259 in task t-4 on thread 18 
647 in task t-3 on thread 15 
648 in task t-3 on thread 15 
649 in task t-3 on thread 15 
650 in task t-3 on thread 15 
260 in task t-4 on thread 18 
651 in task t-3 on thread 15 
652 in task t-3 on thread 15 
261 in task t-4 on thread 18 
653 in task t-3 on thread 15 
654 in task t-3 on thread 15 
262 in task t-4 on thread 18 
263 in task t-4 on thread 18 
264 in task t-4 on thread 18 
655 in task t-3 on thread 15 
656 in task t-3 on thread 15 
657 in task t-3 on thread 15 
658 in task t-3 on thread 15 
265 in task t-4 on thread 18 
659 in task t-3 on thread 15 
660 in task t-3 on thread 15 
661 in task t-3 on thread 15 
266 in task t-4 on thread 18 
267 in task t-4 on thread 18 
662 in task t-3 on thread 15 
663 in task t-3 on thread 15 
664 in task t-3 on thread 15 
665 in task t-3 on thread 15 
268 in task t-4 on thread 18 
666 in task t-3 on thread 15 
667 in task t-3 on thread 15 
668 in task t-3 on thread 15 
669 in task t-3 on thread 15 
269 in task t-4 on thread 18 
670 in task t-3 on thread 15 
671 in task t-3 on thread 15 
672 in task t-3 on thread 15 
673 in task t-3 on thread 15 
674 in task t-3 on thread 15 
270 in task t-4 on thread 18 
675 in task t-3 on thread 15 
676 in task t-3 on thread 15 
271 in task t-4 on thread 18 
677 in task t-3 on thread 15 
678 in task t-3 on thread 15 
679 in task t-3 on thread 15 
272 in task t-4 on thread 18 
680 in task t-3 on thread 15 
681 in task t-3 on thread 15 
682 in task t-3 on thread 15 
683 in task t-3 on thread 15 
273 in task t-4 on thread 18 
274 in task t-4 on thread 18 
684 in task t-3 on thread 15 
685 in task t-3 on thread 15 
686 in task t-3 on thread 15 
687 in task t-3 on thread 15 
275 in task t-4 on thread 18 
688 in task t-3 on thread 15 
689 in task t-3 on thread 15 
690 in task t-3 on thread 15 
276 in task t-4 on thread 18 
277 in task t-4 on thread 18 
691 in task t-3 on thread 15 
692 in task t-3 on thread 15 
693 in task t-3 on thread 15 
278 in task t-4 on thread 18 
279 in task t-4 on thread 18 
694 in task t-3 on thread 15 
695 in task t-3 on thread 15 
696 in task t-3 on thread 15 
280 in task t-4 on thread 18 
281 in task t-4 on thread 18 
697 in task t-3 on thread 15 
698 in task t-3 on thread 15 
282 in task t-4 on thread 18 
699 in task t-3 on thread 15 
700 in task t-3 on thread 15 
701 in task t-3 on thread 15 
283 in task t-4 on thread 18 
702 in task t-3 on thread 15 
284 in task t-4 on thread 18 
703 in task t-3 on thread 15 
704 in task t-3 on thread 15 
705 in task t-3 on thread 15 
285 in task t-4 on thread 18 
706 in task t-3 on thread 15 
286 in task t-4 on thread 18 
287 in task t-4 on thread 18 
707 in task t-3 on thread 15 
288 in task t-4 on thread 18 
708 in task t-3 on thread 15 
289 in task t-4 on thread 18 
290 in task t-4 on thread 18 
709 in task t-3 on thread 15 
710 in task t-3 on thread 15 
291 in task t-4 on thread 18 
711 in task t-3 on thread 15 
712 in task t-3 on thread 15 
292 in task t-4 on thread 18 
713 in task t-3 on thread 15 
293 in task t-4 on thread 18 
714 in task t-3 on thread 15 
715 in task t-3 on thread 15 
294 in task t-4 on thread 18 
295 in task t-4 on thread 18 
296 in task t-4 on thread 18 
716 in task t-3 on thread 15 
297 in task t-4 on thread 18 
298 in task t-4 on thread 18 
299 in task t-4 on thread 18 
717 in task t-3 on thread 15 
300 in task t-4 on thread 18 
301 in task t-4 on thread 18 
302 in task t-4 on thread 18 
718 in task t-3 on thread 15 
303 in task t-4 on thread 18 
304 in task t-4 on thread 18 
719 in task t-3 on thread 15 
305 in task t-4 on thread 18 
306 in task t-4 on thread 18 
307 in task t-4 on thread 18 
720 in task t-3 on thread 15 
308 in task t-4 on thread 18 
309 in task t-4 on thread 18 
310 in task t-4 on thread 18 
721 in task t-3 on thread 15 
311 in task t-4 on thread 18 
722 in task t-3 on thread 15 
723 in task t-3 on thread 15 
724 in task t-3 on thread 15 
312 in task t-4 on thread 18 
725 in task t-3 on thread 15 
726 in task t-3 on thread 15 
727 in task t-3 on thread 15 
313 in task t-4 on thread 18 
728 in task t-3 on thread 15 
729 in task t-3 on thread 15 
730 in task t-3 on thread 15 
314 in task t-4 on thread 18 
315 in task t-4 on thread 18 
316 in task t-4 on thread 18 
731 in task t-3 on thread 15 
732 in task t-3 on thread 15 
733 in task t-3 on thread 15 
734 in task t-3 on thread 15 
317 in task t-4 on thread 18 
318 in task t-4 on thread 18 
735 in task t-3 on thread 15 
736 in task t-3 on thread 15 
319 in task t-4 on thread 18 
737 in task t-3 on thread 15 
320 in task t-4 on thread 18 
738 in task t-3 on thread 15 
739 in task t-3 on thread 15 
740 in task t-3 on thread 15 
321 in task t-4 on thread 18 
741 in task t-3 on thread 15 
322 in task t-4 on thread 18 
742 in task t-3 on thread 15 
323 in task t-4 on thread 18 
743 in task t-3 on thread 15 
324 in task t-4 on thread 18 
744 in task t-3 on thread 15 
325 in task t-4 on thread 18 
326 in task t-4 on thread 18 
745 in task t-3 on thread 15 
746 in task t-3 on thread 15 
747 in task t-3 on thread 15 
327 in task t-4 on thread 18 
748 in task t-3 on thread 15 
749 in task t-3 on thread 15 
750 in task t-3 on thread 15 
328 in task t-4 on thread 18 
751 in task t-3 on thread 15 
752 in task t-3 on thread 15 
753 in task t-3 on thread 15 
329 in task t-4 on thread 18 
330 in task t-4 on thread 18 
754 in task t-3 on thread 15 
755 in task t-3 on thread 15 
331 in task t-4 on thread 18 
756 in task t-3 on thread 15 
757 in task t-3 on thread 15 
758 in task t-3 on thread 15 
332 in task t-4 on thread 18 
759 in task t-3 on thread 15 
760 in task t-3 on thread 15 
761 in task t-3 on thread 15 
333 in task t-4 on thread 18 
334 in task t-4 on thread 18 
762 in task t-3 on thread 15 
335 in task t-4 on thread 18 
336 in task t-4 on thread 18 
763 in task t-3 on thread 15 
764 in task t-3 on thread 15 
765 in task t-3 on thread 15 
337 in task t-4 on thread 18 
338 in task t-4 on thread 18 
766 in task t-3 on thread 15 
767 in task t-3 on thread 15 
339 in task t-4 on thread 18 
768 in task t-3 on thread 15 
769 in task t-3 on thread 15 
340 in task t-4 on thread 18 
341 in task t-4 on thread 18 
770 in task t-3 on thread 15 
342 in task t-4 on thread 18 
771 in task t-3 on thread 15 
772 in task t-3 on thread 15 
773 in task t-3 on thread 15 
343 in task t-4 on thread 18 
774 in task t-3 on thread 15 
775 in task t-3 on thread 15 
344 in task t-4 on thread 18 
345 in task t-4 on thread 18 
776 in task t-3 on thread 15 
346 in task t-4 on thread 18 
777 in task t-3 on thread 15 
778 in task t-3 on thread 15 
779 in task t-3 on thread 15 
780 in task t-3 on thread 15 
347 in task t-4 on thread 18 
781 in task t-3 on thread 15 
782 in task t-3 on thread 15 
348 in task t-4 on thread 18 
783 in task t-3 on thread 15 
784 in task t-3 on thread 15 
785 in task t-3 on thread 15 
349 in task t-4 on thread 18 
786 in task t-3 on thread 15 
787 in task t-3 on thread 15 
350 in task t-4 on thread 18 
788 in task t-3 on thread 15 
789 in task t-3 on thread 15 
790 in task t-3 on thread 15 
351 in task t-4 on thread 18 
791 in task t-3 on thread 15 
792 in task t-3 on thread 15 
352 in task t-4 on thread 18 
353 in task t-4 on thread 18 
354 in task t-4 on thread 18 
355 in task t-4 on thread 18 
793 in task t-3 on thread 15 
794 in task t-3 on thread 15 
356 in task t-4 on thread 18 
357 in task t-4 on thread 18 
795 in task t-3 on thread 15 
358 in task t-4 on thread 18 
359 in task t-4 on thread 18 
360 in task t-4 on thread 18 
361 in task t-4 on thread 18 
796 in task t-3 on thread 15 
362 in task t-4 on thread 18 
363 in task t-4 on thread 18 
364 in task t-4 on thread 18 
365 in task t-4 on thread 18 
797 in task t-3 on thread 15 
366 in task t-4 on thread 18 
367 in task t-4 on thread 18 
368 in task t-4 on thread 18 
369 in task t-4 on thread 18 
798 in task t-3 on thread 15 
370 in task t-4 on thread 18 
371 in task t-4 on thread 18 
372 in task t-4 on thread 18 
373 in task t-4 on thread 18 
374 in task t-4 on thread 18 
799 in task t-3 on thread 15 
800 in task t-3 on thread 15 
375 in task t-4 on thread 18 
801 in task t-3 on thread 15 
802 in task t-3 on thread 15 
376 in task t-4 on thread 18 
377 in task t-4 on thread 18 
378 in task t-4 on thread 18 
803 in task t-3 on thread 15 
379 in task t-4 on thread 18 
380 in task t-4 on thread 18 
381 in task t-4 on thread 18 
382 in task t-4 on thread 18 
804 in task t-3 on thread 15 
383 in task t-4 on thread 18 
805 in task t-3 on thread 15 
806 in task t-3 on thread 15 
807 in task t-3 on thread 15 
808 in task t-3 on thread 15 
384 in task t-4 on thread 18 
385 in task t-4 on thread 18 
386 in task t-4 on thread 18 
809 in task t-3 on thread 15 
387 in task t-4 on thread 18 
388 in task t-4 on thread 18 
389 in task t-4 on thread 18 
810 in task t-3 on thread 15 
390 in task t-4 on thread 18 
391 in task t-4 on thread 18 
392 in task t-4 on thread 18 
811 in task t-3 on thread 15 
393 in task t-4 on thread 18 
394 in task t-4 on thread 18 
395 in task t-4 on thread 18 
812 in task t-3 on thread 15 
396 in task t-4 on thread 18 
813 in task t-3 on thread 15 
814 in task t-3 on thread 15 
397 in task t-4 on thread 18 
398 in task t-4 on thread 18 
815 in task t-3 on thread 15 
399 in task t-4 on thread 18 
400 in task t-4 on thread 18 
401 in task t-4 on thread 18 
402 in task t-4 on thread 18 
816 in task t-3 on thread 15 
403 in task t-4 on thread 18 
817 in task t-3 on thread 15 
818 in task t-3 on thread 15 
404 in task t-4 on thread 18 
819 in task t-3 on thread 15 
820 in task t-3 on thread 15 
821 in task t-3 on thread 15 
405 in task t-4 on thread 18 
822 in task t-3 on thread 15 
823 in task t-3 on thread 15 
824 in task t-3 on thread 15 
406 in task t-4 on thread 18 
825 in task t-3 on thread 15 
826 in task t-3 on thread 15 
407 in task t-4 on thread 18 
408 in task t-4 on thread 18 
827 in task t-3 on thread 15 
409 in task t-4 on thread 18 
410 in task t-4 on thread 18 
411 in task t-4 on thread 18 
828 in task t-3 on thread 15 
829 in task t-3 on thread 15 
412 in task t-4 on thread 18 
830 in task t-3 on thread 15 
831 in task t-3 on thread 15 
413 in task t-4 on thread 18 
832 in task t-3 on thread 15 
414 in task t-4 on thread 18 
833 in task t-3 on thread 15 
415 in task t-4 on thread 18 
834 in task t-3 on thread 15 
835 in task t-3 on thread 15 
416 in task t-4 on thread 18 
836 in task t-3 on thread 15 
837 in task t-3 on thread 15 
838 in task t-3 on thread 15 
417 in task t-4 on thread 18 
839 in task t-3 on thread 15 
840 in task t-3 on thread 15 
841 in task t-3 on thread 15 
842 in task t-3 on thread 15 
418 in task t-4 on thread 18 
419 in task t-4 on thread 18 
843 in task t-3 on thread 15 
844 in task t-3 on thread 15 
420 in task t-4 on thread 18 
845 in task t-3 on thread 15 
846 in task t-3 on thread 15 
847 in task t-3 on thread 15 
848 in task t-3 on thread 15 
421 in task t-4 on thread 18 
849 in task t-3 on thread 15 
850 in task t-3 on thread 15 
851 in task t-3 on thread 15 
422 in task t-4 on thread 18 
423 in task t-4 on thread 18 
424 in task t-4 on thread 18 
425 in task t-4 on thread 18 
426 in task t-4 on thread 18 
427 in task t-4 on thread 18 
428 in task t-4 on thread 18 
429 in task t-4 on thread 18 
430 in task t-4 on thread 18 
431 in task t-4 on thread 18 
432 in task t-4 on thread 18 
433 in task t-4 on thread 18 
852 in task t-3 on thread 15 
853 in task t-3 on thread 15 
434 in task t-4 on thread 18 
854 in task t-3 on thread 15 
855 in task t-3 on thread 15 
435 in task t-4 on thread 18 
436 in task t-4 on thread 18 
437 in task t-4 on thread 18 
856 in task t-3 on thread 15 
438 in task t-4 on thread 18 
439 in task t-4 on thread 18 
857 in task t-3 on thread 15 
440 in task t-4 on thread 18 
441 in task t-4 on thread 18 
442 in task t-4 on thread 18 
858 in task t-3 on thread 15 
443 in task t-4 on thread 18 
444 in task t-4 on thread 18 
445 in task t-4 on thread 18 
859 in task t-3 on thread 15 
446 in task t-4 on thread 18 
447 in task t-4 on thread 18 
448 in task t-4 on thread 18 
860 in task t-3 on thread 15 
449 in task t-4 on thread 18 
450 in task t-4 on thread 18 
861 in task t-3 on thread 15 
862 in task t-3 on thread 15 
451 in task t-4 on thread 18 
863 in task t-3 on thread 15 
452 in task t-4 on thread 18 
864 in task t-3 on thread 15 
453 in task t-4 on thread 18 
865 in task t-3 on thread 15 
866 in task t-3 on thread 15 
454 in task t-4 on thread 18 
867 in task t-3 on thread 15 
455 in task t-4 on thread 18 
456 in task t-4 on thread 18 
457 in task t-4 on thread 18 
868 in task t-3 on thread 15 
458 in task t-4 on thread 18 
459 in task t-4 on thread 18 
869 in task t-3 on thread 15 
460 in task t-4 on thread 18 
461 in task t-4 on thread 18 
462 in task t-4 on thread 18 
463 in task t-4 on thread 18 
464 in task t-4 on thread 18 
465 in task t-4 on thread 18 
870 in task t-3 on thread 15 
466 in task t-4 on thread 18 
467 in task t-4 on thread 18 
468 in task t-4 on thread 18 
871 in task t-3 on thread 15 
872 in task t-3 on thread 15 
873 in task t-3 on thread 15 
469 in task t-4 on thread 18 
470 in task t-4 on thread 18 
471 in task t-4 on thread 18 
874 in task t-3 on thread 15 
472 in task t-4 on thread 18 
473 in task t-4 on thread 18 
875 in task t-3 on thread 15 
876 in task t-3 on thread 15 
474 in task t-4 on thread 18 
475 in task t-4 on thread 18 
877 in task t-3 on thread 15 
878 in task t-3 on thread 15 
476 in task t-4 on thread 18 
477 in task t-4 on thread 18 
478 in task t-4 on thread 18 
879 in task t-3 on thread 15 
479 in task t-4 on thread 18 
480 in task t-4 on thread 18 
481 in task t-4 on thread 18 
880 in task t-3 on thread 15 
881 in task t-3 on thread 15 
882 in task t-3 on thread 15 
482 in task t-4 on thread 18 
483 in task t-4 on thread 18 
883 in task t-3 on thread 15 
884 in task t-3 on thread 15 
484 in task t-4 on thread 18 
485 in task t-4 on thread 18 
885 in task t-3 on thread 15 
486 in task t-4 on thread 18 
487 in task t-4 on thread 18 
488 in task t-4 on thread 18 
886 in task t-3 on thread 15 
489 in task t-4 on thread 18 
490 in task t-4 on thread 18 
491 in task t-4 on thread 18 
887 in task t-3 on thread 15 
492 in task t-4 on thread 18 
493 in task t-4 on thread 18 
494 in task t-4 on thread 18 
888 in task t-3 on thread 15 
889 in task t-3 on thread 15 
495 in task t-4 on thread 18 
496 in task t-4 on thread 18 
497 in task t-4 on thread 18 
498 in task t-4 on thread 18 
499 in task t-4 on thread 18 
500 in task t-4 on thread 18 
890 in task t-3 on thread 15 
501 in task t-4 on thread 18 
502 in task t-4 on thread 18 
503 in task t-4 on thread 18 
891 in task t-3 on thread 15 
504 in task t-4 on thread 18 
505 in task t-4 on thread 18 
506 in task t-4 on thread 18 
892 in task t-3 on thread 15 
507 in task t-4 on thread 18 
508 in task t-4 on thread 18 
509 in task t-4 on thread 18 
893 in task t-3 on thread 15 
894 in task t-3 on thread 15 
895 in task t-3 on thread 15 
510 in task t-4 on thread 18 
511 in task t-4 on thread 18 
896 in task t-3 on thread 15 
897 in task t-3 on thread 15 
898 in task t-3 on thread 15 
512 in task t-4 on thread 18 
513 in task t-4 on thread 18 
514 in task t-4 on thread 18 
899 in task t-3 on thread 15 
900 in task t-3 on thread 15 
901 in task t-3 on thread 15 
902 in task t-3 on thread 15 
903 in task t-3 on thread 15 
904 in task t-3 on thread 15 
905 in task t-3 on thread 15 
515 in task t-4 on thread 18 
906 in task t-3 on thread 15 
907 in task t-3 on thread 15 
516 in task t-4 on thread 18 
517 in task t-4 on thread 18 
518 in task t-4 on thread 18 
519 in task t-4 on thread 18 
908 in task t-3 on thread 15 
520 in task t-4 on thread 18 
521 in task t-4 on thread 18 
522 in task t-4 on thread 18 
523 in task t-4 on thread 18 
909 in task t-3 on thread 15 
524 in task t-4 on thread 18 
525 in task t-4 on thread 18 
526 in task t-4 on thread 18 
910 in task t-3 on thread 15 
527 in task t-4 on thread 18 
528 in task t-4 on thread 18 
911 in task t-3 on thread 15 
529 in task t-4 on thread 18 
530 in task t-4 on thread 18 
531 in task t-4 on thread 18 
532 in task t-4 on thread 18 
533 in task t-4 on thread 18 
534 in task t-4 on thread 18 
912 in task t-3 on thread 15 
535 in task t-4 on thread 18 
913 in task t-3 on thread 15 
914 in task t-3 on thread 15 
915 in task t-3 on thread 15 
536 in task t-4 on thread 18 
916 in task t-3 on thread 15 
537 in task t-4 on thread 18 
917 in task t-3 on thread 15 
918 in task t-3 on thread 15 
538 in task t-4 on thread 18 
919 in task t-3 on thread 15 
920 in task t-3 on thread 15 
921 in task t-3 on thread 15 
922 in task t-3 on thread 15 
539 in task t-4 on thread 18 
923 in task t-3 on thread 15 
540 in task t-4 on thread 18 
924 in task t-3 on thread 15 
925 in task t-3 on thread 15 
926 in task t-3 on thread 15 
927 in task t-3 on thread 15 
541 in task t-4 on thread 18 
928 in task t-3 on thread 15 
929 in task t-3 on thread 15 
542 in task t-4 on thread 18 
930 in task t-3 on thread 15 
931 in task t-3 on thread 15 
543 in task t-4 on thread 18 
932 in task t-3 on thread 15 
933 in task t-3 on thread 15 
934 in task t-3 on thread 15 
544 in task t-4 on thread 18 
935 in task t-3 on thread 15 
936 in task t-3 on thread 15 
545 in task t-4 on thread 18 
937 in task t-3 on thread 15 
938 in task t-3 on thread 15 
939 in task t-3 on thread 15 
940 in task t-3 on thread 15 
941 in task t-3 on thread 15 
942 in task t-3 on thread 15 
546 in task t-4 on thread 18 
943 in task t-3 on thread 15 
944 in task t-3 on thread 15 
547 in task t-4 on thread 18 
945 in task t-3 on thread 15 
946 in task t-3 on thread 15 
947 in task t-3 on thread 15 
548 in task t-4 on thread 18 
948 in task t-3 on thread 15 
949 in task t-3 on thread 15 
950 in task t-3 on thread 15 
549 in task t-4 on thread 18 
550 in task t-4 on thread 18 
951 in task t-3 on thread 15 
952 in task t-3 on thread 15 
953 in task t-3 on thread 15 
551 in task t-4 on thread 18 
552 in task t-4 on thread 18 
553 in task t-4 on thread 18 
954 in task t-3 on thread 15 
554 in task t-4 on thread 18 
555 in task t-4 on thread 18 
955 in task t-3 on thread 15 
956 in task t-3 on thread 15 
957 in task t-3 on thread 15 
958 in task t-3 on thread 15 
556 in task t-4 on thread 18 
959 in task t-3 on thread 15 
960 in task t-3 on thread 15 
961 in task t-3 on thread 15 
557 in task t-4 on thread 18 
962 in task t-3 on thread 15 
963 in task t-3 on thread 15 
964 in task t-3 on thread 15 
965 in task t-3 on thread 15 
558 in task t-4 on thread 18 
966 in task t-3 on thread 15 
967 in task t-3 on thread 15 
968 in task t-3 on thread 15 
559 in task t-4 on thread 18 
560 in task t-4 on thread 18 
561 in task t-4 on thread 18 
969 in task t-3 on thread 15 
970 in task t-3 on thread 15 
971 in task t-3 on thread 15 
562 in task t-4 on thread 18 
972 in task t-3 on thread 15 
973 in task t-3 on thread 15 
974 in task t-3 on thread 15 
563 in task t-4 on thread 18 
564 in task t-4 on thread 18 
975 in task t-3 on thread 15 
976 in task t-3 on thread 15 
977 in task t-3 on thread 15 
565 in task t-4 on thread 18 
978 in task t-3 on thread 15 
566 in task t-4 on thread 18 
979 in task t-3 on thread 15 
567 in task t-4 on thread 18 
568 in task t-4 on thread 18 
980 in task t-3 on thread 15 
981 in task t-3 on thread 15 
982 in task t-3 on thread 15 
569 in task t-4 on thread 18 
983 in task t-3 on thread 15 
984 in task t-3 on thread 15 
570 in task t-4 on thread 18 
985 in task t-3 on thread 15 
571 in task t-4 on thread 18 
986 in task t-3 on thread 15 
987 in task t-3 on thread 15 
988 in task t-3 on thread 15 
572 in task t-4 on thread 18 
573 in task t-4 on thread 18 
989 in task t-3 on thread 15 
574 in task t-4 on thread 18 
575 in task t-4 on thread 18 
576 in task t-4 on thread 18 
577 in task t-4 on thread 18 
990 in task t-3 on thread 15 
578 in task t-4 on thread 18 
579 in task t-4 on thread 18 
580 in task t-4 on thread 18 
991 in task t-3 on thread 15 
581 in task t-4 on thread 18 
992 in task t-3 on thread 15 
582 in task t-4 on thread 18 
993 in task t-3 on thread 15 
994 in task t-3 on thread 15 
583 in task t-4 on thread 18 
584 in task t-4 on thread 18 
995 in task t-3 on thread 15 
996 in task t-3 on thread 15 
585 in task t-4 on thread 18 
586 in task t-4 on thread 18 
587 in task t-4 on thread 18 
997 in task t-3 on thread 15 
998 in task t-3 on thread 15 
999 in task t-3 on thread 15 
588 in task t-4 on thread 18 
589 in task t-4 on thread 18 
590 in task t-4 on thread 18 
591 in task t-4 on thread 18 
592 in task t-4 on thread 18 
'!' in task t1-0 on thread 15 
'"' in task t1-0 on thread 15 
593 in task t-4 on thread 18 
594 in task t-4 on thread 18 
595 in task t-4 on thread 18 
596 in task t-4 on thread 18 
'#' in task t1-0 on thread 15 
'$' in task t1-0 on thread 15 
597 in task t-4 on thread 18 
598 in task t-4 on thread 18 
'%' in task t1-0 on thread 15 
'&amp;' in task t1-0 on thread 15 
599 in task t-4 on thread 18 
600 in task t-4 on thread 18 


''' in task t1-0 on thread 15 


601 in task t-4 on thread 18 
602 in task t-4 on thread 18 
'(' in task t1-0 on thread 15 


')' in task t1-0 on thread 15 
'*' in task t1-0 on thread 15 
603 in task t-4 on thread 18 
604 in task t-4 on thread 18 
'+' in task t1-0 on thread 15 
605 in task t-4 on thread 18 
606 in task t-4 on thread 18 
607 in task t-4 on thread 18 
',' in task t1-0 on thread 15 


608 in task t-4 on thread 18 
609 in task t-4 on thread 18 
'-' in task t1-0 on thread 15 


610 in task t-4 on thread 18 
611 in task t-4 on thread 18 
'.' in task t1-0 on thread 15 


'/' in task t1-0 on thread 15 
612 in task t-4 on thread 18 
'0' in task t1-0 on thread 15 


613 in task t-4 on thread 18 
614 in task t-4 on thread 18 
615 in task t-4 on thread 18 
'1' in task t1-0 on thread 15 
616 in task t-4 on thread 18 
617 in task t-4 on thread 18 
618 in task t-4 on thread 18 
619 in task t-4 on thread 18 
'2' in task t1-0 on thread 15 


620 in task t-4 on thread 18 
'3' in task t1-0 on thread 15 
'4' in task t1-0 on thread 15 


621 in task t-4 on thread 18 
622 in task t-4 on thread 18 
623 in task t-4 on thread 18 
'5' in task t1-0 on thread 15 
624 in task t-4 on thread 18 
625 in task t-4 on thread 18 
626 in task t-4 on thread 18 
627 in task t-4 on thread 18 
'6' in task t1-0 on thread 15 
628 in task t-4 on thread 18 
629 in task t-4 on thread 18 
630 in task t-4 on thread 18 


'7' in task t1-0 on thread 15 
631 in task t-4 on thread 18 
632 in task t-4 on thread 18 
633 in task t-4 on thread 18 
'8' in task t1-0 on thread 15 
'9' in task t1-0 on thread 15 
634 in task t-4 on thread 18 
635 in task t-4 on thread 18 


':' in task t1-0 on thread 15 
636 in task t-4 on thread 18 
637 in task t-4 on thread 18 
638 in task t-4 on thread 18 


639 in task t-4 on thread 18 
640 in task t-4 on thread 18 
';' in task t1-0 on thread 15 


'&lt;' in task t1-0 on thread 15 
641 in task t-4 on thread 18 
642 in task t-4 on thread 18 
643 in task t-4 on thread 18 
644 in task t-4 on thread 18 
645 in task t-4 on thread 18 
'=' in task t1-0 on thread 15 
'&gt;' in task t1-0 on thread 15 
646 in task t-4 on thread 18 
647 in task t-4 on thread 18 
'?' in task t1-0 on thread 15 
648 in task t-4 on thread 18 
649 in task t-4 on thread 18 
'@' in task t1-0 on thread 15 
'A' in task t1-0 on thread 15 
650 in task t-4 on thread 18 
651 in task t-4 on thread 18 
652 in task t-4 on thread 18 
653 in task t-4 on thread 18 
654 in task t-4 on thread 18 
655 in task t-4 on thread 18 


656 in task t-4 on thread 18 
'B' in task t1-0 on thread 15 
657 in task t-4 on thread 18 
658 in task t-4 on thread 18 
659 in task t-4 on thread 18 
660 in task t-4 on thread 18 
661 in task t-4 on thread 18 
662 in task t-4 on thread 18 
663 in task t-4 on thread 18 
664 in task t-4 on thread 18 
'C' in task t1-0 on thread 15 
665 in task t-4 on thread 18 
'D' in task t1-0 on thread 15 
'E' in task t1-0 on thread 15 
666 in task t-4 on thread 18 
'F' in task t1-0 on thread 15 
667 in task t-4 on thread 18 
668 in task t-4 on thread 18 
669 in task t-4 on thread 18 
670 in task t-4 on thread 18 
671 in task t-4 on thread 18 
672 in task t-4 on thread 18 
673 in task t-4 on thread 18 
674 in task t-4 on thread 18 
675 in task t-4 on thread 18 
'G' in task t1-0 on thread 15 
676 in task t-4 on thread 18 
677 in task t-4 on thread 18 
678 in task t-4 on thread 18 
679 in task t-4 on thread 18 
680 in task t-4 on thread 18 
681 in task t-4 on thread 18 
682 in task t-4 on thread 18 
683 in task t-4 on thread 18 
684 in task t-4 on thread 18 
685 in task t-4 on thread 18 
686 in task t-4 on thread 18 
687 in task t-4 on thread 18 
'H' in task t1-0 on thread 15 
688 in task t-4 on thread 18 


'I' in task t1-0 on thread 15 
689 in task t-4 on thread 18 
'J' in task t1-0 on thread 15 
690 in task t-4 on thread 18 
691 in task t-4 on thread 18 
692 in task t-4 on thread 18 
693 in task t-4 on thread 18 
694 in task t-4 on thread 18 
695 in task t-4 on thread 18 
696 in task t-4 on thread 18 
697 in task t-4 on thread 18 
698 in task t-4 on thread 18 
699 in task t-4 on thread 18 
'K' in task t1-0 on thread 15 
700 in task t-4 on thread 18 


'L' in task t1-0 on thread 15 
701 in task t-4 on thread 18 
702 in task t-4 on thread 18 
703 in task t-4 on thread 18 
704 in task t-4 on thread 18 
705 in task t-4 on thread 18 
706 in task t-4 on thread 18 
707 in task t-4 on thread 18 
708 in task t-4 on thread 18 
709 in task t-4 on thread 18 
710 in task t-4 on thread 18 
'M' in task t1-0 on thread 15 
711 in task t-4 on thread 18 
712 in task t-4 on thread 18 
713 in task t-4 on thread 18 
714 in task t-4 on thread 18 
715 in task t-4 on thread 18 
716 in task t-4 on thread 18 
717 in task t-4 on thread 18 
'N' in task t1-0 on thread 15 
718 in task t-4 on thread 18 


719 in task t-4 on thread 18 
720 in task t-4 on thread 18 
721 in task t-4 on thread 18 
722 in task t-4 on thread 18 
723 in task t-4 on thread 18 
'O' in task t1-0 on thread 15 
'P' in task t1-0 on thread 15 
724 in task t-4 on thread 18 
725 in task t-4 on thread 18 
726 in task t-4 on thread 18 
727 in task t-4 on thread 18 
728 in task t-4 on thread 18 
729 in task t-4 on thread 18 
730 in task t-4 on thread 18 
731 in task t-4 on thread 18 
732 in task t-4 on thread 18 
733 in task t-4 on thread 18 
'Q' in task t1-0 on thread 15 
734 in task t-4 on thread 18 
735 in task t-4 on thread 18 
736 in task t-4 on thread 18 
737 in task t-4 on thread 18 
738 in task t-4 on thread 18 
739 in task t-4 on thread 18 
'R' in task t1-0 on thread 15 
'S' in task t1-0 on thread 15 
740 in task t-4 on thread 18 
741 in task t-4 on thread 18 
742 in task t-4 on thread 18 


743 in task t-4 on thread 18 
744 in task t-4 on thread 18 
'T' in task t1-0 on thread 15 
745 in task t-4 on thread 18 
746 in task t-4 on thread 18 
747 in task t-4 on thread 18 


'U' in task t1-0 on thread 15 
748 in task t-4 on thread 18 
749 in task t-4 on thread 18 
750 in task t-4 on thread 18 
'V' in task t1-0 on thread 15 
751 in task t-4 on thread 18 
752 in task t-4 on thread 18 
'W' in task t1-0 on thread 15 
'X' in task t1-0 on thread 15 


'Y' in task t1-0 on thread 15 
'Z' in task t1-0 on thread 15 
'[' in task t1-0 on thread 15 
753 in task t-4 on thread 18 


'\' in task t1-0 on thread 15 
754 in task t-4 on thread 18 
755 in task t-4 on thread 18 
']' in task t1-0 on thread 15 
'^' in task t1-0 on thread 15 


756 in task t-4 on thread 18 
'_' in task t1-0 on thread 15 
'`' in task t1-0 on thread 15 


757 in task t-4 on thread 18 
'a' in task t1-0 on thread 15 
'b' in task t1-0 on thread 15 


758 in task t-4 on thread 18 
759 in task t-4 on thread 18 
'c' in task t1-0 on thread 15 


'd' in task t1-0 on thread 15 
760 in task t-4 on thread 18 
'e' in task t1-0 on thread 15 


761 in task t-4 on thread 18 
'f' in task t1-0 on thread 15 
'g' in task t1-0 on thread 15 


'h' in task t1-0 on thread 15 
762 in task t-4 on thread 18 
763 in task t-4 on thread 18 
'i' in task t1-0 on thread 15 
'j' in task t1-0 on thread 15 
764 in task t-4 on thread 18 
765 in task t-4 on thread 18 
766 in task t-4 on thread 18 
'k' in task t1-0 on thread 15 
767 in task t-4 on thread 18 


'l' in task t1-0 on thread 15 
'm' in task t1-0 on thread 15 
768 in task t-4 on thread 18 


'n' in task t1-0 on thread 15 
'o' in task t1-0 on thread 15 


769 in task t-4 on thread 18 
770 in task t-4 on thread 18 
'p' in task t1-0 on thread 15 


'q' in task t1-0 on thread 15 
771 in task t-4 on thread 18 
'r' in task t1-0 on thread 15 


's' in task t1-0 on thread 15 
't' in task t1-0 on thread 15 
772 in task t-4 on thread 18 
'u' in task t1-0 on thread 15 
'v' in task t1-0 on thread 15 
'w' in task t1-0 on thread 15 


'x' in task t1-0 on thread 15 
'y' in task t1-0 on thread 15 
773 in task t-4 on thread 18 
'z' in task t1-0 on thread 15 
'{' in task t1-0 on thread 15 
'|' in task t1-0 on thread 15 
774 in task t-4 on thread 18 
775 in task t-4 on thread 18 


'}' in task t1-0 on thread 15 
776 in task t-4 on thread 18 


'~' in task t1-0 on thread 15 
777 in task t-4 on thread 18 
'!' in task t1-0 on thread 15 
'"' in task t1-0 on thread 15 
'#' in task t1-0 on thread 15 
778 in task t-4 on thread 18 
779 in task t-4 on thread 18 


'$' in task t1-0 on thread 15 
780 in task t-4 on thread 18 


'%' in task t1-0 on thread 15 
'&amp;' in task t1-0 on thread 15 
781 in task t-4 on thread 18 


''' in task t1-0 on thread 15 
'(' in task t1-0 on thread 15 


782 in task t-4 on thread 18 
783 in task t-4 on thread 18 
')' in task t1-0 on thread 15 


'*' in task t1-0 on thread 15 
784 in task t-4 on thread 18 
'+' in task t1-0 on thread 15 


',' in task t1-0 on thread 15 
'-' in task t1-0 on thread 15 
785 in task t-4 on thread 18 
786 in task t-4 on thread 18 
'.' in task t1-0 on thread 15 
787 in task t-4 on thread 18 
'/' in task t1-0 on thread 15 
'0' in task t1-0 on thread 15 
'1' in task t1-0 on thread 15 


788 in task t-4 on thread 18 
'2' in task t1-0 on thread 15 
'3' in task t1-0 on thread 15 


789 in task t-4 on thread 18 
'4' in task t1-0 on thread 15 
790 in task t-4 on thread 18 
'5' in task t1-0 on thread 15 
791 in task t-4 on thread 18 
792 in task t-4 on thread 18 
'6' in task t1-0 on thread 15 
793 in task t-4 on thread 18 
794 in task t-4 on thread 18 
795 in task t-4 on thread 18 
796 in task t-4 on thread 18 
797 in task t-4 on thread 18 
'7' in task t1-0 on thread 15 
798 in task t-4 on thread 18 
'8' in task t1-0 on thread 15 


799 in task t-4 on thread 18 
'9' in task t1-0 on thread 15 
':' in task t1-0 on thread 15 


800 in task t-4 on thread 18 
';' in task t1-0 on thread 15 
801 in task t-4 on thread 18 
802 in task t-4 on thread 18 
'&lt;' in task t1-0 on thread 15 
'=' in task t1-0 on thread 15 


'&gt;' in task t1-0 on thread 15 
803 in task t-4 on thread 18 
'?' in task t1-0 on thread 15 


'@' in task t1-0 on thread 15 
'A' in task t1-0 on thread 15 
804 in task t-4 on thread 18 
'B' in task t1-0 on thread 15 
'C' in task t1-0 on thread 15 
'D' in task t1-0 on thread 15 


'E' in task t1-0 on thread 15 
'F' in task t1-0 on thread 15 
805 in task t-4 on thread 18 
'G' in task t1-0 on thread 15 
806 in task t-4 on thread 18 
'H' in task t1-0 on thread 15 
807 in task t-4 on thread 18 
808 in task t-4 on thread 18 


'I' in task t1-0 on thread 15 


'J' in task t1-0 on thread 15 
809 in task t-4 on thread 18 
'K' in task t1-0 on thread 15 


'L' in task t1-0 on thread 15 
'M' in task t1-0 on thread 15 
810 in task t-4 on thread 18 
'N' in task t1-0 on thread 15 
'O' in task t1-0 on thread 15 
'P' in task t1-0 on thread 15 


811 in task t-4 on thread 18 
812 in task t-4 on thread 18 
'Q' in task t1-0 on thread 15 


813 in task t-4 on thread 18 
'R' in task t1-0 on thread 15 
'S' in task t1-0 on thread 15 


'T' in task t1-0 on thread 15 
'U' in task t1-0 on thread 15 
'V' in task t1-0 on thread 15 
814 in task t-4 on thread 18 


815 in task t-4 on thread 18 
'W' in task t1-0 on thread 15 


816 in task t-4 on thread 18 
'X' in task t1-0 on thread 15 
'Y' in task t1-0 on thread 15 
817 in task t-4 on thread 18 


'Z' in task t1-0 on thread 15 
'[' in task t1-0 on thread 15 


818 in task t-4 on thread 18 
'\' in task t1-0 on thread 15 
']' in task t1-0 on thread 15 


'^' in task t1-0 on thread 15 
819 in task t-4 on thread 18 
820 in task t-4 on thread 18 
821 in task t-4 on thread 18 
'_' in task t1-0 on thread 15 
'`' in task t1-0 on thread 15 
822 in task t-4 on thread 18 


'a' in task t1-0 on thread 15 
'b' in task t1-0 on thread 15 
823 in task t-4 on thread 18 


'c' in task t1-0 on thread 15 
824 in task t-4 on thread 18 
'd' in task t1-0 on thread 15 
825 in task t-4 on thread 18 
826 in task t-4 on thread 18 
'e' in task t1-0 on thread 15 
'f' in task t1-0 on thread 15 
'g' in task t1-0 on thread 15 
827 in task t-4 on thread 18 
828 in task t-4 on thread 18 
829 in task t-4 on thread 18 


'h' in task t1-0 on thread 15 
'i' in task t1-0 on thread 15 
830 in task t-4 on thread 18 
'j' in task t1-0 on thread 15 
'k' in task t1-0 on thread 15 
'l' in task t1-0 on thread 15 
831 in task t-4 on thread 18 


'm' in task t1-0 on thread 15 
'n' in task t1-0 on thread 15 
832 in task t-4 on thread 18 


'o' in task t1-0 on thread 15 
'p' in task t1-0 on thread 15 
833 in task t-4 on thread 18 
834 in task t-4 on thread 18 
835 in task t-4 on thread 18 
836 in task t-4 on thread 18 


'q' in task t1-0 on thread 15 
837 in task t-4 on thread 18 
838 in task t-4 on thread 18 
839 in task t-4 on thread 18 
840 in task t-4 on thread 18 
841 in task t-4 on thread 18 
'r' in task t1-0 on thread 15 
's' in task t1-0 on thread 15 
842 in task t-4 on thread 18 


843 in task t-4 on thread 18 
't' in task t1-0 on thread 15 


844 in task t-4 on thread 18 
'u' in task t1-0 on thread 15 
'v' in task t1-0 on thread 15 
845 in task t-4 on thread 18 
846 in task t-4 on thread 18 
847 in task t-4 on thread 18 


'w' in task t1-0 on thread 15 
'x' in task t1-0 on thread 15 
848 in task t-4 on thread 18 
'y' in task t1-0 on thread 15 
'z' in task t1-0 on thread 15 
'{' in task t1-0 on thread 15 
849 in task t-4 on thread 18 


'|' in task t1-0 on thread 15 
850 in task t-4 on thread 18 
'}' in task t1-0 on thread 15 
'~' in task t1-0 on thread 15 
'!' in task t1-0 on thread 15 


851 in task t-4 on thread 18 
852 in task t-4 on thread 18 
'"' in task t1-0 on thread 15 


'#' in task t1-0 on thread 15 
853 in task t-4 on thread 18 
'$' in task t1-0 on thread 15 


854 in task t-4 on thread 18 
'%' in task t1-0 on thread 15 
'&amp;' in task t1-0 on thread 15 


855 in task t-4 on thread 18 
''' in task t1-0 on thread 15 
'(' in task t1-0 on thread 15 


856 in task t-4 on thread 18 
')' in task t1-0 on thread 15 
857 in task t-4 on thread 18 
'*' in task t1-0 on thread 15 
'+' in task t1-0 on thread 15 
',' in task t1-0 on thread 15 


858 in task t-4 on thread 18 
859 in task t-4 on thread 18 
'-' in task t1-0 on thread 15 
860 in task t-4 on thread 18 
861 in task t-4 on thread 18 


'.' in task t1-0 on thread 15 


862 in task t-4 on thread 18 
'/' in task t1-0 on thread 15 
'0' in task t1-0 on thread 15 
863 in task t-4 on thread 18 
864 in task t-4 on thread 18 


'1' in task t1-0 on thread 15 


865 in task t-4 on thread 18 
'2' in task t1-0 on thread 15 
866 in task t-4 on thread 18 
'3' in task t1-0 on thread 15 
'4' in task t1-0 on thread 15 
'5' in task t1-0 on thread 15 
867 in task t-4 on thread 18 


'6' in task t1-0 on thread 15 
'7' in task t1-0 on thread 15 
868 in task t-4 on thread 18 
869 in task t-4 on thread 18 


870 in task t-4 on thread 18 
'8' in task t1-0 on thread 15 
'9' in task t1-0 on thread 15 
':' in task t1-0 on thread 15 
871 in task t-4 on thread 18 


';' in task t1-0 on thread 15 
'&lt;' in task t1-0 on thread 15 


872 in task t-4 on thread 18 
'=' in task t1-0 on thread 15 
873 in task t-4 on thread 18 
'&gt;' in task t1-0 on thread 15 
874 in task t-4 on thread 18 
'?' in task t1-0 on thread 15 


'@' in task t1-0 on thread 15 
875 in task t-4 on thread 18 
876 in task t-4 on thread 18 
'A' in task t1-0 on thread 15 
'B' in task t1-0 on thread 15 
877 in task t-4 on thread 18 
878 in task t-4 on thread 18 
'C' in task t1-0 on thread 15 
879 in task t-4 on thread 18 
'D' in task t1-0 on thread 15 
'E' in task t1-0 on thread 15 
'F' in task t1-0 on thread 15 


880 in task t-4 on thread 18 
'G' in task t1-0 on thread 15 
'H' in task t1-0 on thread 15 
881 in task t-4 on thread 18 
882 in task t-4 on thread 18 


'I' in task t1-0 on thread 15 
883 in task t-4 on thread 18 
884 in task t-4 on thread 18 


885 in task t-4 on thread 18 
'J' in task t1-0 on thread 15 
'K' in task t1-0 on thread 15 
886 in task t-4 on thread 18 
'L' in task t1-0 on thread 15 
'M' in task t1-0 on thread 15 
'N' in task t1-0 on thread 15 


'O' in task t1-0 on thread 15 
887 in task t-4 on thread 18 
888 in task t-4 on thread 18 
'P' in task t1-0 on thread 15 
'Q' in task t1-0 on thread 15 
'R' in task t1-0 on thread 15 


889 in task t-4 on thread 18 
890 in task t-4 on thread 18 
891 in task t-4 on thread 18 
892 in task t-4 on thread 18 
893 in task t-4 on thread 18 
894 in task t-4 on thread 18 
895 in task t-4 on thread 18 
'S' in task t1-0 on thread 15 
'T' in task t1-0 on thread 15 


896 in task t-4 on thread 18 
897 in task t-4 on thread 18 
898 in task t-4 on thread 18 
899 in task t-4 on thread 18 
'U' in task t1-0 on thread 15 
'V' in task t1-0 on thread 15 


900 in task t-4 on thread 18 
901 in task t-4 on thread 18 
902 in task t-4 on thread 18 
903 in task t-4 on thread 18 
904 in task t-4 on thread 18 
905 in task t-4 on thread 18 
'W' in task t1-0 on thread 15 
'X' in task t1-0 on thread 15 
906 in task t-4 on thread 18 
907 in task t-4 on thread 18 
908 in task t-4 on thread 18 
'Y' in task t1-0 on thread 15 


'Z' in task t1-0 on thread 15 
909 in task t-4 on thread 18 
910 in task t-4 on thread 18 
911 in task t-4 on thread 18 
912 in task t-4 on thread 18 
'[' in task t1-0 on thread 15 


913 in task t-4 on thread 18 
914 in task t-4 on thread 18 
'\' in task t1-0 on thread 15 
915 in task t-4 on thread 18 
916 in task t-4 on thread 18 


917 in task t-4 on thread 18 
918 in task t-4 on thread 18 
']' in task t1-0 on thread 15 
'^' in task t1-0 on thread 15 
919 in task t-4 on thread 18 
920 in task t-4 on thread 18 


921 in task t-4 on thread 18 
'_' in task t1-0 on thread 15 
'`' in task t1-0 on thread 15 
922 in task t-4 on thread 18 
923 in task t-4 on thread 18 
924 in task t-4 on thread 18 
925 in task t-4 on thread 18 
926 in task t-4 on thread 18 
927 in task t-4 on thread 18 
'a' in task t1-0 on thread 15 


'b' in task t1-0 on thread 15 
928 in task t-4 on thread 18 
929 in task t-4 on thread 18 
'c' in task t1-0 on thread 15 
'd' in task t1-0 on thread 15 
930 in task t-4 on thread 18 
'e' in task t1-0 on thread 15 
931 in task t-4 on thread 18 
932 in task t-4 on thread 18 
933 in task t-4 on thread 18 
934 in task t-4 on thread 18 
935 in task t-4 on thread 18 
936 in task t-4 on thread 18 
'f' in task t1-0 on thread 15 
'g' in task t1-0 on thread 15 


'h' in task t1-0 on thread 15 
937 in task t-4 on thread 18 
'i' in task t1-0 on thread 15 


'j' in task t1-0 on thread 15 
'k' in task t1-0 on thread 15 
938 in task t-4 on thread 18 
'l' in task t1-0 on thread 15 
'm' in task t1-0 on thread 15 
'n' in task t1-0 on thread 15 


939 in task t-4 on thread 18 
'o' in task t1-0 on thread 15 
940 in task t-4 on thread 18 
941 in task t-4 on thread 18 
'p' in task t1-0 on thread 15 
'q' in task t1-0 on thread 15 


'r' in task t1-0 on thread 15 
's' in task t1-0 on thread 15 
't' in task t1-0 on thread 15 
942 in task t-4 on thread 18 
943 in task t-4 on thread 18 


'u' in task t1-0 on thread 15 


'v' in task t1-0 on thread 15 
'w' in task t1-0 on thread 15 
'x' in task t1-0 on thread 15 
944 in task t-4 on thread 18 


'y' in task t1-0 on thread 15 
'z' in task t1-0 on thread 15 


945 in task t-4 on thread 18 
'{' in task t1-0 on thread 15 
'|' in task t1-0 on thread 15 


'}' in task t1-0 on thread 15 
'~' in task t1-0 on thread 15 
946 in task t-4 on thread 18 
'!' in task t1-0 on thread 15 
'"' in task t1-0 on thread 15 
'#' in task t1-0 on thread 15 


'$' in task t1-0 on thread 15 
'%' in task t1-0 on thread 15 
947 in task t-4 on thread 18 
'&amp;' in task t1-0 on thread 15 
948 in task t-4 on thread 18 
''' in task t1-0 on thread 15 


'(' in task t1-0 on thread 15 
949 in task t-4 on thread 18 
950 in task t-4 on thread 18 
951 in task t-4 on thread 18 
952 in task t-4 on thread 18 
953 in task t-4 on thread 18 
954 in task t-4 on thread 18 
')' in task t1-0 on thread 15 
955 in task t-4 on thread 18 
956 in task t-4 on thread 18 
'*' in task t1-0 on thread 15 
'+' in task t1-0 on thread 15 
957 in task t-4 on thread 18 


958 in task t-4 on thread 18 
',' in task t1-0 on thread 15 


'-' in task t1-0 on thread 15 
'.' in task t1-0 on thread 15 
959 in task t-4 on thread 18 
'/' in task t1-0 on thread 15 
'0' in task t1-0 on thread 15 
'1' in task t1-0 on thread 15 


960 in task t-4 on thread 18 
961 in task t-4 on thread 18 
'2' in task t1-0 on thread 15 


'3' in task t1-0 on thread 15 
'4' in task t1-0 on thread 15 
962 in task t-4 on thread 18 
'5' in task t1-0 on thread 15 
'6' in task t1-0 on thread 15 
963 in task t-4 on thread 18 
'7' in task t1-0 on thread 15 
'8' in task t1-0 on thread 15 
'9' in task t1-0 on thread 15 
964 in task t-4 on thread 18 


':' in task t1-0 on thread 15 
';' in task t1-0 on thread 15 
965 in task t-4 on thread 18 
966 in task t-4 on thread 18 


'&lt;' in task t1-0 on thread 15 


'=' in task t1-0 on thread 15 
'&gt;' in task t1-0 on thread 15 
'?' in task t1-0 on thread 15 
967 in task t-4 on thread 18 
968 in task t-4 on thread 18 


'@' in task t1-0 on thread 15 


'A' in task t1-0 on thread 15 
969 in task t-4 on thread 18 
'B' in task t1-0 on thread 15 


'C' in task t1-0 on thread 15 
970 in task t-4 on thread 18 
'D' in task t1-0 on thread 15 


'E' in task t1-0 on thread 15 
'F' in task t1-0 on thread 15 
'G' in task t1-0 on thread 15 
971 in task t-4 on thread 18 
972 in task t-4 on thread 18 


973 in task t-4 on thread 18 
'H' in task t1-0 on thread 15 
'I' in task t1-0 on thread 15 
'J' in task t1-0 on thread 15 


'K' in task t1-0 on thread 15 
974 in task t-4 on thread 18 
'L' in task t1-0 on thread 15 
975 in task t-4 on thread 18 


976 in task t-4 on thread 18 
977 in task t-4 on thread 18 
'M' in task t1-0 on thread 15 
978 in task t-4 on thread 18 
'N' in task t1-0 on thread 15 


979 in task t-4 on thread 18 
'O' in task t1-0 on thread 15 
980 in task t-4 on thread 18 
'P' in task t1-0 on thread 15 
981 in task t-4 on thread 18 
982 in task t-4 on thread 18 
'Q' in task t1-0 on thread 15 
'R' in task t1-0 on thread 15 
'S' in task t1-0 on thread 15 


983 in task t-4 on thread 18 
'T' in task t1-0 on thread 15 
'U' in task t1-0 on thread 15 


'V' in task t1-0 on thread 15 
984 in task t-4 on thread 18 
'W' in task t1-0 on thread 15 


'X' in task t1-0 on thread 15 
'Y' in task t1-0 on thread 15 
985 in task t-4 on thread 18 
986 in task t-4 on thread 18 
'Z' in task t1-0 on thread 15 
'[' in task t1-0 on thread 15 


987 in task t-4 on thread 18 
988 in task t-4 on thread 18 
989 in task t-4 on thread 18 
990 in task t-4 on thread 18 
991 in task t-4 on thread 18 
992 in task t-4 on thread 18 
993 in task t-4 on thread 18 
'\' in task t1-0 on thread 15 
']' in task t1-0 on thread 15 


'^' in task t1-0 on thread 15 
994 in task t-4 on thread 18 
995 in task t-4 on thread 18 
'_' in task t1-0 on thread 15 
'`' in task t1-0 on thread 15 
996 in task t-4 on thread 18 
'a' in task t1-0 on thread 15 
997 in task t-4 on thread 18 
'b' in task t1-0 on thread 15 


'c' in task t1-0 on thread 15 
'd' in task t1-0 on thread 15 
998 in task t-4 on thread 18 
'e' in task t1-0 on thread 15 
'f' in task t1-0 on thread 15 
'g' in task t1-0 on thread 15 


999 in task t-4 on thread 18 
'h' in task t1-0 on thread 15 
'i' in task t1-0 on thread 15 


'!' in task t1-1 on thread 18 
'j' in task t1-0 on thread 15 
'k' in task t1-0 on thread 15 


'l' in task t1-0 on thread 15 
'"' in task t1-1 on thread 18 
'm' in task t1-0 on thread 15 


'n' in task t1-0 on thread 15 
'o' in task t1-0 on thread 15 
'#' in task t1-1 on thread 18 


'p' in task t1-0 on thread 15 
'q' in task t1-0 on thread 15 
'r' in task t1-0 on thread 15 


'$' in task t1-1 on thread 18 
's' in task t1-0 on thread 15 
't' in task t1-0 on thread 15 


'%' in task t1-1 on thread 18 
'u' in task t1-0 on thread 15 
'v' in task t1-0 on thread 15 


'w' in task t1-0 on thread 15 
'&amp;' in task t1-1 on thread 18 
'x' in task t1-0 on thread 15 


'y' in task t1-0 on thread 15 
'z' in task t1-0 on thread 15 
'{' in task t1-0 on thread 15 


''' in task t1-1 on thread 18 
'|' in task t1-0 on thread 15 
'}' in task t1-0 on thread 15 


'~' in task t1-0 on thread 15 
'(' in task t1-1 on thread 18 
'!' in task t1-0 on thread 15 


'"' in task t1-0 on thread 15 
')' in task t1-1 on thread 18 
'#' in task t1-0 on thread 15 


'$' in task t1-0 on thread 15 
'%' in task t1-0 on thread 15 
'&amp;' in task t1-0 on thread 15 


'*' in task t1-1 on thread 18 
''' in task t1-0 on thread 15 
'(' in task t1-0 on thread 15 


')' in task t1-0 on thread 15 
'+' in task t1-1 on thread 18 
'*' in task t1-0 on thread 15 


'+' in task t1-0 on thread 15 
',' in task t1-0 on thread 15 
',' in task t1-1 on thread 18 


'-' in task t1-1 on thread 18 
'.' in task t1-1 on thread 18 
'/' in task t1-1 on thread 18 


'-' in task t1-0 on thread 15 
'.' in task t1-0 on thread 15 
'/' in task t1-0 on thread 15 


'0' in task t1-1 on thread 18 
'1' in task t1-1 on thread 18 
'0' in task t1-0 on thread 15 


'1' in task t1-0 on thread 15 
'2' in task t1-0 on thread 15 
'3' in task t1-0 on thread 15 


'2' in task t1-1 on thread 18 
'4' in task t1-0 on thread 15 
'5' in task t1-0 on thread 15 


'3' in task t1-1 on thread 18 
'6' in task t1-0 on thread 15 
'7' in task t1-0 on thread 15 


'8' in task t1-0 on thread 15 
'4' in task t1-1 on thread 18 
'9' in task t1-0 on thread 15 


'5' in task t1-1 on thread 18 
'6' in task t1-1 on thread 18 
':' in task t1-0 on thread 15 


';' in task t1-0 on thread 15 
'7' in task t1-1 on thread 18 
'&lt;' in task t1-0 on thread 15 


'=' in task t1-0 on thread 15 
'&gt;' in task t1-0 on thread 15 
'?' in task t1-0 on thread 15 


'8' in task t1-1 on thread 18 
'9' in task t1-1 on thread 18 
'@' in task t1-0 on thread 15 


':' in task t1-1 on thread 18 
'A' in task t1-0 on thread 15 
'B' in task t1-0 on thread 15 


'C' in task t1-0 on thread 15 
'D' in task t1-0 on thread 15 
';' in task t1-1 on thread 18 


'E' in task t1-0 on thread 15 
'F' in task t1-0 on thread 15 
'G' in task t1-0 on thread 15 


'&lt;' in task t1-1 on thread 18 
'H' in task t1-0 on thread 15 
'I' in task t1-0 on thread 15 


'J' in task t1-0 on thread 15 
'=' in task t1-1 on thread 18 
'K' in task t1-0 on thread 15 


'&gt;' in task t1-1 on thread 18 
'?' in task t1-1 on thread 18 
'@' in task t1-1 on thread 18 


'L' in task t1-0 on thread 15 
'A' in task t1-1 on thread 18 
'B' in task t1-1 on thread 18 


'C' in task t1-1 on thread 18 
'D' in task t1-1 on thread 18 
'E' in task t1-1 on thread 18 


'M' in task t1-0 on thread 15 
'N' in task t1-0 on thread 15 
'F' in task t1-1 on thread 18 


'G' in task t1-1 on thread 18 
'H' in task t1-1 on thread 18 
'I' in task t1-1 on thread 18 


'O' in task t1-0 on thread 15 
'P' in task t1-0 on thread 15 
'Q' in task t1-0 on thread 15 


'J' in task t1-1 on thread 18 
'K' in task t1-1 on thread 18 
'R' in task t1-0 on thread 15 


'L' in task t1-1 on thread 18 
'S' in task t1-0 on thread 15 
'M' in task t1-1 on thread 18 


'T' in task t1-0 on thread 15 
'N' in task t1-1 on thread 18 
'U' in task t1-0 on thread 15 


'O' in task t1-1 on thread 18 
'V' in task t1-0 on thread 15 
'P' in task t1-1 on thread 18 


'W' in task t1-0 on thread 15 
'X' in task t1-0 on thread 15 
'Y' in task t1-0 on thread 15 


'Q' in task t1-1 on thread 18 
'R' in task t1-1 on thread 18 
'S' in task t1-1 on thread 18 


'Z' in task t1-0 on thread 15 
'[' in task t1-0 on thread 15 
'T' in task t1-1 on thread 18 


'U' in task t1-1 on thread 18 
'\' in task t1-0 on thread 15 
']' in task t1-0 on thread 15 


'V' in task t1-1 on thread 18 
'W' in task t1-1 on thread 18 
'X' in task t1-1 on thread 18 


'Y' in task t1-1 on thread 18 
'Z' in task t1-1 on thread 18 
'[' in task t1-1 on thread 18 


'\' in task t1-1 on thread 18 
']' in task t1-1 on thread 18 
'^' in task t1-1 on thread 18 


'_' in task t1-1 on thread 18 
'^' in task t1-0 on thread 15 
'`' in task t1-1 on thread 18 


'_' in task t1-0 on thread 15 
'a' in task t1-1 on thread 18 
'b' in task t1-1 on thread 18 


'`' in task t1-0 on thread 15 
'c' in task t1-1 on thread 18 
'd' in task t1-1 on thread 18 


'e' in task t1-1 on thread 18 
'a' in task t1-0 on thread 15 
'f' in task t1-1 on thread 18 


'b' in task t1-0 on thread 15 
'c' in task t1-0 on thread 15 
'g' in task t1-1 on thread 18 


'h' in task t1-1 on thread 18 
'd' in task t1-0 on thread 15 
'e' in task t1-0 on thread 15 


'f' in task t1-0 on thread 15 
'i' in task t1-1 on thread 18 
'j' in task t1-1 on thread 18 


'g' in task t1-0 on thread 15 
'k' in task t1-1 on thread 18 
'l' in task t1-1 on thread 18 


'h' in task t1-0 on thread 15 
'm' in task t1-1 on thread 18 
'n' in task t1-1 on thread 18 


'o' in task t1-1 on thread 18 
'i' in task t1-0 on thread 15 
'j' in task t1-0 on thread 15 


'p' in task t1-1 on thread 18 
'q' in task t1-1 on thread 18 
'r' in task t1-1 on thread 18 


'k' in task t1-0 on thread 15 
's' in task t1-1 on thread 18 
't' in task t1-1 on thread 18 


'l' in task t1-0 on thread 15 
'm' in task t1-0 on thread 15 
'u' in task t1-1 on thread 18 


'v' in task t1-1 on thread 18 
'n' in task t1-0 on thread 15 
'o' in task t1-0 on thread 15 


'w' in task t1-1 on thread 18 
'x' in task t1-1 on thread 18 
'p' in task t1-0 on thread 15 


'y' in task t1-1 on thread 18 
'z' in task t1-1 on thread 18 
'{' in task t1-1 on thread 18 


'q' in task t1-0 on thread 15 
'r' in task t1-0 on thread 15 
's' in task t1-0 on thread 15 


'|' in task t1-1 on thread 18 
'}' in task t1-1 on thread 18 
'~' in task t1-1 on thread 18 


't' in task t1-0 on thread 15 
'!' in task t1-1 on thread 18 
'"' in task t1-1 on thread 18 


'#' in task t1-1 on thread 18 
'u' in task t1-0 on thread 15 
'v' in task t1-0 on thread 15 


'$' in task t1-1 on thread 18 
'%' in task t1-1 on thread 18 
'&amp;' in task t1-1 on thread 18 


'w' in task t1-0 on thread 15 
''' in task t1-1 on thread 18 
'(' in task t1-1 on thread 18 


')' in task t1-1 on thread 18 
'*' in task t1-1 on thread 18 
'x' in task t1-0 on thread 15 


'+' in task t1-1 on thread 18 
',' in task t1-1 on thread 18 
'y' in task t1-0 on thread 15 


'-' in task t1-1 on thread 18 
'.' in task t1-1 on thread 18 
'/' in task t1-1 on thread 18 


'z' in task t1-0 on thread 15 
'0' in task t1-1 on thread 18 
'1' in task t1-1 on thread 18 


'2' in task t1-1 on thread 18 
'{' in task t1-0 on thread 15 
'3' in task t1-1 on thread 18 


'4' in task t1-1 on thread 18 
'5' in task t1-1 on thread 18 
'|' in task t1-0 on thread 15 


'6' in task t1-1 on thread 18 
'7' in task t1-1 on thread 18 
'}' in task t1-0 on thread 15 


'8' in task t1-1 on thread 18 
'9' in task t1-1 on thread 18 
':' in task t1-1 on thread 18 


'~' in task t1-0 on thread 15 
';' in task t1-1 on thread 18 
'!' in task t1-0 on thread 15 


'&lt;' in task t1-1 on thread 18 
'=' in task t1-1 on thread 18 
'"' in task t1-0 on thread 15 


'#' in task t1-0 on thread 15 
'&gt;' in task t1-1 on thread 18 
'$' in task t1-0 on thread 15 


'%' in task t1-0 on thread 15 
'?' in task t1-1 on thread 18 
'&amp;' in task t1-0 on thread 15 


'@' in task t1-1 on thread 18 
''' in task t1-0 on thread 15 
'(' in task t1-0 on thread 15 


'A' in task t1-1 on thread 18 
')' in task t1-0 on thread 15 
'*' in task t1-0 on thread 15 


'+' in task t1-0 on thread 15 
'B' in task t1-1 on thread 18 
'C' in task t1-1 on thread 18 


'D' in task t1-1 on thread 18 
',' in task t1-0 on thread 15 
'-' in task t1-0 on thread 15 


'.' in task t1-0 on thread 15 
'/' in task t1-0 on thread 15 
'0' in task t1-0 on thread 15 


'1' in task t1-0 on thread 15 
'2' in task t1-0 on thread 15 
'3' in task t1-0 on thread 15 


'4' in task t1-0 on thread 15 
'5' in task t1-0 on thread 15 
'6' in task t1-0 on thread 15 


'E' in task t1-1 on thread 18 
'F' in task t1-1 on thread 18 
'7' in task t1-0 on thread 15 


'8' in task t1-0 on thread 15 
'9' in task t1-0 on thread 15 
':' in task t1-0 on thread 15 


';' in task t1-0 on thread 15 
'&lt;' in task t1-0 on thread 15 
'=' in task t1-0 on thread 15 


'&gt;' in task t1-0 on thread 15 
'?' in task t1-0 on thread 15 
'@' in task t1-0 on thread 15 


'G' in task t1-1 on thread 18 
'A' in task t1-0 on thread 15 
'H' in task t1-1 on thread 18 


'B' in task t1-0 on thread 15 
'C' in task t1-0 on thread 15 
'D' in task t1-0 on thread 15 


'E' in task t1-0 on thread 15 
'F' in task t1-0 on thread 15 
'G' in task t1-0 on thread 15 


'H' in task t1-0 on thread 15 
'I' in task t1-0 on thread 15 
'J' in task t1-0 on thread 15 


'K' in task t1-0 on thread 15 
'L' in task t1-0 on thread 15 
'M' in task t1-0 on thread 15 


'N' in task t1-0 on thread 15 
'O' in task t1-0 on thread 15 
'P' in task t1-0 on thread 15 


'Q' in task t1-0 on thread 15 
'R' in task t1-0 on thread 15 
'S' in task t1-0 on thread 15 


'T' in task t1-0 on thread 15 
'I' in task t1-1 on thread 18 
'U' in task t1-0 on thread 15 


'V' in task t1-0 on thread 15 
'W' in task t1-0 on thread 15 
'X' in task t1-0 on thread 15 


'Y' in task t1-0 on thread 15 
'Z' in task t1-0 on thread 15 
'[' in task t1-0 on thread 15 


'\' in task t1-0 on thread 15 
'J' in task t1-1 on thread 18 
']' in task t1-0 on thread 15 


'K' in task t1-1 on thread 18 
'^' in task t1-0 on thread 15 
'_' in task t1-0 on thread 15 


'`' in task t1-0 on thread 15 
'a' in task t1-0 on thread 15 
'b' in task t1-0 on thread 15 


'c' in task t1-0 on thread 15 
'd' in task t1-0 on thread 15 
'e' in task t1-0 on thread 15 


'L' in task t1-1 on thread 18 
'f' in task t1-0 on thread 15 
'g' in task t1-0 on thread 15 


'h' in task t1-0 on thread 15 
'i' in task t1-0 on thread 15 
'j' in task t1-0 on thread 15 


'k' in task t1-0 on thread 15 
'l' in task t1-0 on thread 15 
'm' in task t1-0 on thread 15 


'n' in task t1-0 on thread 15 
'o' in task t1-0 on thread 15 
'p' in task t1-0 on thread 15 


'M' in task t1-1 on thread 18 
'N' in task t1-1 on thread 18 
'q' in task t1-0 on thread 15 


'O' in task t1-1 on thread 18 
'r' in task t1-0 on thread 15 
's' in task t1-0 on thread 15 


't' in task t1-0 on thread 15 
'u' in task t1-0 on thread 15 
'v' in task t1-0 on thread 15 


'P' in task t1-1 on thread 18 
'Q' in task t1-1 on thread 18 
'w' in task t1-0 on thread 15 


'x' in task t1-0 on thread 15 
'R' in task t1-1 on thread 18 
'y' in task t1-0 on thread 15 


'z' in task t1-0 on thread 15 
'{' in task t1-0 on thread 15 
'|' in task t1-0 on thread 15 


'}' in task t1-0 on thread 15 
'~' in task t1-0 on thread 15 
'!' in task t1-0 on thread 15 


'S' in task t1-1 on thread 18 
'"' in task t1-0 on thread 15 
'#' in task t1-0 on thread 15 


'$' in task t1-0 on thread 15 
'%' in task t1-0 on thread 15 
'&amp;' in task t1-0 on thread 15 


''' in task t1-0 on thread 15 
'(' in task t1-0 on thread 15 
')' in task t1-0 on thread 15 


'*' in task t1-0 on thread 15 
'+' in task t1-0 on thread 15 
',' in task t1-0 on thread 15 


'-' in task t1-0 on thread 15 
'.' in task t1-0 on thread 15 
'T' in task t1-1 on thread 18 


'/' in task t1-0 on thread 15 
'0' in task t1-0 on thread 15 
'U' in task t1-1 on thread 18 


'1' in task t1-0 on thread 15 
'2' in task t1-0 on thread 15 
'3' in task t1-0 on thread 15 


'V' in task t1-1 on thread 18 
'W' in task t1-1 on thread 18 
'X' in task t1-1 on thread 18 


'4' in task t1-0 on thread 15 
'5' in task t1-0 on thread 15 
'6' in task t1-0 on thread 15 


'7' in task t1-0 on thread 15 
'8' in task t1-0 on thread 15 
'9' in task t1-0 on thread 15 


':' in task t1-0 on thread 15 
';' in task t1-0 on thread 15 
'Y' in task t1-1 on thread 18 


'&lt;' in task t1-0 on thread 15 
'=' in task t1-0 on thread 15 
'&gt;' in task t1-0 on thread 15 


'Z' in task t1-1 on thread 18 
'?' in task t1-0 on thread 15 
'@' in task t1-0 on thread 15 


'A' in task t1-0 on thread 15 
'B' in task t1-0 on thread 15 
'C' in task t1-0 on thread 15 


'[' in task t1-1 on thread 18 
'D' in task t1-0 on thread 15 
'E' in task t1-0 on thread 15 


'F' in task t1-0 on thread 15 
'G' in task t1-0 on thread 15 
'H' in task t1-0 on thread 15 


'\' in task t1-1 on thread 18 
']' in task t1-1 on thread 18 
'I' in task t1-0 on thread 15 


'J' in task t1-0 on thread 15 
'K' in task t1-0 on thread 15 
'L' in task t1-0 on thread 15 


'M' in task t1-0 on thread 15 
'^' in task t1-1 on thread 18 
'N' in task t1-0 on thread 15 


'O' in task t1-0 on thread 15 
'P' in task t1-0 on thread 15 
'Q' in task t1-0 on thread 15 


'R' in task t1-0 on thread 15 
'S' in task t1-0 on thread 15 
'T' in task t1-0 on thread 15 


'_' in task t1-1 on thread 18 
'`' in task t1-1 on thread 18 
'U' in task t1-0 on thread 15 


'a' in task t1-1 on thread 18 
'V' in task t1-0 on thread 15 
'W' in task t1-0 on thread 15 


'X' in task t1-0 on thread 15 
'Y' in task t1-0 on thread 15 
'b' in task t1-1 on thread 18 


'Z' in task t1-0 on thread 15 
'[' in task t1-0 on thread 15 
'\' in task t1-0 on thread 15 


']' in task t1-0 on thread 15 
'^' in task t1-0 on thread 15 
'_' in task t1-0 on thread 15 


'`' in task t1-0 on thread 15 
'c' in task t1-1 on thread 18 
'd' in task t1-1 on thread 18 


'a' in task t1-0 on thread 15 
'e' in task t1-1 on thread 18 
'b' in task t1-0 on thread 15 


'c' in task t1-0 on thread 15 
'd' in task t1-0 on thread 15 
'e' in task t1-0 on thread 15 


'f' in task t1-1 on thread 18 
'g' in task t1-1 on thread 18 
'f' in task t1-0 on thread 15 


'g' in task t1-0 on thread 15 
'h' in task t1-0 on thread 15 
'i' in task t1-0 on thread 15 


'j' in task t1-0 on thread 15 
'k' in task t1-0 on thread 15 
'h' in task t1-1 on thread 18 


'l' in task t1-0 on thread 15 
'm' in task t1-0 on thread 15 
'n' in task t1-0 on thread 15 


'o' in task t1-0 on thread 15 
'p' in task t1-0 on thread 15 
'q' in task t1-0 on thread 15 


'r' in task t1-0 on thread 15 
's' in task t1-0 on thread 15 
't' in task t1-0 on thread 15 


'u' in task t1-0 on thread 15 
'v' in task t1-0 on thread 15 
'w' in task t1-0 on thread 15 


'x' in task t1-0 on thread 15 
'y' in task t1-0 on thread 15 
'z' in task t1-0 on thread 15 


'{' in task t1-0 on thread 15 
'i' in task t1-1 on thread 18 
'j' in task t1-1 on thread 18 


'k' in task t1-1 on thread 18 
'l' in task t1-1 on thread 18 
'm' in task t1-1 on thread 18 


'n' in task t1-1 on thread 18 
'o' in task t1-1 on thread 18 
'|' in task t1-0 on thread 15 


'p' in task t1-1 on thread 18 
'}' in task t1-0 on thread 15 
'q' in task t1-1 on thread 18 


'~' in task t1-0 on thread 15 
'r' in task t1-1 on thread 18 
'!' in task t1-0 on thread 15 


's' in task t1-1 on thread 18 
'"' in task t1-0 on thread 15 
't' in task t1-1 on thread 18 


'#' in task t1-0 on thread 15 
'u' in task t1-1 on thread 18 
'$' in task t1-0 on thread 15 


'v' in task t1-1 on thread 18 
'%' in task t1-0 on thread 15 
'w' in task t1-1 on thread 18 


'&amp;' in task t1-0 on thread 15 
'x' in task t1-1 on thread 18 
''' in task t1-0 on thread 15 


'y' in task t1-1 on thread 18 
'(' in task t1-0 on thread 15 
'z' in task t1-1 on thread 18 


')' in task t1-0 on thread 15 
'{' in task t1-1 on thread 18 
'*' in task t1-0 on thread 15 


'|' in task t1-1 on thread 18 
'+' in task t1-0 on thread 15 
'}' in task t1-1 on thread 18 


',' in task t1-0 on thread 15 
'~' in task t1-1 on thread 18 
'-' in task t1-0 on thread 15 


'.' in task t1-0 on thread 15 
'/' in task t1-0 on thread 15 
'0' in task t1-0 on thread 15 


'1' in task t1-0 on thread 15 
'2' in task t1-0 on thread 15 
'!' in task t1-1 on thread 18 


'3' in task t1-0 on thread 15 
'"' in task t1-1 on thread 18 
'4' in task t1-0 on thread 15 


'#' in task t1-1 on thread 18 
'5' in task t1-0 on thread 15 
'$' in task t1-1 on thread 18 


'6' in task t1-0 on thread 15 
'%' in task t1-1 on thread 18 
'7' in task t1-0 on thread 15 


'&amp;' in task t1-1 on thread 18 
'8' in task t1-0 on thread 15 
'9' in task t1-0 on thread 15 


''' in task t1-1 on thread 18 
':' in task t1-0 on thread 15 
';' in task t1-0 on thread 15 


'(' in task t1-1 on thread 18 
')' in task t1-1 on thread 18 
'*' in task t1-1 on thread 18 


'&lt;' in task t1-0 on thread 15 
'=' in task t1-0 on thread 15 
'&gt;' in task t1-0 on thread 15 


'+' in task t1-1 on thread 18 
',' in task t1-1 on thread 18 
'?' in task t1-0 on thread 15 


'-' in task t1-1 on thread 18 
'@' in task t1-0 on thread 15 
'A' in task t1-0 on thread 15 


'.' in task t1-1 on thread 18 
'B' in task t1-0 on thread 15 
'C' in task t1-0 on thread 15 


'/' in task t1-1 on thread 18 
'0' in task t1-1 on thread 18 
'D' in task t1-0 on thread 15 


'E' in task t1-0 on thread 15 
'F' in task t1-0 on thread 15 
'1' in task t1-1 on thread 18 


'G' in task t1-0 on thread 15 
'H' in task t1-0 on thread 15 
'I' in task t1-0 on thread 15 


'2' in task t1-1 on thread 18 
'J' in task t1-0 on thread 15 
'K' in task t1-0 on thread 15 


'3' in task t1-1 on thread 18 
'L' in task t1-0 on thread 15 
'M' in task t1-0 on thread 15 


'4' in task t1-1 on thread 18 
'N' in task t1-0 on thread 15 
'O' in task t1-0 on thread 15 


'P' in task t1-0 on thread 15 
'5' in task t1-1 on thread 18 
'Q' in task t1-0 on thread 15 


'R' in task t1-0 on thread 15 
'S' in task t1-0 on thread 15 
'6' in task t1-1 on thread 18 


'T' in task t1-0 on thread 15 
'U' in task t1-0 on thread 15 
'V' in task t1-0 on thread 15 


'7' in task t1-1 on thread 18 
'W' in task t1-0 on thread 15 
'X' in task t1-0 on thread 15 


'8' in task t1-1 on thread 18 
'9' in task t1-1 on thread 18 
'Y' in task t1-0 on thread 15 


'Z' in task t1-0 on thread 15 
'[' in task t1-0 on thread 15 
'\' in task t1-0 on thread 15 


':' in task t1-1 on thread 18 
';' in task t1-1 on thread 18 
']' in task t1-0 on thread 15 


'^' in task t1-0 on thread 15 
'_' in task t1-0 on thread 15 
'`' in task t1-0 on thread 15 


'&lt;' in task t1-1 on thread 18 
'a' in task t1-0 on thread 15 
'b' in task t1-0 on thread 15 


'c' in task t1-0 on thread 15 
'd' in task t1-0 on thread 15 
'=' in task t1-1 on thread 18 


'e' in task t1-0 on thread 15 
'f' in task t1-0 on thread 15 
'&gt;' in task t1-1 on thread 18 


'?' in task t1-1 on thread 18 
'g' in task t1-0 on thread 15 
'h' in task t1-0 on thread 15 


'i' in task t1-0 on thread 15 
'@' in task t1-1 on thread 18 
'j' in task t1-0 on thread 15 


'A' in task t1-1 on thread 18 
'k' in task t1-0 on thread 15 
'l' in task t1-0 on thread 15 


'm' in task t1-0 on thread 15 
'B' in task t1-1 on thread 18 
'C' in task t1-1 on thread 18 


'n' in task t1-0 on thread 15 
'o' in task t1-0 on thread 15 
'p' in task t1-0 on thread 15 


'D' in task t1-1 on thread 18 
'q' in task t1-0 on thread 15 
'r' in task t1-0 on thread 15 


's' in task t1-0 on thread 15 
't' in task t1-0 on thread 15 
'E' in task t1-1 on thread 18 


'u' in task t1-0 on thread 15 
'v' in task t1-0 on thread 15 
'w' in task t1-0 on thread 15 


'F' in task t1-1 on thread 18 
'G' in task t1-1 on thread 18 
'x' in task t1-0 on thread 15 


'H' in task t1-1 on thread 18 
'I' in task t1-1 on thread 18 
'J' in task t1-1 on thread 18 


'y' in task t1-0 on thread 15 
'z' in task t1-0 on thread 15 
'{' in task t1-0 on thread 15 


'K' in task t1-1 on thread 18 
'|' in task t1-0 on thread 15 
'L' in task t1-1 on thread 18 


'}' in task t1-0 on thread 15 
'~' in task t1-0 on thread 15 
'!' in task t1-0 on thread 15 


'M' in task t1-1 on thread 18 
'"' in task t1-0 on thread 15 
'#' in task t1-0 on thread 15 


'$' in task t1-0 on thread 15 
'%' in task t1-0 on thread 15 
'N' in task t1-1 on thread 18 


'&amp;' in task t1-0 on thread 15 
''' in task t1-0 on thread 15 
'(' in task t1-0 on thread 15 


'O' in task t1-1 on thread 18 
')' in task t1-0 on thread 15 
'*' in task t1-0 on thread 15 


'+' in task t1-0 on thread 15 
',' in task t1-0 on thread 15 
'P' in task t1-1 on thread 18 


'-' in task t1-0 on thread 15 
'.' in task t1-0 on thread 15 
'/' in task t1-0 on thread 15 


'Q' in task t1-1 on thread 18 
'R' in task t1-1 on thread 18 
'0' in task t1-0 on thread 15 


'1' in task t1-0 on thread 15 
'S' in task t1-1 on thread 18 
'2' in task t1-0 on thread 15 


'3' in task t1-0 on thread 15 
'T' in task t1-1 on thread 18 
'U' in task t1-1 on thread 18 


'4' in task t1-0 on thread 15 
'5' in task t1-0 on thread 15 
'V' in task t1-1 on thread 18 


'6' in task t1-0 on thread 15 
'7' in task t1-0 on thread 15 
'8' in task t1-0 on thread 15 


'W' in task t1-1 on thread 18 
'9' in task t1-0 on thread 15 
':' in task t1-0 on thread 15 


'X' in task t1-1 on thread 18 
';' in task t1-0 on thread 15 
'&lt;' in task t1-0 on thread 15 


'Y' in task t1-1 on thread 18 
'=' in task t1-0 on thread 15 
'&gt;' in task t1-0 on thread 15 


'?' in task t1-0 on thread 15 
'Z' in task t1-1 on thread 18 
'@' in task t1-0 on thread 15 


'A' in task t1-0 on thread 15 
'[' in task t1-1 on thread 18 
'B' in task t1-0 on thread 15 


'C' in task t1-0 on thread 15 
'D' in task t1-0 on thread 15 
'\' in task t1-1 on thread 18 


'E' in task t1-0 on thread 15 
'F' in task t1-0 on thread 15 
'G' in task t1-0 on thread 15 


']' in task t1-1 on thread 18 
'^' in task t1-1 on thread 18 
'_' in task t1-1 on thread 18 


'H' in task t1-0 on thread 15 
'I' in task t1-0 on thread 15 
'`' in task t1-1 on thread 18 


'J' in task t1-0 on thread 15 
'K' in task t1-0 on thread 15 
'L' in task t1-0 on thread 15 


'a' in task t1-1 on thread 18 
'M' in task t1-0 on thread 15 
'N' in task t1-0 on thread 15 


'O' in task t1-0 on thread 15 
'b' in task t1-1 on thread 18 
'P' in task t1-0 on thread 15 


'Q' in task t1-0 on thread 15 
'c' in task t1-1 on thread 18 
'd' in task t1-1 on thread 18 


'R' in task t1-0 on thread 15 
'S' in task t1-0 on thread 15 
'T' in task t1-0 on thread 15 


'U' in task t1-0 on thread 15 
'e' in task t1-1 on thread 18 
'V' in task t1-0 on thread 15 


'f' in task t1-1 on thread 18 
'W' in task t1-0 on thread 15 
'X' in task t1-0 on thread 15 


'g' in task t1-1 on thread 18 
'Y' in task t1-0 on thread 15 
'Z' in task t1-0 on thread 15 


'h' in task t1-1 on thread 18 
'i' in task t1-1 on thread 18 
'[' in task t1-0 on thread 15 


'\' in task t1-0 on thread 15 
'j' in task t1-1 on thread 18 
'k' in task t1-1 on thread 18 


']' in task t1-0 on thread 15 
'^' in task t1-0 on thread 15 
'_' in task t1-0 on thread 15 


'l' in task t1-1 on thread 18 
'`' in task t1-0 on thread 15 
'a' in task t1-0 on thread 15 


'm' in task t1-1 on thread 18 
'b' in task t1-0 on thread 15 
'n' in task t1-1 on thread 18 


'o' in task t1-1 on thread 18 
'p' in task t1-1 on thread 18 
'q' in task t1-1 on thread 18 


'r' in task t1-1 on thread 18 
's' in task t1-1 on thread 18 
't' in task t1-1 on thread 18 


'c' in task t1-0 on thread 15 
'u' in task t1-1 on thread 18 
'd' in task t1-0 on thread 15 


'v' in task t1-1 on thread 18 
'e' in task t1-0 on thread 15 
'w' in task t1-1 on thread 18 


'f' in task t1-0 on thread 15 
'x' in task t1-1 on thread 18 
'g' in task t1-0 on thread 15 


'y' in task t1-1 on thread 18 
'h' in task t1-0 on thread 15 
'z' in task t1-1 on thread 18 


'i' in task t1-0 on thread 15 
'{' in task t1-1 on thread 18 
'j' in task t1-0 on thread 15 


'|' in task t1-1 on thread 18 
'k' in task t1-0 on thread 15 
'}' in task t1-1 on thread 18 


'l' in task t1-0 on thread 15 
'~' in task t1-1 on thread 18 
'!' in task t1-1 on thread 18 


'"' in task t1-1 on thread 18 
'm' in task t1-0 on thread 15 
'#' in task t1-1 on thread 18 


'n' in task t1-0 on thread 15 
'$' in task t1-1 on thread 18 
'%' in task t1-1 on thread 18 


'&amp;' in task t1-1 on thread 18 
'o' in task t1-0 on thread 15 
''' in task t1-1 on thread 18 


'(' in task t1-1 on thread 18 
')' in task t1-1 on thread 18 
'*' in task t1-1 on thread 18 


'+' in task t1-1 on thread 18 
',' in task t1-1 on thread 18 
'-' in task t1-1 on thread 18 


'p' in task t1-0 on thread 15 
'.' in task t1-1 on thread 18 
'/' in task t1-1 on thread 18 


'0' in task t1-1 on thread 18 
'1' in task t1-1 on thread 18 
'2' in task t1-1 on thread 18 


'3' in task t1-1 on thread 18 
'4' in task t1-1 on thread 18 
'5' in task t1-1 on thread 18 


'q' in task t1-0 on thread 15 
'6' in task t1-1 on thread 18 
'r' in task t1-0 on thread 15 


'7' in task t1-1 on thread 18 
's' in task t1-0 on thread 15 
'8' in task t1-1 on thread 18 


't' in task t1-0 on thread 15 
'9' in task t1-1 on thread 18 
':' in task t1-1 on thread 18 


'u' in task t1-0 on thread 15 
';' in task t1-1 on thread 18 
'&lt;' in task t1-1 on thread 18 


'v' in task t1-0 on thread 15 
'=' in task t1-1 on thread 18 
'&gt;' in task t1-1 on thread 18 


'w' in task t1-0 on thread 15 
'?' in task t1-1 on thread 18 
'@' in task t1-1 on thread 18 


'x' in task t1-0 on thread 15 
'A' in task t1-1 on thread 18 
'B' in task t1-1 on thread 18 


'y' in task t1-0 on thread 15 
'C' in task t1-1 on thread 18 
'D' in task t1-1 on thread 18 


'z' in task t1-0 on thread 15 
'E' in task t1-1 on thread 18 
'F' in task t1-1 on thread 18 


'{' in task t1-0 on thread 15 
'G' in task t1-1 on thread 18 
'H' in task t1-1 on thread 18 


'|' in task t1-0 on thread 15 
'I' in task t1-1 on thread 18 
'J' in task t1-1 on thread 18 


'}' in task t1-0 on thread 15 
'K' in task t1-1 on thread 18 
'L' in task t1-1 on thread 18 


'~' in task t1-0 on thread 15 
'M' in task t1-1 on thread 18 
'N' in task t1-1 on thread 18 


'!' in task t1-0 on thread 15 
'O' in task t1-1 on thread 18 
'"' in task t1-0 on thread 15 


'P' in task t1-1 on thread 18 
'Q' in task t1-1 on thread 18 
'R' in task t1-1 on thread 18 


'#' in task t1-0 on thread 15 
'S' in task t1-1 on thread 18 
'T' in task t1-1 on thread 18 


'$' in task t1-0 on thread 15 
'U' in task t1-1 on thread 18 
'%' in task t1-0 on thread 15 


'V' in task t1-1 on thread 18 
'&amp;' in task t1-0 on thread 15 
'W' in task t1-1 on thread 18 


''' in task t1-0 on thread 15 
'X' in task t1-1 on thread 18 
'(' in task t1-0 on thread 15 


'Y' in task t1-1 on thread 18 
')' in task t1-0 on thread 15 
'Z' in task t1-1 on thread 18 


'*' in task t1-0 on thread 15 
'[' in task t1-1 on thread 18 
'+' in task t1-0 on thread 15 


'\' in task t1-1 on thread 18 
',' in task t1-0 on thread 15 
']' in task t1-1 on thread 18 


'-' in task t1-0 on thread 15 
'^' in task t1-1 on thread 18 
'.' in task t1-0 on thread 15 


'_' in task t1-1 on thread 18 
'`' in task t1-1 on thread 18 
'/' in task t1-0 on thread 15 


'a' in task t1-1 on thread 18 
'0' in task t1-0 on thread 15 
'1' in task t1-0 on thread 15 


'b' in task t1-1 on thread 18 
'c' in task t1-1 on thread 18 
'd' in task t1-1 on thread 18 


'2' in task t1-0 on thread 15 
'e' in task t1-1 on thread 18 
'f' in task t1-1 on thread 18 


'3' in task t1-0 on thread 15 
'4' in task t1-0 on thread 15 
'g' in task t1-1 on thread 18 


'5' in task t1-0 on thread 15 
'6' in task t1-0 on thread 15 
'7' in task t1-0 on thread 15 


'h' in task t1-1 on thread 18 
'8' in task t1-0 on thread 15 
'9' in task t1-0 on thread 15 


'i' in task t1-1 on thread 18 
'j' in task t1-1 on thread 18 
':' in task t1-0 on thread 15 


'k' in task t1-1 on thread 18 
';' in task t1-0 on thread 15 
'l' in task t1-1 on thread 18 


'&lt;' in task t1-0 on thread 15 
'm' in task t1-1 on thread 18 
'=' in task t1-0 on thread 15 


'n' in task t1-1 on thread 18 
'&gt;' in task t1-0 on thread 15 
'?' in task t1-0 on thread 15 


'o' in task t1-1 on thread 18 
'@' in task t1-0 on thread 15 
'p' in task t1-1 on thread 18 


'q' in task t1-1 on thread 18 
'A' in task t1-0 on thread 15 
'B' in task t1-0 on thread 15 


'r' in task t1-1 on thread 18 
'C' in task t1-0 on thread 15 
'D' in task t1-0 on thread 15 


'E' in task t1-0 on thread 15 
's' in task t1-1 on thread 18 
'F' in task t1-0 on thread 15 


't' in task t1-1 on thread 18 
'G' in task t1-0 on thread 15 
'H' in task t1-0 on thread 15 


'u' in task t1-1 on thread 18 
'I' in task t1-0 on thread 15 
'J' in task t1-0 on thread 15 


'v' in task t1-1 on thread 18 
'w' in task t1-1 on thread 18 
'x' in task t1-1 on thread 18 


'K' in task t1-0 on thread 15 
'L' in task t1-0 on thread 15 
'M' in task t1-0 on thread 15 


'N' in task t1-0 on thread 15 
'O' in task t1-0 on thread 15 
'P' in task t1-0 on thread 15 


'y' in task t1-1 on thread 18 
'Q' in task t1-0 on thread 15 
'R' in task t1-0 on thread 15 


'S' in task t1-0 on thread 15 
'T' in task t1-0 on thread 15 
'z' in task t1-1 on thread 18 


'U' in task t1-0 on thread 15 
'V' in task t1-0 on thread 15 
'W' in task t1-0 on thread 15 


'{' in task t1-1 on thread 18 
'|' in task t1-1 on thread 18 
'}' in task t1-1 on thread 18 


'X' in task t1-0 on thread 15 
'Y' in task t1-0 on thread 15 
'~' in task t1-1 on thread 18 


'!' in task t1-1 on thread 18 
'"' in task t1-1 on thread 18 
'#' in task t1-1 on thread 18 


'Z' in task t1-0 on thread 15 
'[' in task t1-0 on thread 15 
'\' in task t1-0 on thread 15 


'$' in task t1-1 on thread 18 
']' in task t1-0 on thread 15 
'^' in task t1-0 on thread 15 


'_' in task t1-0 on thread 15 
'%' in task t1-1 on thread 18 
'&amp;' in task t1-1 on thread 18 


'`' in task t1-0 on thread 15 
'a' in task t1-0 on thread 15 
''' in task t1-1 on thread 18 


'b' in task t1-0 on thread 15 
'c' in task t1-0 on thread 15 
'(' in task t1-1 on thread 18 


'd' in task t1-0 on thread 15 
'e' in task t1-0 on thread 15 
'f' in task t1-0 on thread 15 


')' in task t1-1 on thread 18 
'g' in task t1-0 on thread 15 
'h' in task t1-0 on thread 15 


'*' in task t1-1 on thread 18 
'i' in task t1-0 on thread 15 
'j' in task t1-0 on thread 15 


'+' in task t1-1 on thread 18 
'k' in task t1-0 on thread 15 
',' in task t1-1 on thread 18 


'l' in task t1-0 on thread 15 
'-' in task t1-1 on thread 18 
'm' in task t1-0 on thread 15 


'n' in task t1-0 on thread 15 
'.' in task t1-1 on thread 18 
'o' in task t1-0 on thread 15 


'p' in task t1-0 on thread 15 
'/' in task t1-1 on thread 18 
'0' in task t1-1 on thread 18 


'q' in task t1-0 on thread 15 
'r' in task t1-0 on thread 15 
'1' in task t1-1 on thread 18 


's' in task t1-0 on thread 15 
'2' in task t1-1 on thread 18 
'3' in task t1-1 on thread 18 


't' in task t1-0 on thread 15 
'4' in task t1-1 on thread 18 
'5' in task t1-1 on thread 18 


'u' in task t1-0 on thread 15 
'6' in task t1-1 on thread 18 
'7' in task t1-1 on thread 18 


'v' in task t1-0 on thread 15 
'w' in task t1-0 on thread 15 
'8' in task t1-1 on thread 18 


'x' in task t1-0 on thread 15 
'y' in task t1-0 on thread 15 
'9' in task t1-1 on thread 18 


'z' in task t1-0 on thread 15 
'{' in task t1-0 on thread 15 
'|' in task t1-0 on thread 15 


':' in task t1-1 on thread 18 
'}' in task t1-0 on thread 15 
'~' in task t1-0 on thread 15 


';' in task t1-1 on thread 18 
'!' in task t1-0 on thread 15 
'"' in task t1-0 on thread 15 


'&lt;' in task t1-1 on thread 18 
'#' in task t1-0 on thread 15 
'$' in task t1-0 on thread 15 


'=' in task t1-1 on thread 18 
'%' in task t1-0 on thread 15 
'&amp;' in task t1-0 on thread 15 


'&gt;' in task t1-1 on thread 18 
''' in task t1-0 on thread 15 
'(' in task t1-0 on thread 15 


')' in task t1-0 on thread 15 
'?' in task t1-1 on thread 18 
'@' in task t1-1 on thread 18 


'*' in task t1-0 on thread 15 
'+' in task t1-0 on thread 15 
',' in task t1-0 on thread 15 


'A' in task t1-1 on thread 18 
'-' in task t1-0 on thread 15 
'.' in task t1-0 on thread 15 


'/' in task t1-0 on thread 15 
'0' in task t1-0 on thread 15 
'B' in task t1-1 on thread 18 


'1' in task t1-0 on thread 15 
'2' in task t1-0 on thread 15 
'3' in task t1-0 on thread 15 


'C' in task t1-1 on thread 18 
'4' in task t1-0 on thread 15 
'5' in task t1-0 on thread 15 


'6' in task t1-0 on thread 15 
'D' in task t1-1 on thread 18 
'7' in task t1-0 on thread 15 


'8' in task t1-0 on thread 15 
'E' in task t1-1 on thread 18 
'F' in task t1-1 on thread 18 


'9' in task t1-0 on thread 15 
':' in task t1-0 on thread 15 
';' in task t1-0 on thread 15 


'G' in task t1-1 on thread 18 
'&lt;' in task t1-0 on thread 15 
'=' in task t1-0 on thread 15 


'&gt;' in task t1-0 on thread 15 
'H' in task t1-1 on thread 18 
'I' in task t1-1 on thread 18 


'?' in task t1-0 on thread 15 
'@' in task t1-0 on thread 15 
'J' in task t1-1 on thread 18 


'K' in task t1-1 on thread 18 
'A' in task t1-0 on thread 15 
'B' in task t1-0 on thread 15 


'L' in task t1-1 on thread 18 
'C' in task t1-0 on thread 15 
'M' in task t1-1 on thread 18 


'N' in task t1-1 on thread 18 
'D' in task t1-0 on thread 15 
'E' in task t1-0 on thread 15 


'O' in task t1-1 on thread 18 
'F' in task t1-0 on thread 15 
'G' in task t1-0 on thread 15 


'P' in task t1-1 on thread 18 
'Q' in task t1-1 on thread 18 
'R' in task t1-1 on thread 18 


'H' in task t1-0 on thread 15 
'I' in task t1-0 on thread 15 
'S' in task t1-1 on thread 18 


'T' in task t1-1 on thread 18 
'U' in task t1-1 on thread 18 
'J' in task t1-0 on thread 15 


'V' in task t1-1 on thread 18 
'W' in task t1-1 on thread 18 
'X' in task t1-1 on thread 18 


'Y' in task t1-1 on thread 18 
'K' in task t1-0 on thread 15 
'Z' in task t1-1 on thread 18 


'L' in task t1-0 on thread 15 
'M' in task t1-0 on thread 15 
'N' in task t1-0 on thread 15 


'[' in task t1-1 on thread 18 
'\' in task t1-1 on thread 18 
'O' in task t1-0 on thread 15 


'P' in task t1-0 on thread 15 
']' in task t1-1 on thread 18 
'^' in task t1-1 on thread 18 


'Q' in task t1-0 on thread 15 
'_' in task t1-1 on thread 18 
'`' in task t1-1 on thread 18 


'R' in task t1-0 on thread 15 
'a' in task t1-1 on thread 18 
'b' in task t1-1 on thread 18 


'S' in task t1-0 on thread 15 
'c' in task t1-1 on thread 18 
'd' in task t1-1 on thread 18 


'T' in task t1-0 on thread 15 
'U' in task t1-0 on thread 15 
'e' in task t1-1 on thread 18 


'V' in task t1-0 on thread 15 
'W' in task t1-0 on thread 15 
'f' in task t1-1 on thread 18 


'X' in task t1-0 on thread 15 
'Y' in task t1-0 on thread 15 
'g' in task t1-1 on thread 18 


'Z' in task t1-0 on thread 15 
'[' in task t1-0 on thread 15 
'h' in task t1-1 on thread 18 


'\' in task t1-0 on thread 15 
'i' in task t1-1 on thread 18 
'j' in task t1-1 on thread 18 


'k' in task t1-1 on thread 18 
']' in task t1-0 on thread 15 
'^' in task t1-0 on thread 15 


'l' in task t1-1 on thread 18 
'_' in task t1-0 on thread 15 
'`' in task t1-0 on thread 15 


'a' in task t1-0 on thread 15 
'b' in task t1-0 on thread 15 
'c' in task t1-0 on thread 15 


'd' in task t1-0 on thread 15 
'm' in task t1-1 on thread 18 
'e' in task t1-0 on thread 15 


'n' in task t1-1 on thread 18 
'f' in task t1-0 on thread 15 
'g' in task t1-0 on thread 15 


'o' in task t1-1 on thread 18 
'p' in task t1-1 on thread 18 
'q' in task t1-1 on thread 18 


'h' in task t1-0 on thread 15 
'i' in task t1-0 on thread 15 
'r' in task t1-1 on thread 18 


's' in task t1-1 on thread 18 
'j' in task t1-0 on thread 15 
'k' in task t1-0 on thread 15 


't' in task t1-1 on thread 18 
'u' in task t1-1 on thread 18 
'v' in task t1-1 on thread 18 


'l' in task t1-0 on thread 15 
'm' in task t1-0 on thread 15 
'w' in task t1-1 on thread 18 


'x' in task t1-1 on thread 18 
'n' in task t1-0 on thread 15 
'o' in task t1-0 on thread 15 


'y' in task t1-1 on thread 18 
'p' in task t1-0 on thread 15 
'q' in task t1-0 on thread 15 


'z' in task t1-1 on thread 18 
'{' in task t1-1 on thread 18 
'|' in task t1-1 on thread 18 


'r' in task t1-0 on thread 15 
's' in task t1-0 on thread 15 
'}' in task t1-1 on thread 18 


't' in task t1-0 on thread 15 
'u' in task t1-0 on thread 15 
'v' in task t1-0 on thread 15 


'~' in task t1-1 on thread 18 
'w' in task t1-0 on thread 15 
'x' in task t1-0 on thread 15 


'!' in task t1-1 on thread 18 
'"' in task t1-1 on thread 18 
'#' in task t1-1 on thread 18 


'y' in task t1-0 on thread 15 
'z' in task t1-0 on thread 15 
'$' in task t1-1 on thread 18 


'%' in task t1-1 on thread 18 
'{' in task t1-0 on thread 15 
'|' in task t1-0 on thread 15 


'&amp;' in task t1-1 on thread 18 
'}' in task t1-0 on thread 15 
'~' in task t1-0 on thread 15 


''' in task t1-1 on thread 18 
'(' in task t1-1 on thread 18 
'!' in task t1-2 on thread 15 


'"' in task t1-2 on thread 15 
')' in task t1-1 on thread 18 
'*' in task t1-1 on thread 18 


'#' in task t1-2 on thread 15 
'$' in task t1-2 on thread 15 
'%' in task t1-2 on thread 15 


'+' in task t1-1 on thread 18 
',' in task t1-1 on thread 18 
'&amp;' in task t1-2 on thread 15 


'-' in task t1-1 on thread 18 
'.' in task t1-1 on thread 18 
'/' in task t1-1 on thread 18 


''' in task t1-2 on thread 15 
'0' in task t1-1 on thread 18 
'1' in task t1-1 on thread 18 


'(' in task t1-2 on thread 15 
')' in task t1-2 on thread 15 
'2' in task t1-1 on thread 18 


'3' in task t1-1 on thread 18 
'4' in task t1-1 on thread 18 
'*' in task t1-2 on thread 15 


'5' in task t1-1 on thread 18 
'+' in task t1-2 on thread 15 
'6' in task t1-1 on thread 18 


',' in task t1-2 on thread 15 
'-' in task t1-2 on thread 15 
'7' in task t1-1 on thread 18 


'8' in task t1-1 on thread 18 
'.' in task t1-2 on thread 15 
'9' in task t1-1 on thread 18 


'/' in task t1-2 on thread 15 
':' in task t1-1 on thread 18 
';' in task t1-1 on thread 18 


'0' in task t1-2 on thread 15 
'1' in task t1-2 on thread 15 
'&lt;' in task t1-1 on thread 18 


'2' in task t1-2 on thread 15 
'3' in task t1-2 on thread 15 
'4' in task t1-2 on thread 15 


'=' in task t1-1 on thread 18 
'&gt;' in task t1-1 on thread 18 
'5' in task t1-2 on thread 15 


'6' in task t1-2 on thread 15 
'?' in task t1-1 on thread 18 
'@' in task t1-1 on thread 18 


'A' in task t1-1 on thread 18 
'7' in task t1-2 on thread 15 
'B' in task t1-1 on thread 18 


'C' in task t1-1 on thread 18 
'8' in task t1-2 on thread 15 
'9' in task t1-2 on thread 15 


'D' in task t1-1 on thread 18 
'E' in task t1-1 on thread 18 
'F' in task t1-1 on thread 18 


':' in task t1-2 on thread 15 
';' in task t1-2 on thread 15 
'G' in task t1-1 on thread 18 


'&lt;' in task t1-2 on thread 15 
'=' in task t1-2 on thread 15 
'H' in task t1-1 on thread 18 


'&gt;' in task t1-2 on thread 15 
'I' in task t1-1 on thread 18 
'J' in task t1-1 on thread 18 


'?' in task t1-2 on thread 15 
'@' in task t1-2 on thread 15 
'K' in task t1-1 on thread 18 


'L' in task t1-1 on thread 18 
'A' in task t1-2 on thread 15 
'B' in task t1-2 on thread 15 


'M' in task t1-1 on thread 18 
'N' in task t1-1 on thread 18 
'O' in task t1-1 on thread 18 


'C' in task t1-2 on thread 15 
'D' in task t1-2 on thread 15 
'P' in task t1-1 on thread 18 


'Q' in task t1-1 on thread 18 
'R' in task t1-1 on thread 18 
'E' in task t1-2 on thread 15 


'S' in task t1-1 on thread 18 
'F' in task t1-2 on thread 15 
'G' in task t1-2 on thread 15 


'H' in task t1-2 on thread 15 
'T' in task t1-1 on thread 18 
'U' in task t1-1 on thread 18 


'I' in task t1-2 on thread 15 
'J' in task t1-2 on thread 15 
'V' in task t1-1 on thread 18 


'K' in task t1-2 on thread 15 
'L' in task t1-2 on thread 15 
'M' in task t1-2 on thread 15 


'W' in task t1-1 on thread 18 
'X' in task t1-1 on thread 18 
'N' in task t1-2 on thread 15 


'Y' in task t1-1 on thread 18 
'Z' in task t1-1 on thread 18 
'O' in task t1-2 on thread 15 


'[' in task t1-1 on thread 18 
'P' in task t1-2 on thread 15 
'\' in task t1-1 on thread 18 


'Q' in task t1-2 on thread 15 
']' in task t1-1 on thread 18 
'R' in task t1-2 on thread 15 


'^' in task t1-1 on thread 18 
'_' in task t1-1 on thread 18 
'S' in task t1-2 on thread 15 


'T' in task t1-2 on thread 15 
'U' in task t1-2 on thread 15 
'`' in task t1-1 on thread 18 


'V' in task t1-2 on thread 15 
'W' in task t1-2 on thread 15 
'X' in task t1-2 on thread 15 


'a' in task t1-1 on thread 18 
'Y' in task t1-2 on thread 15 
'Z' in task t1-2 on thread 15 


'[' in task t1-2 on thread 15 
'b' in task t1-1 on thread 18 
'\' in task t1-2 on thread 15 


']' in task t1-2 on thread 15 
'^' in task t1-2 on thread 15 
'c' in task t1-1 on thread 18 


'_' in task t1-2 on thread 15 
'`' in task t1-2 on thread 15 
'a' in task t1-2 on thread 15 


'd' in task t1-1 on thread 18 
'b' in task t1-2 on thread 15 
'c' in task t1-2 on thread 15 


'd' in task t1-2 on thread 15 
'e' in task t1-1 on thread 18 
'f' in task t1-1 on thread 18 


'e' in task t1-2 on thread 15 
'f' in task t1-2 on thread 15 
'g' in task t1-2 on thread 15 


'g' in task t1-1 on thread 18 
'h' in task t1-2 on thread 15 
'i' in task t1-2 on thread 15 


'h' in task t1-1 on thread 18 
'j' in task t1-2 on thread 15 
'k' in task t1-2 on thread 15 


'i' in task t1-1 on thread 18 
'j' in task t1-1 on thread 18 
'l' in task t1-2 on thread 15 


'k' in task t1-1 on thread 18 
'm' in task t1-2 on thread 15 
'n' in task t1-2 on thread 15 


'l' in task t1-1 on thread 18 
'o' in task t1-2 on thread 15 
'p' in task t1-2 on thread 15 


'q' in task t1-2 on thread 15 
'm' in task t1-1 on thread 18 
'r' in task t1-2 on thread 15 


'n' in task t1-1 on thread 18 
's' in task t1-2 on thread 15 
't' in task t1-2 on thread 15 


'u' in task t1-2 on thread 15 
'o' in task t1-1 on thread 18 
'v' in task t1-2 on thread 15 


'p' in task t1-1 on thread 18 
'q' in task t1-1 on thread 18 
'w' in task t1-2 on thread 15 


'x' in task t1-2 on thread 15 
'y' in task t1-2 on thread 15 
'z' in task t1-2 on thread 15 


'r' in task t1-1 on thread 18 
'{' in task t1-2 on thread 15 
'|' in task t1-2 on thread 15 


'}' in task t1-2 on thread 15 
's' in task t1-1 on thread 18 
't' in task t1-1 on thread 18 


'~' in task t1-2 on thread 15 
'!' in task t1-2 on thread 15 
'"' in task t1-2 on thread 15 


'#' in task t1-2 on thread 15 
'u' in task t1-1 on thread 18 
'$' in task t1-2 on thread 15 


'v' in task t1-1 on thread 18 
'w' in task t1-1 on thread 18 
'%' in task t1-2 on thread 15 


'&amp;' in task t1-2 on thread 15 
''' in task t1-2 on thread 15 
'x' in task t1-1 on thread 18 


'(' in task t1-2 on thread 15 
')' in task t1-2 on thread 15 
'*' in task t1-2 on thread 15 


'y' in task t1-1 on thread 18 
'+' in task t1-2 on thread 15 
'z' in task t1-1 on thread 18 


',' in task t1-2 on thread 15 
'-' in task t1-2 on thread 15 
'.' in task t1-2 on thread 15 


'{' in task t1-1 on thread 18 
'/' in task t1-2 on thread 15 
'0' in task t1-2 on thread 15 


'|' in task t1-1 on thread 18 
'}' in task t1-1 on thread 18 
'1' in task t1-2 on thread 15 


'2' in task t1-2 on thread 15 
'~' in task t1-1 on thread 18 
'3' in task t1-2 on thread 15 


'4' in task t1-2 on thread 15 
'5' in task t1-2 on thread 15 
'6' in task t1-2 on thread 15 


'!' in task t1-1 on thread 18 
'"' in task t1-1 on thread 18 
'7' in task t1-2 on thread 15 


'8' in task t1-2 on thread 15 
'9' in task t1-2 on thread 15 
'#' in task t1-1 on thread 18 


':' in task t1-2 on thread 15 
';' in task t1-2 on thread 15 
'&lt;' in task t1-2 on thread 15 


'=' in task t1-2 on thread 15 
'$' in task t1-1 on thread 18 
'&gt;' in task t1-2 on thread 15 


'%' in task t1-1 on thread 18 
'?' in task t1-2 on thread 15 
'@' in task t1-2 on thread 15 


'&amp;' in task t1-1 on thread 18 
'A' in task t1-2 on thread 15 
''' in task t1-1 on thread 18 


'B' in task t1-2 on thread 15 
'C' in task t1-2 on thread 15 
'D' in task t1-2 on thread 15 


'(' in task t1-1 on thread 18 
'E' in task t1-2 on thread 15 
'F' in task t1-2 on thread 15 


')' in task t1-1 on thread 18 
'G' in task t1-2 on thread 15 
'H' in task t1-2 on thread 15 


'*' in task t1-1 on thread 18 
'+' in task t1-1 on thread 18 
'I' in task t1-2 on thread 15 


'J' in task t1-2 on thread 15 
'K' in task t1-2 on thread 15 
',' in task t1-1 on thread 18 


'L' in task t1-2 on thread 15 
'M' in task t1-2 on thread 15 
'N' in task t1-2 on thread 15 


'-' in task t1-1 on thread 18 
'.' in task t1-1 on thread 18 
'O' in task t1-2 on thread 15 


'/' in task t1-1 on thread 18 
'0' in task t1-1 on thread 18 
'P' in task t1-2 on thread 15 


'1' in task t1-1 on thread 18 
'2' in task t1-1 on thread 18 
'3' in task t1-1 on thread 18 


'4' in task t1-1 on thread 18 
'Q' in task t1-2 on thread 15 
'R' in task t1-2 on thread 15 


'5' in task t1-1 on thread 18 
'6' in task t1-1 on thread 18 
'S' in task t1-2 on thread 15 


'7' in task t1-1 on thread 18 
'T' in task t1-2 on thread 15 
'U' in task t1-2 on thread 15 


'8' in task t1-1 on thread 18 
'V' in task t1-2 on thread 15 
'W' in task t1-2 on thread 15 


'9' in task t1-1 on thread 18 
'X' in task t1-2 on thread 15 
'Y' in task t1-2 on thread 15 


':' in task t1-1 on thread 18 
'Z' in task t1-2 on thread 15 
'[' in task t1-2 on thread 15 


';' in task t1-1 on thread 18 
'&lt;' in task t1-1 on thread 18 
'\' in task t1-2 on thread 15 


'=' in task t1-1 on thread 18 
'&gt;' in task t1-1 on thread 18 
']' in task t1-2 on thread 15 


'^' in task t1-2 on thread 15 
'?' in task t1-1 on thread 18 
'_' in task t1-2 on thread 15 


'`' in task t1-2 on thread 15 
'@' in task t1-1 on thread 18 
'a' in task t1-2 on thread 15 


'A' in task t1-1 on thread 18 
'b' in task t1-2 on thread 15 
'c' in task t1-2 on thread 15 


'd' in task t1-2 on thread 15 
'e' in task t1-2 on thread 15 
'B' in task t1-1 on thread 18 


'f' in task t1-2 on thread 15 
'g' in task t1-2 on thread 15 
'h' in task t1-2 on thread 15 


'C' in task t1-1 on thread 18 
'i' in task t1-2 on thread 15 
'j' in task t1-2 on thread 15 


'D' in task t1-1 on thread 18 
'E' in task t1-1 on thread 18 
'k' in task t1-2 on thread 15 


'l' in task t1-2 on thread 15 
'F' in task t1-1 on thread 18 
'G' in task t1-1 on thread 18 


'm' in task t1-2 on thread 15 
'n' in task t1-2 on thread 15 
'H' in task t1-1 on thread 18 


'o' in task t1-2 on thread 15 
'p' in task t1-2 on thread 15 
'I' in task t1-1 on thread 18 


'q' in task t1-2 on thread 15 
'J' in task t1-1 on thread 18 
'K' in task t1-1 on thread 18 


'r' in task t1-2 on thread 15 
's' in task t1-2 on thread 15 
't' in task t1-2 on thread 15 


'L' in task t1-1 on thread 18 
'u' in task t1-2 on thread 15 
'M' in task t1-1 on thread 18 


'v' in task t1-2 on thread 15 
'w' in task t1-2 on thread 15 
'N' in task t1-1 on thread 18 


'O' in task t1-1 on thread 18 
'P' in task t1-1 on thread 18 
'Q' in task t1-1 on thread 18 


'R' in task t1-1 on thread 18 
'S' in task t1-1 on thread 18 
'x' in task t1-2 on thread 15 


'T' in task t1-1 on thread 18 
'y' in task t1-2 on thread 15 
'z' in task t1-2 on thread 15 


'U' in task t1-1 on thread 18 
'V' in task t1-1 on thread 18 
'{' in task t1-2 on thread 15 


'W' in task t1-1 on thread 18 
'X' in task t1-1 on thread 18 
'Y' in task t1-1 on thread 18 


'|' in task t1-2 on thread 15 
'}' in task t1-2 on thread 15 
'~' in task t1-2 on thread 15 


'Z' in task t1-1 on thread 18 
'[' in task t1-1 on thread 18 
'!' in task t1-2 on thread 15 


'\' in task t1-1 on thread 18 
'"' in task t1-2 on thread 15 
']' in task t1-1 on thread 18 


'#' in task t1-2 on thread 15 
'$' in task t1-2 on thread 15 
'^' in task t1-1 on thread 18 


'%' in task t1-2 on thread 15 
'&amp;' in task t1-2 on thread 15 
'_' in task t1-1 on thread 18 


''' in task t1-2 on thread 15 
'(' in task t1-2 on thread 15 
')' in task t1-2 on thread 15 


'`' in task t1-1 on thread 18 
'*' in task t1-2 on thread 15 
'+' in task t1-2 on thread 15 


',' in task t1-2 on thread 15 
'a' in task t1-1 on thread 18 
'b' in task t1-1 on thread 18 


'-' in task t1-2 on thread 15 
'c' in task t1-1 on thread 18 
'd' in task t1-1 on thread 18 


'.' in task t1-2 on thread 15 
'/' in task t1-2 on thread 15 
'0' in task t1-2 on thread 15 


'1' in task t1-2 on thread 15 
'2' in task t1-2 on thread 15 
'e' in task t1-1 on thread 18 


'3' in task t1-2 on thread 15 
'4' in task t1-2 on thread 15 
'5' in task t1-2 on thread 15 


'f' in task t1-1 on thread 18 
'g' in task t1-1 on thread 18 
'h' in task t1-1 on thread 18 


'6' in task t1-2 on thread 15 
'i' in task t1-1 on thread 18 
'j' in task t1-1 on thread 18 


'7' in task t1-2 on thread 15 
'k' in task t1-1 on thread 18 
'l' in task t1-1 on thread 18 


'8' in task t1-2 on thread 15 
'm' in task t1-1 on thread 18 
'n' in task t1-1 on thread 18 


'9' in task t1-2 on thread 15 
'o' in task t1-1 on thread 18 
'p' in task t1-1 on thread 18 


':' in task t1-2 on thread 15 
'q' in task t1-1 on thread 18 
'r' in task t1-1 on thread 18 


';' in task t1-2 on thread 15 
'&lt;' in task t1-2 on thread 15 
's' in task t1-1 on thread 18 


'=' in task t1-2 on thread 15 
't' in task t1-1 on thread 18 
'u' in task t1-1 on thread 18 


'&gt;' in task t1-2 on thread 15 
'?' in task t1-2 on thread 15 
'@' in task t1-2 on thread 15 


'v' in task t1-1 on thread 18 
'A' in task t1-2 on thread 15 
'w' in task t1-1 on thread 18 


'x' in task t1-1 on thread 18 
'B' in task t1-2 on thread 15 
'C' in task t1-2 on thread 15 


'y' in task t1-1 on thread 18 
'D' in task t1-2 on thread 15 
'E' in task t1-2 on thread 15 


'z' in task t1-1 on thread 18 
'F' in task t1-2 on thread 15 
'G' in task t1-2 on thread 15 


'{' in task t1-1 on thread 18 
'H' in task t1-2 on thread 15 
'I' in task t1-2 on thread 15 


'|' in task t1-1 on thread 18 
'J' in task t1-2 on thread 15 
'K' in task t1-2 on thread 15 


'}' in task t1-1 on thread 18 
'L' in task t1-2 on thread 15 
'M' in task t1-2 on thread 15 


'~' in task t1-1 on thread 18 
'N' in task t1-2 on thread 15 
'O' in task t1-2 on thread 15 


'!' in task t1-1 on thread 18 
'"' in task t1-1 on thread 18 
'P' in task t1-2 on thread 15 


'#' in task t1-1 on thread 18 
'$' in task t1-1 on thread 18 
'Q' in task t1-2 on thread 15 


'R' in task t1-2 on thread 15 
'%' in task t1-1 on thread 18 
'&amp;' in task t1-1 on thread 18 


'S' in task t1-2 on thread 15 
'T' in task t1-2 on thread 15 
'U' in task t1-2 on thread 15 


''' in task t1-1 on thread 18 
'(' in task t1-1 on thread 18 
')' in task t1-1 on thread 18 


'V' in task t1-2 on thread 15 
'*' in task t1-1 on thread 18 
'+' in task t1-1 on thread 18 


',' in task t1-1 on thread 18 
'-' in task t1-1 on thread 18 
'W' in task t1-2 on thread 15 


'.' in task t1-1 on thread 18 
'/' in task t1-1 on thread 18 
'0' in task t1-1 on thread 18 


'1' in task t1-1 on thread 18 
'2' in task t1-1 on thread 18 
'3' in task t1-1 on thread 18 


'4' in task t1-1 on thread 18 
'5' in task t1-1 on thread 18 
'X' in task t1-2 on thread 15 


'6' in task t1-1 on thread 18 
'7' in task t1-1 on thread 18 
'8' in task t1-1 on thread 18 


'9' in task t1-1 on thread 18 
':' in task t1-1 on thread 18 
';' in task t1-1 on thread 18 


'&lt;' in task t1-1 on thread 18 
'Y' in task t1-2 on thread 15 
'=' in task t1-1 on thread 18 


'Z' in task t1-2 on thread 15 
'&gt;' in task t1-1 on thread 18 
'?' in task t1-1 on thread 18 


'@' in task t1-1 on thread 18 
'A' in task t1-1 on thread 18 
'B' in task t1-1 on thread 18 


'C' in task t1-1 on thread 18 
'D' in task t1-1 on thread 18 
'[' in task t1-2 on thread 15 


'E' in task t1-1 on thread 18 
'F' in task t1-1 on thread 18 
'G' in task t1-1 on thread 18 


'\' in task t1-2 on thread 15 
'H' in task t1-1 on thread 18 
'I' in task t1-1 on thread 18 


'J' in task t1-1 on thread 18 
']' in task t1-2 on thread 15 
'K' in task t1-1 on thread 18 


'^' in task t1-2 on thread 15 
'L' in task t1-1 on thread 18 
'_' in task t1-2 on thread 15 


'M' in task t1-1 on thread 18 
'`' in task t1-2 on thread 15 
'N' in task t1-1 on thread 18 


'a' in task t1-2 on thread 15 
'O' in task t1-1 on thread 18 
'b' in task t1-2 on thread 15 


'P' in task t1-1 on thread 18 
'c' in task t1-2 on thread 15 
'Q' in task t1-1 on thread 18 


'd' in task t1-2 on thread 15 
'R' in task t1-1 on thread 18 
'e' in task t1-2 on thread 15 


'S' in task t1-1 on thread 18 
'T' in task t1-1 on thread 18 
'f' in task t1-2 on thread 15 


'U' in task t1-1 on thread 18 
'V' in task t1-1 on thread 18 
'W' in task t1-1 on thread 18 


'g' in task t1-2 on thread 15 
'h' in task t1-2 on thread 15 
'i' in task t1-2 on thread 15 


'X' in task t1-1 on thread 18 
'Y' in task t1-1 on thread 18 
'j' in task t1-2 on thread 15 


'Z' in task t1-1 on thread 18 
'[' in task t1-1 on thread 18 
'k' in task t1-2 on thread 15 


'\' in task t1-1 on thread 18 
']' in task t1-1 on thread 18 
'^' in task t1-1 on thread 18 


'l' in task t1-2 on thread 15 
'm' in task t1-2 on thread 15 
'n' in task t1-2 on thread 15 


'_' in task t1-1 on thread 18 
'`' in task t1-1 on thread 18 
'o' in task t1-2 on thread 15 


'a' in task t1-1 on thread 18 
'b' in task t1-1 on thread 18 
'c' in task t1-1 on thread 18 


'p' in task t1-2 on thread 15 
'q' in task t1-2 on thread 15 
'r' in task t1-2 on thread 15 


'd' in task t1-1 on thread 18 
's' in task t1-2 on thread 15 
'e' in task t1-1 on thread 18 


'f' in task t1-1 on thread 18 
't' in task t1-2 on thread 15 
'g' in task t1-1 on thread 18 


'u' in task t1-2 on thread 15 
'h' in task t1-1 on thread 18 
'v' in task t1-2 on thread 15 


'i' in task t1-1 on thread 18 
'j' in task t1-1 on thread 18 
'w' in task t1-2 on thread 15 


'x' in task t1-2 on thread 15 
'y' in task t1-2 on thread 15 
'k' in task t1-1 on thread 18 


'z' in task t1-2 on thread 15 
'{' in task t1-2 on thread 15 
'|' in task t1-2 on thread 15 


'l' in task t1-1 on thread 18 
'}' in task t1-2 on thread 15 
'~' in task t1-2 on thread 15 


'm' in task t1-1 on thread 18 
'n' in task t1-1 on thread 18 
'!' in task t1-2 on thread 15 


'o' in task t1-1 on thread 18 
'"' in task t1-2 on thread 15 
'p' in task t1-1 on thread 18 


'#' in task t1-2 on thread 15 
'$' in task t1-2 on thread 15 
'q' in task t1-1 on thread 18 


'%' in task t1-2 on thread 15 
'&amp;' in task t1-2 on thread 15 
''' in task t1-2 on thread 15 


'r' in task t1-1 on thread 18 
'(' in task t1-2 on thread 15 
's' in task t1-1 on thread 18 


't' in task t1-1 on thread 18 
')' in task t1-2 on thread 15 
'*' in task t1-2 on thread 15 


'u' in task t1-1 on thread 18 
'v' in task t1-1 on thread 18 
'+' in task t1-2 on thread 15 


',' in task t1-2 on thread 15 
'-' in task t1-2 on thread 15 
'w' in task t1-1 on thread 18 


'.' in task t1-2 on thread 15 
'x' in task t1-1 on thread 18 
'/' in task t1-2 on thread 15 


'y' in task t1-1 on thread 18 
'z' in task t1-1 on thread 18 
'{' in task t1-1 on thread 18 


'0' in task t1-2 on thread 15 
'|' in task t1-1 on thread 18 
'}' in task t1-1 on thread 18 


'1' in task t1-2 on thread 15 
'~' in task t1-1 on thread 18 
'!' in task t1-1 on thread 18 


'"' in task t1-1 on thread 18 
'#' in task t1-1 on thread 18 
'2' in task t1-2 on thread 15 


'$' in task t1-1 on thread 18 
'%' in task t1-1 on thread 18 
'3' in task t1-2 on thread 15 


'&amp;' in task t1-1 on thread 18 
''' in task t1-1 on thread 18 
'(' in task t1-1 on thread 18 


'4' in task t1-2 on thread 15 
'5' in task t1-2 on thread 15 
'6' in task t1-2 on thread 15 


')' in task t1-1 on thread 18 
'*' in task t1-1 on thread 18 
'7' in task t1-2 on thread 15 


'+' in task t1-1 on thread 18 
'8' in task t1-2 on thread 15 
'9' in task t1-2 on thread 15 


',' in task t1-1 on thread 18 
':' in task t1-2 on thread 15 
';' in task t1-2 on thread 15 


'-' in task t1-1 on thread 18 
'.' in task t1-1 on thread 18 
'/' in task t1-1 on thread 18 


'&lt;' in task t1-2 on thread 15 
'0' in task t1-1 on thread 18 
'1' in task t1-1 on thread 18 


'=' in task t1-2 on thread 15 
'2' in task t1-1 on thread 18 
'&gt;' in task t1-2 on thread 15 


'3' in task t1-1 on thread 18 
'4' in task t1-1 on thread 18 
'?' in task t1-2 on thread 15 


'5' in task t1-1 on thread 18 
'6' in task t1-1 on thread 18 
'@' in task t1-2 on thread 15 


'7' in task t1-1 on thread 18 
'A' in task t1-2 on thread 15 
'B' in task t1-2 on thread 15 


'8' in task t1-1 on thread 18 
'9' in task t1-1 on thread 18 
'C' in task t1-2 on thread 15 


':' in task t1-1 on thread 18 
';' in task t1-1 on thread 18 
'D' in task t1-2 on thread 15 


'&lt;' in task t1-1 on thread 18 
'=' in task t1-1 on thread 18 
'E' in task t1-2 on thread 15 


'&gt;' in task t1-1 on thread 18 
'?' in task t1-1 on thread 18 
'@' in task t1-1 on thread 18 


'F' in task t1-2 on thread 15 
'A' in task t1-1 on thread 18 
'B' in task t1-1 on thread 18 


'G' in task t1-2 on thread 15 
'C' in task t1-1 on thread 18 
'D' in task t1-1 on thread 18 


'H' in task t1-2 on thread 15 
'E' in task t1-1 on thread 18 
'F' in task t1-1 on thread 18 


'I' in task t1-2 on thread 15 
'G' in task t1-1 on thread 18 
'J' in task t1-2 on thread 15 


'H' in task t1-1 on thread 18 
'I' in task t1-1 on thread 18 
'K' in task t1-2 on thread 15 


'J' in task t1-1 on thread 18 
'K' in task t1-1 on thread 18 
'L' in task t1-2 on thread 15 


'L' in task t1-1 on thread 18 
'M' in task t1-1 on thread 18 
'N' in task t1-1 on thread 18 


'M' in task t1-2 on thread 15 
'O' in task t1-1 on thread 18 
'P' in task t1-1 on thread 18 


'N' in task t1-2 on thread 15 
'Q' in task t1-1 on thread 18 
'R' in task t1-1 on thread 18 


'O' in task t1-2 on thread 15 
'P' in task t1-2 on thread 15 
'S' in task t1-1 on thread 18 


'T' in task t1-1 on thread 18 
'U' in task t1-1 on thread 18 
'V' in task t1-1 on thread 18 


'Q' in task t1-2 on thread 15 
'R' in task t1-2 on thread 15 
'W' in task t1-1 on thread 18 


'X' in task t1-1 on thread 18 
'S' in task t1-2 on thread 15 
'T' in task t1-2 on thread 15 


'Y' in task t1-1 on thread 18 
'U' in task t1-2 on thread 15 
'Z' in task t1-1 on thread 18 


'V' in task t1-2 on thread 15 
'[' in task t1-1 on thread 18 
'\' in task t1-1 on thread 18 


'W' in task t1-2 on thread 15 
']' in task t1-1 on thread 18 
'X' in task t1-2 on thread 15 


'^' in task t1-1 on thread 18 
'Y' in task t1-2 on thread 15 
'_' in task t1-1 on thread 18 


'Z' in task t1-2 on thread 15 
'`' in task t1-1 on thread 18 
'[' in task t1-2 on thread 15 


'a' in task t1-1 on thread 18 
'\' in task t1-2 on thread 15 
'b' in task t1-1 on thread 18 


']' in task t1-2 on thread 15 
'c' in task t1-1 on thread 18 
'd' in task t1-1 on thread 18 


'^' in task t1-2 on thread 15 
'e' in task t1-1 on thread 18 
'f' in task t1-1 on thread 18 


'_' in task t1-2 on thread 15 
'g' in task t1-1 on thread 18 
'h' in task t1-1 on thread 18 


'`' in task t1-2 on thread 15 
'i' in task t1-1 on thread 18 
'j' in task t1-1 on thread 18 


'a' in task t1-2 on thread 15 
'k' in task t1-1 on thread 18 
'l' in task t1-1 on thread 18 


'b' in task t1-2 on thread 15 
'm' in task t1-1 on thread 18 
'n' in task t1-1 on thread 18 


'c' in task t1-2 on thread 15 
'o' in task t1-1 on thread 18 
'p' in task t1-1 on thread 18 


'q' in task t1-1 on thread 18 
'r' in task t1-1 on thread 18 
's' in task t1-1 on thread 18 


't' in task t1-1 on thread 18 
'd' in task t1-2 on thread 15 
'u' in task t1-1 on thread 18 


'v' in task t1-1 on thread 18 
'w' in task t1-1 on thread 18 
'x' in task t1-1 on thread 18 


'y' in task t1-1 on thread 18 
'z' in task t1-1 on thread 18 
'{' in task t1-1 on thread 18 


'e' in task t1-2 on thread 15 
'|' in task t1-1 on thread 18 
'}' in task t1-1 on thread 18 


'~' in task t1-1 on thread 18 
'!' in task t1-1 on thread 18 
'"' in task t1-1 on thread 18 


'#' in task t1-1 on thread 18 
'$' in task t1-1 on thread 18 
'%' in task t1-1 on thread 18 


'f' in task t1-2 on thread 15 
'&amp;' in task t1-1 on thread 18 
''' in task t1-1 on thread 18 


'g' in task t1-2 on thread 15 
'(' in task t1-1 on thread 18 
')' in task t1-1 on thread 18 


'*' in task t1-1 on thread 18 
'+' in task t1-1 on thread 18 
',' in task t1-1 on thread 18 


'h' in task t1-2 on thread 15 
'-' in task t1-1 on thread 18 
'.' in task t1-1 on thread 18 


'/' in task t1-1 on thread 18 
'0' in task t1-1 on thread 18 
'1' in task t1-1 on thread 18 


'2' in task t1-1 on thread 18 
'3' in task t1-1 on thread 18 
'4' in task t1-1 on thread 18 


'i' in task t1-2 on thread 15 
'5' in task t1-1 on thread 18 
'6' in task t1-1 on thread 18 


'7' in task t1-1 on thread 18 
'8' in task t1-1 on thread 18 
'9' in task t1-1 on thread 18 


':' in task t1-1 on thread 18 
';' in task t1-1 on thread 18 
'&lt;' in task t1-1 on thread 18 


'j' in task t1-2 on thread 15 
'=' in task t1-1 on thread 18 
'&gt;' in task t1-1 on thread 18 


'?' in task t1-1 on thread 18 
'@' in task t1-1 on thread 18 
'A' in task t1-1 on thread 18 


'B' in task t1-1 on thread 18 
'C' in task t1-1 on thread 18 
'D' in task t1-1 on thread 18 


'k' in task t1-2 on thread 15 
'E' in task t1-1 on thread 18 
'F' in task t1-1 on thread 18 


'G' in task t1-1 on thread 18 
'H' in task t1-1 on thread 18 
'I' in task t1-1 on thread 18 


'J' in task t1-1 on thread 18 
'K' in task t1-1 on thread 18 
'L' in task t1-1 on thread 18 


'l' in task t1-2 on thread 15 
'M' in task t1-1 on thread 18 
'N' in task t1-1 on thread 18 


'O' in task t1-1 on thread 18 
'P' in task t1-1 on thread 18 
'Q' in task t1-1 on thread 18 


'm' in task t1-2 on thread 15 
'n' in task t1-2 on thread 15 
'o' in task t1-2 on thread 15 


'R' in task t1-1 on thread 18 
'S' in task t1-1 on thread 18 
'T' in task t1-1 on thread 18 


'p' in task t1-2 on thread 15 
'q' in task t1-2 on thread 15 
'r' in task t1-2 on thread 15 


's' in task t1-2 on thread 15 
'U' in task t1-1 on thread 18 
'V' in task t1-1 on thread 18 


't' in task t1-2 on thread 15 
'W' in task t1-1 on thread 18 
'u' in task t1-2 on thread 15 


'X' in task t1-1 on thread 18 
'v' in task t1-2 on thread 15 
'Y' in task t1-1 on thread 18 


'w' in task t1-2 on thread 15 
'x' in task t1-2 on thread 15 
'y' in task t1-2 on thread 15 


'Z' in task t1-1 on thread 18 
'[' in task t1-1 on thread 18 
'\' in task t1-1 on thread 18 


']' in task t1-1 on thread 18 
'^' in task t1-1 on thread 18 
'z' in task t1-2 on thread 15 


'_' in task t1-1 on thread 18 
'{' in task t1-2 on thread 15 
'|' in task t1-2 on thread 15 


'`' in task t1-1 on thread 18 
'}' in task t1-2 on thread 15 
'~' in task t1-2 on thread 15 


'!' in task t1-2 on thread 15 
'a' in task t1-1 on thread 18 
'"' in task t1-2 on thread 15 


'b' in task t1-1 on thread 18 
'#' in task t1-2 on thread 15 
'$' in task t1-2 on thread 15 


'%' in task t1-2 on thread 15 
'&amp;' in task t1-2 on thread 15 
'c' in task t1-1 on thread 18 


''' in task t1-2 on thread 15 
'(' in task t1-2 on thread 15 
')' in task t1-2 on thread 15 


'd' in task t1-1 on thread 18 
'*' in task t1-2 on thread 15 
'e' in task t1-1 on thread 18 


'+' in task t1-2 on thread 15 
',' in task t1-2 on thread 15 
'-' in task t1-2 on thread 15 


'.' in task t1-2 on thread 15 
'/' in task t1-2 on thread 15 
'0' in task t1-2 on thread 15 


'f' in task t1-1 on thread 18 
'g' in task t1-1 on thread 18 
'h' in task t1-1 on thread 18 


'i' in task t1-1 on thread 18 
'j' in task t1-1 on thread 18 
'1' in task t1-2 on thread 15 


'2' in task t1-2 on thread 15 
'k' in task t1-1 on thread 18 
'3' in task t1-2 on thread 15 


'4' in task t1-2 on thread 15 
'5' in task t1-2 on thread 15 
'6' in task t1-2 on thread 15 


'7' in task t1-2 on thread 15 
'l' in task t1-1 on thread 18 
'm' in task t1-1 on thread 18 


'n' in task t1-1 on thread 18 
'o' in task t1-1 on thread 18 
'p' in task t1-1 on thread 18 


'q' in task t1-1 on thread 18 
'r' in task t1-1 on thread 18 
's' in task t1-1 on thread 18 


't' in task t1-1 on thread 18 
'u' in task t1-1 on thread 18 
'v' in task t1-1 on thread 18 


'w' in task t1-1 on thread 18 
'x' in task t1-1 on thread 18 
'8' in task t1-2 on thread 15 


'y' in task t1-1 on thread 18 
'z' in task t1-1 on thread 18 
'9' in task t1-2 on thread 15 


':' in task t1-2 on thread 15 
'{' in task t1-1 on thread 18 
'|' in task t1-1 on thread 18 


';' in task t1-2 on thread 15 
'&lt;' in task t1-2 on thread 15 
'}' in task t1-1 on thread 18 


'=' in task t1-2 on thread 15 
'~' in task t1-1 on thread 18 
'!' in task t1-1 on thread 18 


'"' in task t1-1 on thread 18 
'#' in task t1-1 on thread 18 
'$' in task t1-1 on thread 18 


'%' in task t1-1 on thread 18 
'&amp;' in task t1-1 on thread 18 
''' in task t1-1 on thread 18 


'(' in task t1-1 on thread 18 
')' in task t1-1 on thread 18 
'*' in task t1-1 on thread 18 


'+' in task t1-1 on thread 18 
',' in task t1-1 on thread 18 
'-' in task t1-1 on thread 18 


'&gt;' in task t1-2 on thread 15 
'?' in task t1-2 on thread 15 
'@' in task t1-2 on thread 15 


'.' in task t1-1 on thread 18 
'/' in task t1-1 on thread 18 
'0' in task t1-1 on thread 18 


'A' in task t1-2 on thread 15 
'1' in task t1-1 on thread 18 
'2' in task t1-1 on thread 18 


'3' in task t1-1 on thread 18 
'4' in task t1-1 on thread 18 
'5' in task t1-1 on thread 18 


'B' in task t1-2 on thread 15 
'C' in task t1-2 on thread 15 
'6' in task t1-1 on thread 18 


'7' in task t1-1 on thread 18 
'D' in task t1-2 on thread 15 
'E' in task t1-2 on thread 15 


'8' in task t1-1 on thread 18 
'F' in task t1-2 on thread 15 
'G' in task t1-2 on thread 15 


'9' in task t1-1 on thread 18 
':' in task t1-1 on thread 18 
';' in task t1-1 on thread 18 


'H' in task t1-2 on thread 15 
'I' in task t1-2 on thread 15 
'&lt;' in task t1-1 on thread 18 


'J' in task t1-2 on thread 15 
'=' in task t1-1 on thread 18 
'&gt;' in task t1-1 on thread 18 


'K' in task t1-2 on thread 15 
'?' in task t1-1 on thread 18 
'@' in task t1-1 on thread 18 


'L' in task t1-2 on thread 15 
'M' in task t1-2 on thread 15 
'A' in task t1-1 on thread 18 


'B' in task t1-1 on thread 18 
'N' in task t1-2 on thread 15 
'C' in task t1-1 on thread 18 


'O' in task t1-2 on thread 15 
'P' in task t1-2 on thread 15 
'D' in task t1-1 on thread 18 


'Q' in task t1-2 on thread 15 
'R' in task t1-2 on thread 15 
'S' in task t1-2 on thread 15 


'E' in task t1-1 on thread 18 
'F' in task t1-1 on thread 18 
'G' in task t1-1 on thread 18 


'T' in task t1-2 on thread 15 
'H' in task t1-1 on thread 18 
'I' in task t1-1 on thread 18 


'J' in task t1-1 on thread 18 
'U' in task t1-2 on thread 15 
'K' in task t1-1 on thread 18 


'V' in task t1-2 on thread 15 
'L' in task t1-1 on thread 18 
'W' in task t1-2 on thread 15 


'M' in task t1-1 on thread 18 
'N' in task t1-1 on thread 18 
'O' in task t1-1 on thread 18 


'X' in task t1-2 on thread 15 
'P' in task t1-1 on thread 18 
'Q' in task t1-1 on thread 18 


'Y' in task t1-2 on thread 15 
'R' in task t1-1 on thread 18 
'Z' in task t1-2 on thread 15 


'S' in task t1-1 on thread 18 
'[' in task t1-2 on thread 15 
'\' in task t1-2 on thread 15 


'T' in task t1-1 on thread 18 
'U' in task t1-1 on thread 18 
'V' in task t1-1 on thread 18 


']' in task t1-2 on thread 15 
'^' in task t1-2 on thread 15 
'_' in task t1-2 on thread 15 


'W' in task t1-1 on thread 18 
'X' in task t1-1 on thread 18 
'`' in task t1-2 on thread 15 


'Y' in task t1-1 on thread 18 
'a' in task t1-2 on thread 15 
'Z' in task t1-1 on thread 18 


'b' in task t1-2 on thread 15 
'[' in task t1-1 on thread 18 
'c' in task t1-2 on thread 15 


'\' in task t1-1 on thread 18 
']' in task t1-1 on thread 18 
'd' in task t1-2 on thread 15 


'^' in task t1-1 on thread 18 
'_' in task t1-1 on thread 18 
'e' in task t1-2 on thread 15 


'`' in task t1-1 on thread 18 
'a' in task t1-1 on thread 18 
'f' in task t1-2 on thread 15 


'b' in task t1-1 on thread 18 
'c' in task t1-1 on thread 18 
'd' in task t1-1 on thread 18 


'g' in task t1-2 on thread 15 
'e' in task t1-1 on thread 18 
'h' in task t1-2 on thread 15 


'f' in task t1-1 on thread 18 
'g' in task t1-1 on thread 18 
'i' in task t1-2 on thread 15 


'h' in task t1-1 on thread 18 
'j' in task t1-2 on thread 15 
'i' in task t1-1 on thread 18 


'j' in task t1-1 on thread 18 
'k' in task t1-1 on thread 18 
'l' in task t1-1 on thread 18 


'm' in task t1-1 on thread 18 
'n' in task t1-1 on thread 18 
'o' in task t1-1 on thread 18 


'k' in task t1-2 on thread 15 
'p' in task t1-1 on thread 18 
'q' in task t1-1 on thread 18 


'l' in task t1-2 on thread 15 
'r' in task t1-1 on thread 18 
's' in task t1-1 on thread 18 


't' in task t1-1 on thread 18 
'u' in task t1-1 on thread 18 
'v' in task t1-1 on thread 18 


'w' in task t1-1 on thread 18 
'm' in task t1-2 on thread 15 
'x' in task t1-1 on thread 18 


'y' in task t1-1 on thread 18 
'z' in task t1-1 on thread 18 
'n' in task t1-2 on thread 15 


'{' in task t1-1 on thread 18 
'|' in task t1-1 on thread 18 
'}' in task t1-1 on thread 18 


'~' in task t1-1 on thread 18 
'!' in task t1-3 on thread 18 
'o' in task t1-2 on thread 15 


'"' in task t1-3 on thread 18 
'p' in task t1-2 on thread 15 
'#' in task t1-3 on thread 18 


'$' in task t1-3 on thread 18 
'%' in task t1-3 on thread 18 
'&amp;' in task t1-3 on thread 18 


'q' in task t1-2 on thread 15 
'r' in task t1-2 on thread 15 
's' in task t1-2 on thread 15 


't' in task t1-2 on thread 15 
''' in task t1-3 on thread 18 
'(' in task t1-3 on thread 18 


')' in task t1-3 on thread 18 
'*' in task t1-3 on thread 18 
'+' in task t1-3 on thread 18 


'u' in task t1-2 on thread 15 
',' in task t1-3 on thread 18 
'-' in task t1-3 on thread 18 


'v' in task t1-2 on thread 15 
'w' in task t1-2 on thread 15 
'x' in task t1-2 on thread 15 


'.' in task t1-3 on thread 18 
'/' in task t1-3 on thread 18 
'0' in task t1-3 on thread 18 


'1' in task t1-3 on thread 18 
'2' in task t1-3 on thread 18 
'3' in task t1-3 on thread 18 


'y' in task t1-2 on thread 15 
'z' in task t1-2 on thread 15 
'{' in task t1-2 on thread 15 


'4' in task t1-3 on thread 18 
'5' in task t1-3 on thread 18 
'6' in task t1-3 on thread 18 


'|' in task t1-2 on thread 15 
'7' in task t1-3 on thread 18 
'8' in task t1-3 on thread 18 


'}' in task t1-2 on thread 15 
'9' in task t1-3 on thread 18 
':' in task t1-3 on thread 18 


'~' in task t1-2 on thread 15 
';' in task t1-3 on thread 18 
'!' in task t1-2 on thread 15 


'&lt;' in task t1-3 on thread 18 
'"' in task t1-2 on thread 15 
'=' in task t1-3 on thread 18 


'#' in task t1-2 on thread 15 
'&gt;' in task t1-3 on thread 18 
'$' in task t1-2 on thread 15 


'%' in task t1-2 on thread 15 
'&amp;' in task t1-2 on thread 15 
''' in task t1-2 on thread 15 


'(' in task t1-2 on thread 15 
')' in task t1-2 on thread 15 
'*' in task t1-2 on thread 15 


'+' in task t1-2 on thread 15 
',' in task t1-2 on thread 15 
'?' in task t1-3 on thread 18 


'-' in task t1-2 on thread 15 
'@' in task t1-3 on thread 18 
'A' in task t1-3 on thread 18 


'.' in task t1-2 on thread 15 
'/' in task t1-2 on thread 15 
'0' in task t1-2 on thread 15 


'B' in task t1-3 on thread 18 
'1' in task t1-2 on thread 15 
'C' in task t1-3 on thread 18 


'D' in task t1-3 on thread 18 
'E' in task t1-3 on thread 18 
'F' in task t1-3 on thread 18 


'G' in task t1-3 on thread 18 
'H' in task t1-3 on thread 18 
'I' in task t1-3 on thread 18 


'J' in task t1-3 on thread 18 
'K' in task t1-3 on thread 18 
'2' in task t1-2 on thread 15 


'L' in task t1-3 on thread 18 
'M' in task t1-3 on thread 18 
'3' in task t1-2 on thread 15 


'4' in task t1-2 on thread 15 
'N' in task t1-3 on thread 18 
'5' in task t1-2 on thread 15 


'6' in task t1-2 on thread 15 
'7' in task t1-2 on thread 15 
'8' in task t1-2 on thread 15 


'9' in task t1-2 on thread 15 
'O' in task t1-3 on thread 18 
':' in task t1-2 on thread 15 


'P' in task t1-3 on thread 18 
';' in task t1-2 on thread 15 
'&lt;' in task t1-2 on thread 15 


'=' in task t1-2 on thread 15 
'&gt;' in task t1-2 on thread 15 
'?' in task t1-2 on thread 15 


'Q' in task t1-3 on thread 18 
'R' in task t1-3 on thread 18 
'@' in task t1-2 on thread 15 


'A' in task t1-2 on thread 15 
'B' in task t1-2 on thread 15 
'C' in task t1-2 on thread 15 


'D' in task t1-2 on thread 15 
'E' in task t1-2 on thread 15 
'F' in task t1-2 on thread 15 


'G' in task t1-2 on thread 15 
'S' in task t1-3 on thread 18 
'H' in task t1-2 on thread 15 


'I' in task t1-2 on thread 15 
'J' in task t1-2 on thread 15 
'K' in task t1-2 on thread 15 


'L' in task t1-2 on thread 15 
'M' in task t1-2 on thread 15 
'T' in task t1-3 on thread 18 


'N' in task t1-2 on thread 15 
'O' in task t1-2 on thread 15 
'P' in task t1-2 on thread 15 


'Q' in task t1-2 on thread 15 
'R' in task t1-2 on thread 15 
'S' in task t1-2 on thread 15 


'T' in task t1-2 on thread 15 
'U' in task t1-2 on thread 15 
'V' in task t1-2 on thread 15 


'W' in task t1-2 on thread 15 
'X' in task t1-2 on thread 15 
'Y' in task t1-2 on thread 15 


'Z' in task t1-2 on thread 15 
'[' in task t1-2 on thread 15 
'\' in task t1-2 on thread 15 


']' in task t1-2 on thread 15 
'^' in task t1-2 on thread 15 
'_' in task t1-2 on thread 15 


'`' in task t1-2 on thread 15 
'U' in task t1-3 on thread 18 
'a' in task t1-2 on thread 15 


'b' in task t1-2 on thread 15 
'c' in task t1-2 on thread 15 
'd' in task t1-2 on thread 15 


'V' in task t1-3 on thread 18 
'e' in task t1-2 on thread 15 
'f' in task t1-2 on thread 15 


'g' in task t1-2 on thread 15 
'W' in task t1-3 on thread 18 
'X' in task t1-3 on thread 18 


'h' in task t1-2 on thread 15 
'i' in task t1-2 on thread 15 
'j' in task t1-2 on thread 15 


'k' in task t1-2 on thread 15 
'l' in task t1-2 on thread 15 
'm' in task t1-2 on thread 15 


'n' in task t1-2 on thread 15 
'o' in task t1-2 on thread 15 
'Y' in task t1-3 on thread 18 


'p' in task t1-2 on thread 15 
'q' in task t1-2 on thread 15 
'r' in task t1-2 on thread 15 


's' in task t1-2 on thread 15 
't' in task t1-2 on thread 15 
'u' in task t1-2 on thread 15 


'v' in task t1-2 on thread 15 
'w' in task t1-2 on thread 15 
'x' in task t1-2 on thread 15 


'y' in task t1-2 on thread 15 
'z' in task t1-2 on thread 15 
'{' in task t1-2 on thread 15 


'|' in task t1-2 on thread 15 
'}' in task t1-2 on thread 15 
'~' in task t1-2 on thread 15 


'!' in task t1-2 on thread 15 
'Z' in task t1-3 on thread 18 
'[' in task t1-3 on thread 18 


'"' in task t1-2 on thread 15 
'#' in task t1-2 on thread 15 
'$' in task t1-2 on thread 15 


'%' in task t1-2 on thread 15 
'&amp;' in task t1-2 on thread 15 
''' in task t1-2 on thread 15 


'(' in task t1-2 on thread 15 
')' in task t1-2 on thread 15 
'*' in task t1-2 on thread 15 


'\' in task t1-3 on thread 18 
']' in task t1-3 on thread 18 
'^' in task t1-3 on thread 18 


'+' in task t1-2 on thread 15 
',' in task t1-2 on thread 15 
'_' in task t1-3 on thread 18 


'-' in task t1-2 on thread 15 
'`' in task t1-3 on thread 18 
'a' in task t1-3 on thread 18 


'.' in task t1-2 on thread 15 
'/' in task t1-2 on thread 15 
'0' in task t1-2 on thread 15 


'1' in task t1-2 on thread 15 
'2' in task t1-2 on thread 15 
'3' in task t1-2 on thread 15 


'b' in task t1-3 on thread 18 
'c' in task t1-3 on thread 18 
'd' in task t1-3 on thread 18 


'4' in task t1-2 on thread 15 
'5' in task t1-2 on thread 15 
'e' in task t1-3 on thread 18 


'6' in task t1-2 on thread 15 
'f' in task t1-3 on thread 18 
'7' in task t1-2 on thread 15 


'g' in task t1-3 on thread 18 
'8' in task t1-2 on thread 15 
'h' in task t1-3 on thread 18 


'9' in task t1-2 on thread 15 
'i' in task t1-3 on thread 18 
'j' in task t1-3 on thread 18 


'k' in task t1-3 on thread 18 
':' in task t1-2 on thread 15 
'l' in task t1-3 on thread 18 


'm' in task t1-3 on thread 18 
'n' in task t1-3 on thread 18 
'o' in task t1-3 on thread 18 


';' in task t1-2 on thread 15 
'p' in task t1-3 on thread 18 
'q' in task t1-3 on thread 18 


'r' in task t1-3 on thread 18 
's' in task t1-3 on thread 18 
'&lt;' in task t1-2 on thread 15 


't' in task t1-3 on thread 18 
'=' in task t1-2 on thread 15 
'&gt;' in task t1-2 on thread 15 


'u' in task t1-3 on thread 18 
'?' in task t1-2 on thread 15 
'v' in task t1-3 on thread 18 


'@' in task t1-2 on thread 15 
'A' in task t1-2 on thread 15 
'B' in task t1-2 on thread 15 


'w' in task t1-3 on thread 18 
'C' in task t1-2 on thread 15 
'D' in task t1-2 on thread 15 


'x' in task t1-3 on thread 18 
'y' in task t1-3 on thread 18 
'E' in task t1-2 on thread 15 


'F' in task t1-2 on thread 15 
'z' in task t1-3 on thread 18 
'G' in task t1-2 on thread 15 


'{' in task t1-3 on thread 18 
'|' in task t1-3 on thread 18 
'}' in task t1-3 on thread 18 


'H' in task t1-2 on thread 15 
'I' in task t1-2 on thread 15 
'J' in task t1-2 on thread 15 


'~' in task t1-3 on thread 18 
'!' in task t1-3 on thread 18 
'K' in task t1-2 on thread 15 


'L' in task t1-2 on thread 15 
'M' in task t1-2 on thread 15 
'N' in task t1-2 on thread 15 


'O' in task t1-2 on thread 15 
'P' in task t1-2 on thread 15 
'Q' in task t1-2 on thread 15 


'"' in task t1-3 on thread 18 
'R' in task t1-2 on thread 15 
'S' in task t1-2 on thread 15 


'T' in task t1-2 on thread 15 
'U' in task t1-2 on thread 15 
'V' in task t1-2 on thread 15 


'#' in task t1-3 on thread 18 
'W' in task t1-2 on thread 15 
'X' in task t1-2 on thread 15 


'Y' in task t1-2 on thread 15 
'Z' in task t1-2 on thread 15 
'[' in task t1-2 on thread 15 


'\' in task t1-2 on thread 15 
']' in task t1-2 on thread 15 
'^' in task t1-2 on thread 15 


'_' in task t1-2 on thread 15 
'`' in task t1-2 on thread 15 
'$' in task t1-3 on thread 18 


'a' in task t1-2 on thread 15 
'b' in task t1-2 on thread 15 
'c' in task t1-2 on thread 15 


'd' in task t1-2 on thread 15 
'e' in task t1-2 on thread 15 
'f' in task t1-2 on thread 15 


'g' in task t1-2 on thread 15 
'h' in task t1-2 on thread 15 
'i' in task t1-2 on thread 15 


'j' in task t1-2 on thread 15 
'k' in task t1-2 on thread 15 
'l' in task t1-2 on thread 15 


'm' in task t1-2 on thread 15 
'n' in task t1-2 on thread 15 
'o' in task t1-2 on thread 15 


'%' in task t1-3 on thread 18 
'&amp;' in task t1-3 on thread 18 
''' in task t1-3 on thread 18 


'p' in task t1-2 on thread 15 
'q' in task t1-2 on thread 15 
'r' in task t1-2 on thread 15 


's' in task t1-2 on thread 15 
'(' in task t1-3 on thread 18 
')' in task t1-3 on thread 18 


't' in task t1-2 on thread 15 
'u' in task t1-2 on thread 15 
'v' in task t1-2 on thread 15 


'w' in task t1-2 on thread 15 
'x' in task t1-2 on thread 15 
'y' in task t1-2 on thread 15 


'z' in task t1-2 on thread 15 
'*' in task t1-3 on thread 18 
'+' in task t1-3 on thread 18 


',' in task t1-3 on thread 18 
'{' in task t1-2 on thread 15 
'|' in task t1-2 on thread 15 


'-' in task t1-3 on thread 18 
'}' in task t1-2 on thread 15 
'~' in task t1-2 on thread 15 


'!' in task t1-2 on thread 15 
'"' in task t1-2 on thread 15 
'.' in task t1-3 on thread 18 


'#' in task t1-2 on thread 15 
'/' in task t1-3 on thread 18 
'0' in task t1-3 on thread 18 


'$' in task t1-2 on thread 15 
'%' in task t1-2 on thread 15 
'&amp;' in task t1-2 on thread 15 


''' in task t1-2 on thread 15 
'(' in task t1-2 on thread 15 
')' in task t1-2 on thread 15 


'*' in task t1-2 on thread 15 
'+' in task t1-2 on thread 15 
',' in task t1-2 on thread 15 


'-' in task t1-2 on thread 15 
'.' in task t1-2 on thread 15 
'/' in task t1-2 on thread 15 


'0' in task t1-2 on thread 15 
'1' in task t1-2 on thread 15 
'2' in task t1-2 on thread 15 


'1' in task t1-3 on thread 18 
'3' in task t1-2 on thread 15 
'4' in task t1-2 on thread 15 


'2' in task t1-3 on thread 18 
'3' in task t1-3 on thread 18 
'5' in task t1-2 on thread 15 


'6' in task t1-2 on thread 15 
'7' in task t1-2 on thread 15 
'8' in task t1-2 on thread 15 


'9' in task t1-2 on thread 15 
':' in task t1-2 on thread 15 
';' in task t1-2 on thread 15 


'&lt;' in task t1-2 on thread 15 
'4' in task t1-3 on thread 18 
'=' in task t1-2 on thread 15 


'&gt;' in task t1-2 on thread 15 
'?' in task t1-2 on thread 15 
'@' in task t1-2 on thread 15 


'A' in task t1-2 on thread 15 
'B' in task t1-2 on thread 15 
'C' in task t1-2 on thread 15 


'D' in task t1-2 on thread 15 
'E' in task t1-2 on thread 15 
'F' in task t1-2 on thread 15 


'G' in task t1-2 on thread 15 
'5' in task t1-3 on thread 18 
'6' in task t1-3 on thread 18 


'H' in task t1-2 on thread 15 
'I' in task t1-2 on thread 15 
'J' in task t1-2 on thread 15 


'K' in task t1-2 on thread 15 
'L' in task t1-2 on thread 15 
'M' in task t1-2 on thread 15 


'N' in task t1-2 on thread 15 
'O' in task t1-2 on thread 15 
'P' in task t1-2 on thread 15 


'7' in task t1-3 on thread 18 
'Q' in task t1-2 on thread 15 
'R' in task t1-2 on thread 15 


'S' in task t1-2 on thread 15 
'T' in task t1-2 on thread 15 
'8' in task t1-3 on thread 18 


'9' in task t1-3 on thread 18 
'U' in task t1-2 on thread 15 
'V' in task t1-2 on thread 15 


'W' in task t1-2 on thread 15 
'X' in task t1-2 on thread 15 
'Y' in task t1-2 on thread 15 


'Z' in task t1-2 on thread 15 
'[' in task t1-2 on thread 15 
'\' in task t1-2 on thread 15 


']' in task t1-2 on thread 15 
'^' in task t1-2 on thread 15 
'_' in task t1-2 on thread 15 


'`' in task t1-2 on thread 15 
'a' in task t1-2 on thread 15 
'b' in task t1-2 on thread 15 


'c' in task t1-2 on thread 15 
'd' in task t1-2 on thread 15 
'e' in task t1-2 on thread 15 


':' in task t1-3 on thread 18 
';' in task t1-3 on thread 18 
'f' in task t1-2 on thread 15 


'g' in task t1-2 on thread 15 
'h' in task t1-2 on thread 15 
'i' in task t1-2 on thread 15 


'j' in task t1-2 on thread 15 
'k' in task t1-2 on thread 15 
'l' in task t1-2 on thread 15 


'm' in task t1-2 on thread 15 
'n' in task t1-2 on thread 15 
'o' in task t1-2 on thread 15 


'p' in task t1-2 on thread 15 
'q' in task t1-2 on thread 15 
'r' in task t1-2 on thread 15 


's' in task t1-2 on thread 15 
'&lt;' in task t1-3 on thread 18 
'=' in task t1-3 on thread 18 


'&gt;' in task t1-3 on thread 18 
't' in task t1-2 on thread 15 
'u' in task t1-2 on thread 15 


'v' in task t1-2 on thread 15 
'w' in task t1-2 on thread 15 
'x' in task t1-2 on thread 15 


'y' in task t1-2 on thread 15 
'z' in task t1-2 on thread 15 
'{' in task t1-2 on thread 15 


'|' in task t1-2 on thread 15 
'}' in task t1-2 on thread 15 
'~' in task t1-2 on thread 15 


'!' in task t1-2 on thread 15 
'"' in task t1-2 on thread 15 
'#' in task t1-2 on thread 15 


'$' in task t1-2 on thread 15 
'%' in task t1-2 on thread 15 
'&amp;' in task t1-2 on thread 15 


'?' in task t1-3 on thread 18 
''' in task t1-2 on thread 15 
'@' in task t1-3 on thread 18 


'A' in task t1-3 on thread 18 
'(' in task t1-2 on thread 15 
'B' in task t1-3 on thread 18 


')' in task t1-2 on thread 15 
'*' in task t1-2 on thread 15 
'+' in task t1-2 on thread 15 


',' in task t1-2 on thread 15 
'-' in task t1-2 on thread 15 
'.' in task t1-2 on thread 15 


'C' in task t1-3 on thread 18 
'/' in task t1-2 on thread 15 
'0' in task t1-2 on thread 15 


'1' in task t1-2 on thread 15 
'2' in task t1-2 on thread 15 
'3' in task t1-2 on thread 15 


'D' in task t1-3 on thread 18 
'E' in task t1-3 on thread 18 
'4' in task t1-2 on thread 15 


'5' in task t1-2 on thread 15 
'6' in task t1-2 on thread 15 
'7' in task t1-2 on thread 15 


'8' in task t1-2 on thread 15 
'9' in task t1-2 on thread 15 
':' in task t1-2 on thread 15 


';' in task t1-2 on thread 15 
'&lt;' in task t1-2 on thread 15 
'=' in task t1-2 on thread 15 


'F' in task t1-3 on thread 18 
'&gt;' in task t1-2 on thread 15 
'G' in task t1-3 on thread 18 


'?' in task t1-2 on thread 15 
'H' in task t1-3 on thread 18 
'I' in task t1-3 on thread 18 


'J' in task t1-3 on thread 18 
'@' in task t1-2 on thread 15 
'A' in task t1-2 on thread 15 


'B' in task t1-2 on thread 15 
'C' in task t1-2 on thread 15 
'D' in task t1-2 on thread 15 


'E' in task t1-2 on thread 15 
'K' in task t1-3 on thread 18 
'L' in task t1-3 on thread 18 


'F' in task t1-2 on thread 15 
'G' in task t1-2 on thread 15 
'H' in task t1-2 on thread 15 


'M' in task t1-3 on thread 18 
'N' in task t1-3 on thread 18 
'I' in task t1-2 on thread 15 


'J' in task t1-2 on thread 15 
'O' in task t1-3 on thread 18 
'K' in task t1-2 on thread 15 


'L' in task t1-2 on thread 15 
'M' in task t1-2 on thread 15 
'N' in task t1-2 on thread 15 


'O' in task t1-2 on thread 15 
'P' in task t1-2 on thread 15 
'Q' in task t1-2 on thread 15 


'R' in task t1-2 on thread 15 
'S' in task t1-2 on thread 15 
'T' in task t1-2 on thread 15 


'U' in task t1-2 on thread 15 
'V' in task t1-2 on thread 15 
'W' in task t1-2 on thread 15 


'X' in task t1-2 on thread 15 
'P' in task t1-3 on thread 18 
'Y' in task t1-2 on thread 15 


'Z' in task t1-2 on thread 15 
'[' in task t1-2 on thread 15 
'\' in task t1-2 on thread 15 


']' in task t1-2 on thread 15 
'Q' in task t1-3 on thread 18 
'R' in task t1-3 on thread 18 


'^' in task t1-2 on thread 15 
'_' in task t1-2 on thread 15 
'`' in task t1-2 on thread 15 


'a' in task t1-2 on thread 15 
'b' in task t1-2 on thread 15 
'c' in task t1-2 on thread 15 


'd' in task t1-2 on thread 15 
'e' in task t1-2 on thread 15 
'f' in task t1-2 on thread 15 


'S' in task t1-3 on thread 18 
'g' in task t1-2 on thread 15 
'h' in task t1-2 on thread 15 


'i' in task t1-2 on thread 15 
'j' in task t1-2 on thread 15 
'k' in task t1-2 on thread 15 


'l' in task t1-2 on thread 15 
'm' in task t1-2 on thread 15 
'T' in task t1-3 on thread 18 


'n' in task t1-2 on thread 15 
'o' in task t1-2 on thread 15 
'p' in task t1-2 on thread 15 


'U' in task t1-3 on thread 18 
'q' in task t1-2 on thread 15 
'r' in task t1-2 on thread 15 


's' in task t1-2 on thread 15 
't' in task t1-2 on thread 15 
'u' in task t1-2 on thread 15 


'v' in task t1-2 on thread 15 
'V' in task t1-3 on thread 18 
'W' in task t1-3 on thread 18 


'w' in task t1-2 on thread 15 
'X' in task t1-3 on thread 18 
'Y' in task t1-3 on thread 18 


'x' in task t1-2 on thread 15 
'Z' in task t1-3 on thread 18 
'y' in task t1-2 on thread 15 


'[' in task t1-3 on thread 18 
'z' in task t1-2 on thread 15 
'\' in task t1-3 on thread 18 


'{' in task t1-2 on thread 15 
'|' in task t1-2 on thread 15 
']' in task t1-3 on thread 18 


'}' in task t1-2 on thread 15 
'~' in task t1-2 on thread 15 
'^' in task t1-3 on thread 18 


'!' in task t1-2 on thread 15 
'_' in task t1-3 on thread 18 
'"' in task t1-2 on thread 15 


'#' in task t1-2 on thread 15 
'`' in task t1-3 on thread 18 
'$' in task t1-2 on thread 15 


'a' in task t1-3 on thread 18 
'b' in task t1-3 on thread 18 
'%' in task t1-2 on thread 15 


'&amp;' in task t1-2 on thread 15 
'c' in task t1-3 on thread 18 
'd' in task t1-3 on thread 18 


''' in task t1-2 on thread 15 
'e' in task t1-3 on thread 18 
'(' in task t1-2 on thread 15 


')' in task t1-2 on thread 15 
'*' in task t1-2 on thread 15 
'+' in task t1-2 on thread 15 


'f' in task t1-3 on thread 18 
',' in task t1-2 on thread 15 
'-' in task t1-2 on thread 15 


'g' in task t1-3 on thread 18 
'h' in task t1-3 on thread 18 
'i' in task t1-3 on thread 18 


'.' in task t1-2 on thread 15 
'/' in task t1-2 on thread 15 
'0' in task t1-2 on thread 15 


'j' in task t1-3 on thread 18 
'k' in task t1-3 on thread 18 
'1' in task t1-2 on thread 15 


'2' in task t1-2 on thread 15 
'3' in task t1-2 on thread 15 
'4' in task t1-2 on thread 15 


'l' in task t1-3 on thread 18 
'5' in task t1-2 on thread 15 
'6' in task t1-2 on thread 15 


'm' in task t1-3 on thread 18 
'7' in task t1-2 on thread 15 
'8' in task t1-2 on thread 15 


'n' in task t1-3 on thread 18 
'9' in task t1-2 on thread 15 
'o' in task t1-3 on thread 18 


':' in task t1-2 on thread 15 
';' in task t1-2 on thread 15 
'&lt;' in task t1-2 on thread 15 


'p' in task t1-3 on thread 18 
'q' in task t1-3 on thread 18 
'=' in task t1-2 on thread 15 


'r' in task t1-3 on thread 18 
'&gt;' in task t1-2 on thread 15 
'?' in task t1-2 on thread 15 


's' in task t1-3 on thread 18 
'@' in task t1-2 on thread 15 
'A' in task t1-2 on thread 15 


'B' in task t1-2 on thread 15 
't' in task t1-3 on thread 18 
'u' in task t1-3 on thread 18 


'C' in task t1-2 on thread 15 
'D' in task t1-2 on thread 15 
'E' in task t1-2 on thread 15 


'v' in task t1-3 on thread 18 
'w' in task t1-3 on thread 18 
'F' in task t1-2 on thread 15 


'G' in task t1-2 on thread 15 
'H' in task t1-2 on thread 15 
'x' in task t1-3 on thread 18 


'I' in task t1-2 on thread 15 
'J' in task t1-2 on thread 15 
'K' in task t1-2 on thread 15 


'y' in task t1-3 on thread 18 
'L' in task t1-2 on thread 15 
'z' in task t1-3 on thread 18 


'M' in task t1-2 on thread 15 
'{' in task t1-3 on thread 18 
'|' in task t1-3 on thread 18 


'N' in task t1-2 on thread 15 
'}' in task t1-3 on thread 18 
'O' in task t1-2 on thread 15 


'~' in task t1-3 on thread 18 
'P' in task t1-2 on thread 15 
'Q' in task t1-2 on thread 15 


'R' in task t1-2 on thread 15 
'S' in task t1-2 on thread 15 
'T' in task t1-2 on thread 15 


'!' in task t1-3 on thread 18 
'U' in task t1-2 on thread 15 
'V' in task t1-2 on thread 15 


'W' in task t1-2 on thread 15 
'X' in task t1-2 on thread 15 
'Y' in task t1-2 on thread 15 


'Z' in task t1-2 on thread 15 
'[' in task t1-2 on thread 15 
'\' in task t1-2 on thread 15 


'"' in task t1-3 on thread 18 
']' in task t1-2 on thread 15 
'#' in task t1-3 on thread 18 


'^' in task t1-2 on thread 15 
'_' in task t1-2 on thread 15 
'$' in task t1-3 on thread 18 


'`' in task t1-2 on thread 15 
'%' in task t1-3 on thread 18 
'a' in task t1-2 on thread 15 


'b' in task t1-2 on thread 15 
'c' in task t1-2 on thread 15 
'd' in task t1-2 on thread 15 


'e' in task t1-2 on thread 15 
'f' in task t1-2 on thread 15 
'g' in task t1-2 on thread 15 


'h' in task t1-2 on thread 15 
'i' in task t1-2 on thread 15 
'j' in task t1-2 on thread 15 


'k' in task t1-2 on thread 15 
'l' in task t1-2 on thread 15 
'm' in task t1-2 on thread 15 


'n' in task t1-2 on thread 15 
'o' in task t1-2 on thread 15 
'&amp;' in task t1-3 on thread 18 


'p' in task t1-2 on thread 15 
''' in task t1-3 on thread 18 
'(' in task t1-3 on thread 18 


'q' in task t1-2 on thread 15 
')' in task t1-3 on thread 18 
'r' in task t1-2 on thread 15 


's' in task t1-2 on thread 15 
't' in task t1-2 on thread 15 
'u' in task t1-2 on thread 15 


'v' in task t1-2 on thread 15 
'w' in task t1-2 on thread 15 
'x' in task t1-2 on thread 15 


'y' in task t1-2 on thread 15 
'z' in task t1-2 on thread 15 
'{' in task t1-2 on thread 15 


'|' in task t1-2 on thread 15 
'}' in task t1-2 on thread 15 
'*' in task t1-3 on thread 18 


'~' in task t1-2 on thread 15 
'+' in task t1-3 on thread 18 
'!' in task t1-2 on thread 15 


'"' in task t1-2 on thread 15 
',' in task t1-3 on thread 18 
'-' in task t1-3 on thread 18 


'#' in task t1-2 on thread 15 
'$' in task t1-2 on thread 15 
'.' in task t1-3 on thread 18 


'%' in task t1-2 on thread 15 
'/' in task t1-3 on thread 18 
'0' in task t1-3 on thread 18 


'&amp;' in task t1-2 on thread 15 
'1' in task t1-3 on thread 18 
''' in task t1-2 on thread 15 


'2' in task t1-3 on thread 18 
'(' in task t1-2 on thread 15 
')' in task t1-2 on thread 15 


'*' in task t1-2 on thread 15 
'+' in task t1-2 on thread 15 
',' in task t1-2 on thread 15 


'3' in task t1-3 on thread 18 
'-' in task t1-2 on thread 15 
'.' in task t1-2 on thread 15 


'/' in task t1-2 on thread 15 
'0' in task t1-2 on thread 15 
'1' in task t1-2 on thread 15 


'2' in task t1-2 on thread 15 
'3' in task t1-2 on thread 15 
'4' in task t1-2 on thread 15 


'5' in task t1-2 on thread 15 
'6' in task t1-2 on thread 15 
'7' in task t1-2 on thread 15 


'4' in task t1-3 on thread 18 
'8' in task t1-2 on thread 15 
'9' in task t1-2 on thread 15 


':' in task t1-2 on thread 15 
';' in task t1-2 on thread 15 
'&lt;' in task t1-2 on thread 15 


'5' in task t1-3 on thread 18 
'6' in task t1-3 on thread 18 
'=' in task t1-2 on thread 15 


'&gt;' in task t1-2 on thread 15 
'?' in task t1-2 on thread 15 
'@' in task t1-2 on thread 15 


'7' in task t1-3 on thread 18 
'A' in task t1-2 on thread 15 
'B' in task t1-2 on thread 15 


'C' in task t1-2 on thread 15 
'D' in task t1-2 on thread 15 
'E' in task t1-2 on thread 15 


'F' in task t1-2 on thread 15 
'G' in task t1-2 on thread 15 
'H' in task t1-2 on thread 15 


'I' in task t1-2 on thread 15 
'J' in task t1-2 on thread 15 
'K' in task t1-2 on thread 15 


'L' in task t1-2 on thread 15 
'M' in task t1-2 on thread 15 
'N' in task t1-2 on thread 15 


'O' in task t1-2 on thread 15 
'P' in task t1-2 on thread 15 
'Q' in task t1-2 on thread 15 


'R' in task t1-2 on thread 15 
'S' in task t1-2 on thread 15 
'T' in task t1-2 on thread 15 


'8' in task t1-3 on thread 18 
'U' in task t1-2 on thread 15 
'V' in task t1-2 on thread 15 


'9' in task t1-3 on thread 18 
'W' in task t1-2 on thread 15 
'X' in task t1-2 on thread 15 


'Y' in task t1-2 on thread 15 
'Z' in task t1-2 on thread 15 
'[' in task t1-2 on thread 15 


'\' in task t1-2 on thread 15 
']' in task t1-2 on thread 15 
'^' in task t1-2 on thread 15 


'_' in task t1-2 on thread 15 
'`' in task t1-2 on thread 15 
'a' in task t1-2 on thread 15 


'b' in task t1-2 on thread 15 
':' in task t1-3 on thread 18 
'c' in task t1-2 on thread 15 


';' in task t1-3 on thread 18 
'd' in task t1-2 on thread 15 
'e' in task t1-2 on thread 15 


'f' in task t1-2 on thread 15 
'g' in task t1-2 on thread 15 
'h' in task t1-2 on thread 15 


'i' in task t1-2 on thread 15 
'j' in task t1-2 on thread 15 
'k' in task t1-2 on thread 15 


'&lt;' in task t1-3 on thread 18 
'=' in task t1-3 on thread 18 
'&gt;' in task t1-3 on thread 18 


'l' in task t1-2 on thread 15 
'm' in task t1-2 on thread 15 
'n' in task t1-2 on thread 15 


'o' in task t1-2 on thread 15 
'p' in task t1-2 on thread 15 
'q' in task t1-2 on thread 15 


'r' in task t1-2 on thread 15 
'?' in task t1-3 on thread 18 
'@' in task t1-3 on thread 18 


's' in task t1-2 on thread 15 
'A' in task t1-3 on thread 18 
'B' in task t1-3 on thread 18 


't' in task t1-2 on thread 15 
'u' in task t1-2 on thread 15 
'C' in task t1-3 on thread 18 


'v' in task t1-2 on thread 15 
'D' in task t1-3 on thread 18 
'E' in task t1-3 on thread 18 


'w' in task t1-2 on thread 15 
'x' in task t1-2 on thread 15 
'F' in task t1-3 on thread 18 


'G' in task t1-3 on thread 18 
'y' in task t1-2 on thread 15 
'z' in task t1-2 on thread 15 


'H' in task t1-3 on thread 18 
'I' in task t1-3 on thread 18 
'{' in task t1-2 on thread 15 


'|' in task t1-2 on thread 15 
'J' in task t1-3 on thread 18 
'K' in task t1-3 on thread 18 


'L' in task t1-3 on thread 18 
'}' in task t1-2 on thread 15 
'~' in task t1-2 on thread 15 


'M' in task t1-3 on thread 18 
'N' in task t1-3 on thread 18 
'O' in task t1-3 on thread 18 


'P' in task t1-3 on thread 18 
'Q' in task t1-3 on thread 18 
'R' in task t1-3 on thread 18 


'S' in task t1-3 on thread 18 
'T' in task t1-3 on thread 18 
'U' in task t1-3 on thread 18 


'V' in task t1-3 on thread 18 
'W' in task t1-3 on thread 18 
'X' in task t1-3 on thread 18 


'Y' in task t1-3 on thread 18 
'Z' in task t1-3 on thread 18 
'[' in task t1-3 on thread 18 


'\' in task t1-3 on thread 18 
']' in task t1-3 on thread 18 
'^' in task t1-3 on thread 18 


'_' in task t1-3 on thread 18 
'`' in task t1-3 on thread 18 
'a' in task t1-3 on thread 18 


'b' in task t1-3 on thread 18 
'c' in task t1-3 on thread 18 
'd' in task t1-3 on thread 18 


'e' in task t1-3 on thread 18 
'f' in task t1-3 on thread 18 
'g' in task t1-3 on thread 18 


'h' in task t1-3 on thread 18 
'i' in task t1-3 on thread 18 
'j' in task t1-3 on thread 18 


'k' in task t1-3 on thread 18 
'l' in task t1-3 on thread 18 
'm' in task t1-3 on thread 18 


'n' in task t1-3 on thread 18 
'o' in task t1-3 on thread 18 
'p' in task t1-3 on thread 18 


'q' in task t1-3 on thread 18 
'r' in task t1-3 on thread 18 
's' in task t1-3 on thread 18 


't' in task t1-3 on thread 18 
'u' in task t1-3 on thread 18 
'v' in task t1-3 on thread 18 


'w' in task t1-3 on thread 18 
'x' in task t1-3 on thread 18 
'y' in task t1-3 on thread 18 


'z' in task t1-3 on thread 18 
'{' in task t1-3 on thread 18 
'|' in task t1-3 on thread 18 


'}' in task t1-3 on thread 18 
'~' in task t1-3 on thread 18 
'!' in task t1-3 on thread 18 


'"' in task t1-3 on thread 18 
'#' in task t1-3 on thread 18 
'$' in task t1-3 on thread 18 


'%' in task t1-3 on thread 18 
'&amp;' in task t1-3 on thread 18 
''' in task t1-3 on thread 18 


'(' in task t1-3 on thread 18 
')' in task t1-3 on thread 18 
'*' in task t1-3 on thread 18 


'+' in task t1-3 on thread 18 
',' in task t1-3 on thread 18 
'-' in task t1-3 on thread 18 


'.' in task t1-3 on thread 18 
'/' in task t1-3 on thread 18 
'0' in task t1-3 on thread 18 


'1' in task t1-3 on thread 18 
'2' in task t1-3 on thread 18 
'3' in task t1-3 on thread 18 


'4' in task t1-3 on thread 18 
'5' in task t1-3 on thread 18 
'6' in task t1-3 on thread 18 


'7' in task t1-3 on thread 18 
'8' in task t1-3 on thread 18 
'9' in task t1-3 on thread 18 


':' in task t1-3 on thread 18 
';' in task t1-3 on thread 18 
'&lt;' in task t1-3 on thread 18 


'=' in task t1-3 on thread 18 
'&gt;' in task t1-3 on thread 18 
'?' in task t1-3 on thread 18 


'@' in task t1-3 on thread 18 
'A' in task t1-3 on thread 18 
'B' in task t1-3 on thread 18 


'C' in task t1-3 on thread 18 
'D' in task t1-3 on thread 18 
'E' in task t1-3 on thread 18 


'F' in task t1-3 on thread 18 
'G' in task t1-3 on thread 18 
'H' in task t1-3 on thread 18 


'I' in task t1-3 on thread 18 
'J' in task t1-3 on thread 18 
'K' in task t1-3 on thread 18 


'L' in task t1-3 on thread 18 
'M' in task t1-3 on thread 18 
'N' in task t1-3 on thread 18 


'O' in task t1-3 on thread 18 
'P' in task t1-3 on thread 18 
'Q' in task t1-3 on thread 18 


'R' in task t1-3 on thread 18 
'S' in task t1-3 on thread 18 
'T' in task t1-3 on thread 18 


'U' in task t1-3 on thread 18 
'V' in task t1-3 on thread 18 
'W' in task t1-3 on thread 18 


'X' in task t1-3 on thread 18 
'Y' in task t1-3 on thread 18 
'Z' in task t1-3 on thread 18 


'[' in task t1-3 on thread 18 
'\' in task t1-3 on thread 18 
']' in task t1-3 on thread 18 


'^' in task t1-3 on thread 18 
'_' in task t1-3 on thread 18 
'`' in task t1-3 on thread 18 


'a' in task t1-3 on thread 18 
'b' in task t1-3 on thread 18 
'c' in task t1-3 on thread 18 


'd' in task t1-3 on thread 18 
'e' in task t1-3 on thread 18 
'f' in task t1-3 on thread 18 


'g' in task t1-3 on thread 18 
'h' in task t1-3 on thread 18 
'i' in task t1-3 on thread 18 


'j' in task t1-3 on thread 18 
'k' in task t1-3 on thread 18 
'l' in task t1-3 on thread 18 


'm' in task t1-3 on thread 18 
'n' in task t1-3 on thread 18 
'o' in task t1-3 on thread 18 


'p' in task t1-3 on thread 18 
'q' in task t1-3 on thread 18 
'r' in task t1-3 on thread 18 


's' in task t1-3 on thread 18 
't' in task t1-3 on thread 18 
'u' in task t1-3 on thread 18 


'v' in task t1-3 on thread 18 
'w' in task t1-3 on thread 18 
'x' in task t1-3 on thread 18 


'y' in task t1-3 on thread 18 
'z' in task t1-3 on thread 18 
'{' in task t1-3 on thread 18 


'|' in task t1-3 on thread 18 
'}' in task t1-3 on thread 18 
'~' in task t1-3 on thread 18 


'!' in task t1-3 on thread 18 
'"' in task t1-3 on thread 18 
'#' in task t1-3 on thread 18 


'$' in task t1-3 on thread 18 
'%' in task t1-3 on thread 18 
'&amp;' in task t1-3 on thread 18 


''' in task t1-3 on thread 18 
'(' in task t1-3 on thread 18 
')' in task t1-3 on thread 18 


'*' in task t1-3 on thread 18 
'+' in task t1-3 on thread 18 
',' in task t1-3 on thread 18 


'-' in task t1-3 on thread 18 
'.' in task t1-3 on thread 18 
'/' in task t1-3 on thread 18 


'0' in task t1-3 on thread 18 
'1' in task t1-3 on thread 18 
'2' in task t1-3 on thread 18 


'3' in task t1-3 on thread 18 
'4' in task t1-3 on thread 18 
'5' in task t1-3 on thread 18 


'6' in task t1-3 on thread 18 
'7' in task t1-3 on thread 18 
'8' in task t1-3 on thread 18 


'9' in task t1-3 on thread 18 
':' in task t1-3 on thread 18 
';' in task t1-3 on thread 18 


'&lt;' in task t1-3 on thread 18 
'=' in task t1-3 on thread 18 
'&gt;' in task t1-3 on thread 18 


'?' in task t1-3 on thread 18 
'@' in task t1-3 on thread 18 
'A' in task t1-3 on thread 18 


'B' in task t1-3 on thread 18 
'C' in task t1-3 on thread 18 
'D' in task t1-3 on thread 18 


'E' in task t1-3 on thread 18 
'F' in task t1-3 on thread 18 
'G' in task t1-3 on thread 18 


'H' in task t1-3 on thread 18 
'I' in task t1-3 on thread 18 
'J' in task t1-3 on thread 18 


'K' in task t1-3 on thread 18 
'L' in task t1-3 on thread 18 
'M' in task t1-3 on thread 18 


'N' in task t1-3 on thread 18 
'O' in task t1-3 on thread 18 
'P' in task t1-3 on thread 18 


'Q' in task t1-3 on thread 18 
'R' in task t1-3 on thread 18 
'S' in task t1-3 on thread 18 


'T' in task t1-3 on thread 18 
'U' in task t1-3 on thread 18 
'V' in task t1-3 on thread 18 


'W' in task t1-3 on thread 18 
'X' in task t1-3 on thread 18 
'Y' in task t1-3 on thread 18 


'Z' in task t1-3 on thread 18 
'[' in task t1-3 on thread 18 
'\' in task t1-3 on thread 18 


']' in task t1-3 on thread 18 
'^' in task t1-3 on thread 18 
'_' in task t1-3 on thread 18 


'`' in task t1-3 on thread 18 
'a' in task t1-3 on thread 18 
'b' in task t1-3 on thread 18 


'c' in task t1-3 on thread 18 
'd' in task t1-3 on thread 18 
'e' in task t1-3 on thread 18 


'f' in task t1-3 on thread 18 
'g' in task t1-3 on thread 18 
'h' in task t1-3 on thread 18 


'i' in task t1-3 on thread 18 
'j' in task t1-3 on thread 18 
'k' in task t1-3 on thread 18 


'l' in task t1-3 on thread 18 
'm' in task t1-3 on thread 18 
'n' in task t1-3 on thread 18 


'o' in task t1-3 on thread 18 
'p' in task t1-3 on thread 18 
'q' in task t1-3 on thread 18 


'r' in task t1-3 on thread 18 
's' in task t1-3 on thread 18 
't' in task t1-3 on thread 18 


'u' in task t1-3 on thread 18 
'v' in task t1-3 on thread 18 
'w' in task t1-3 on thread 18 


'x' in task t1-3 on thread 18 
'y' in task t1-3 on thread 18 
'z' in task t1-3 on thread 18 


'{' in task t1-3 on thread 18 
'|' in task t1-3 on thread 18 
'}' in task t1-3 on thread 18 


'~' in task t1-3 on thread 18 
'!' in task t1-3 on thread 18 
'"' in task t1-3 on thread 18 


'#' in task t1-3 on thread 18 
'$' in task t1-3 on thread 18 
'%' in task t1-3 on thread 18 


'&amp;' in task t1-3 on thread 18 
''' in task t1-3 on thread 18 
'(' in task t1-3 on thread 18 


')' in task t1-3 on thread 18 
'*' in task t1-3 on thread 18 
'+' in task t1-3 on thread 18 


',' in task t1-3 on thread 18 
'-' in task t1-3 on thread 18 
'.' in task t1-3 on thread 18 


'/' in task t1-3 on thread 18 
'0' in task t1-3 on thread 18 
'1' in task t1-3 on thread 18 


'2' in task t1-3 on thread 18 
'3' in task t1-3 on thread 18 
'4' in task t1-3 on thread 18 


'5' in task t1-3 on thread 18 
'6' in task t1-3 on thread 18 
'7' in task t1-3 on thread 18 


'8' in task t1-3 on thread 18 
'9' in task t1-3 on thread 18 
':' in task t1-3 on thread 18 


';' in task t1-3 on thread 18 
'&lt;' in task t1-3 on thread 18 
'=' in task t1-3 on thread 18 


'&gt;' in task t1-3 on thread 18 
'?' in task t1-3 on thread 18 
'@' in task t1-3 on thread 18 


'A' in task t1-3 on thread 18 
'B' in task t1-3 on thread 18 
'C' in task t1-3 on thread 18 


'D' in task t1-3 on thread 18 
'E' in task t1-3 on thread 18 
'F' in task t1-3 on thread 18 


'G' in task t1-3 on thread 18 
'H' in task t1-3 on thread 18 
'I' in task t1-3 on thread 18 


'J' in task t1-3 on thread 18 
'K' in task t1-3 on thread 18 
'L' in task t1-3 on thread 18 


'M' in task t1-3 on thread 18 
'N' in task t1-3 on thread 18 
'O' in task t1-3 on thread 18 


'P' in task t1-3 on thread 18 
'Q' in task t1-3 on thread 18 
'R' in task t1-3 on thread 18 


'S' in task t1-3 on thread 18 
'T' in task t1-3 on thread 18 
'U' in task t1-3 on thread 18 


'V' in task t1-3 on thread 18 
'W' in task t1-3 on thread 18 
'X' in task t1-3 on thread 18 


'Y' in task t1-3 on thread 18 
'Z' in task t1-3 on thread 18 
'[' in task t1-3 on thread 18 


'\' in task t1-3 on thread 18 
']' in task t1-3 on thread 18 
'^' in task t1-3 on thread 18 


'_' in task t1-3 on thread 18 
'`' in task t1-3 on thread 18 
'a' in task t1-3 on thread 18 


'b' in task t1-3 on thread 18 
'c' in task t1-3 on thread 18 
'd' in task t1-3 on thread 18 


'e' in task t1-3 on thread 18 
'f' in task t1-3 on thread 18 
'g' in task t1-3 on thread 18 


'h' in task t1-3 on thread 18 
'i' in task t1-3 on thread 18 
'j' in task t1-3 on thread 18 


'k' in task t1-3 on thread 18 
'l' in task t1-3 on thread 18 
'm' in task t1-3 on thread 18 


'n' in task t1-3 on thread 18 
'o' in task t1-3 on thread 18 
'p' in task t1-3 on thread 18 


'q' in task t1-3 on thread 18 
'r' in task t1-3 on thread 18 
's' in task t1-3 on thread 18 


't' in task t1-3 on thread 18 
'u' in task t1-3 on thread 18 
'v' in task t1-3 on thread 18 


'w' in task t1-3 on thread 18 
'x' in task t1-3 on thread 18 
'y' in task t1-3 on thread 18 


'z' in task t1-3 on thread 18 
'{' in task t1-3 on thread 18 
'|' in task t1-3 on thread 18 


'}' in task t1-3 on thread 18 
'~' in task t1-3 on thread 18 
'!' in task t1-3 on thread 18 


'"' in task t1-3 on thread 18 
'#' in task t1-3 on thread 18 
'$' in task t1-3 on thread 18 


'%' in task t1-3 on thread 18 
'&amp;' in task t1-3 on thread 18 
''' in task t1-3 on thread 18 


'(' in task t1-3 on thread 18 
')' in task t1-3 on thread 18 
'*' in task t1-3 on thread 18 


'+' in task t1-3 on thread 18 
',' in task t1-3 on thread 18 
'-' in task t1-3 on thread 18 


'.' in task t1-3 on thread 18 
'/' in task t1-3 on thread 18 
'0' in task t1-3 on thread 18 


'1' in task t1-3 on thread 18 
'2' in task t1-3 on thread 18 
'3' in task t1-3 on thread 18 


'4' in task t1-3 on thread 18 
'5' in task t1-3 on thread 18 
'6' in task t1-3 on thread 18 


'7' in task t1-3 on thread 18 
'8' in task t1-3 on thread 18 
'9' in task t1-3 on thread 18 


':' in task t1-3 on thread 18 
';' in task t1-3 on thread 18 
'&lt;' in task t1-3 on thread 18 


'=' in task t1-3 on thread 18 
'&gt;' in task t1-3 on thread 18 
'?' in task t1-3 on thread 18 


'@' in task t1-3 on thread 18 
'A' in task t1-3 on thread 18 
'B' in task t1-3 on thread 18 


'C' in task t1-3 on thread 18 
'D' in task t1-3 on thread 18 
'E' in task t1-3 on thread 18 


'F' in task t1-3 on thread 18 
'G' in task t1-3 on thread 18 
'H' in task t1-3 on thread 18 


'I' in task t1-3 on thread 18 
'J' in task t1-3 on thread 18 
'K' in task t1-3 on thread 18 


'L' in task t1-3 on thread 18 
'M' in task t1-3 on thread 18 
'N' in task t1-3 on thread 18 


'O' in task t1-3 on thread 18 
'P' in task t1-3 on thread 18 
'Q' in task t1-3 on thread 18 


'R' in task t1-3 on thread 18 
'S' in task t1-3 on thread 18 
'T' in task t1-3 on thread 18 


'U' in task t1-3 on thread 18 
'V' in task t1-3 on thread 18 
'W' in task t1-3 on thread 18 


'X' in task t1-3 on thread 18 
'Y' in task t1-3 on thread 18 
'Z' in task t1-3 on thread 18 


'[' in task t1-3 on thread 18 
'\' in task t1-3 on thread 18 
']' in task t1-3 on thread 18 


'^' in task t1-3 on thread 18 
'_' in task t1-3 on thread 18 
'`' in task t1-3 on thread 18 


'a' in task t1-3 on thread 18 
'b' in task t1-3 on thread 18 
'c' in task t1-3 on thread 18 


'd' in task t1-3 on thread 18 
'e' in task t1-3 on thread 18 
'f' in task t1-3 on thread 18 


'g' in task t1-3 on thread 18 
'h' in task t1-3 on thread 18 
'i' in task t1-3 on thread 18 


'j' in task t1-3 on thread 18 
'k' in task t1-3 on thread 18 
'l' in task t1-3 on thread 18 


'm' in task t1-3 on thread 18 
'n' in task t1-3 on thread 18 
'o' in task t1-3 on thread 18 


'p' in task t1-3 on thread 18 
'q' in task t1-3 on thread 18 
'r' in task t1-3 on thread 18 


's' in task t1-3 on thread 18 
't' in task t1-3 on thread 18 
'u' in task t1-3 on thread 18 


'v' in task t1-3 on thread 18 
'w' in task t1-3 on thread 18 
'x' in task t1-3 on thread 18 


'y' in task t1-3 on thread 18 
'z' in task t1-3 on thread 18 
'{' in task t1-3 on thread 18 


'|' in task t1-3 on thread 18 
'}' in task t1-3 on thread 18 
'~' in task t1-3 on thread 18 


'!' in task t1-3 on thread 18 
'"' in task t1-3 on thread 18 
'#' in task t1-3 on thread 18 


'$' in task t1-3 on thread 18 
'%' in task t1-3 on thread 18 
'&amp;' in task t1-3 on thread 18 


''' in task t1-3 on thread 18 
'(' in task t1-3 on thread 18 
')' in task t1-3 on thread 18 


'*' in task t1-3 on thread 18 
'+' in task t1-3 on thread 18 
',' in task t1-3 on thread 18 


'-' in task t1-3 on thread 18 
'.' in task t1-3 on thread 18 
'/' in task t1-3 on thread 18 


'0' in task t1-3 on thread 18 
'1' in task t1-3 on thread 18 
'2' in task t1-3 on thread 18 


'3' in task t1-3 on thread 18 
'4' in task t1-3 on thread 18 
'5' in task t1-3 on thread 18 


'6' in task t1-3 on thread 18 
'7' in task t1-3 on thread 18 
'8' in task t1-3 on thread 18 


'9' in task t1-3 on thread 18 
':' in task t1-3 on thread 18 
';' in task t1-3 on thread 18 


'&lt;' in task t1-3 on thread 18 
'=' in task t1-3 on thread 18 
'&gt;' in task t1-3 on thread 18 


'?' in task t1-3 on thread 18 
'@' in task t1-3 on thread 18 
'A' in task t1-3 on thread 18 


'B' in task t1-3 on thread 18 
'C' in task t1-3 on thread 18 
'D' in task t1-3 on thread 18 


'E' in task t1-3 on thread 18 
'F' in task t1-3 on thread 18 
'G' in task t1-3 on thread 18 


'H' in task t1-3 on thread 18 
'I' in task t1-3 on thread 18 
'J' in task t1-3 on thread 18 


'K' in task t1-3 on thread 18 
'L' in task t1-3 on thread 18 
'M' in task t1-3 on thread 18 


'N' in task t1-3 on thread 18 
'O' in task t1-3 on thread 18 
'P' in task t1-3 on thread 18 


'Q' in task t1-3 on thread 18 
'R' in task t1-3 on thread 18 
'S' in task t1-3 on thread 18 


'T' in task t1-3 on thread 18 
'U' in task t1-3 on thread 18 
'V' in task t1-3 on thread 18 


'W' in task t1-3 on thread 18 
'X' in task t1-3 on thread 18 
'Y' in task t1-3 on thread 18 


'Z' in task t1-3 on thread 18 
'[' in task t1-3 on thread 18 
'\' in task t1-3 on thread 18 


']' in task t1-3 on thread 18 
'^' in task t1-3 on thread 18 
'_' in task t1-3 on thread 18 


'`' in task t1-3 on thread 18 
'a' in task t1-3 on thread 18 
'b' in task t1-3 on thread 18 


'c' in task t1-3 on thread 18 
'd' in task t1-3 on thread 18 
'e' in task t1-3 on thread 18 


'f' in task t1-3 on thread 18 
'g' in task t1-3 on thread 18 
'h' in task t1-3 on thread 18 


'i' in task t1-3 on thread 18 
'j' in task t1-3 on thread 18 
'k' in task t1-3 on thread 18 


'l' in task t1-3 on thread 18 
'm' in task t1-3 on thread 18 
'n' in task t1-3 on thread 18 


'o' in task t1-3 on thread 18 
'p' in task t1-3 on thread 18 
'q' in task t1-3 on thread 18 


'r' in task t1-3 on thread 18 
's' in task t1-3 on thread 18 
't' in task t1-3 on thread 18 


'u' in task t1-3 on thread 18 
'v' in task t1-3 on thread 18 
'w' in task t1-3 on thread 18 


'x' in task t1-3 on thread 18 
'y' in task t1-3 on thread 18 
'z' in task t1-3 on thread 18 


'{' in task t1-3 on thread 18 
'|' in task t1-3 on thread 18 
'}' in task t1-3 on thread 18 


'~' in task t1-3 on thread 18 
'!' in task t1-3 on thread 18 
'"' in task t1-3 on thread 18 


'#' in task t1-3 on thread 18 
'$' in task t1-3 on thread 18 
'%' in task t1-3 on thread 18 


'&amp;' in task t1-3 on thread 18 
''' in task t1-3 on thread 18 
'(' in task t1-3 on thread 18 


')' in task t1-3 on thread 18 
'*' in task t1-3 on thread 18 
'+' in task t1-3 on thread 18 


',' in task t1-3 on thread 18 
'-' in task t1-3 on thread 18 
'.' in task t1-3 on thread 18 


'/' in task t1-3 on thread 18 
'0' in task t1-3 on thread 18 
'1' in task t1-3 on thread 18 


'2' in task t1-3 on thread 18 
'3' in task t1-3 on thread 18 
'4' in task t1-3 on thread 18 


'5' in task t1-3 on thread 18 
'6' in task t1-3 on thread 18 
'7' in task t1-3 on thread 18 


'8' in task t1-3 on thread 18 
'9' in task t1-3 on thread 18 
':' in task t1-3 on thread 18 


';' in task t1-3 on thread 18 
'&lt;' in task t1-3 on thread 18 
'=' in task t1-3 on thread 18 


'&gt;' in task t1-3 on thread 18 
'?' in task t1-3 on thread 18 
'@' in task t1-3 on thread 18 


'A' in task t1-3 on thread 18 
'B' in task t1-3 on thread 18 
'C' in task t1-3 on thread 18 


'D' in task t1-3 on thread 18 
'E' in task t1-3 on thread 18 
'F' in task t1-3 on thread 18 


'G' in task t1-3 on thread 18 
'H' in task t1-3 on thread 18 
'I' in task t1-3 on thread 18 


'J' in task t1-3 on thread 18 
'K' in task t1-3 on thread 18 
'L' in task t1-3 on thread 18 


'M' in task t1-3 on thread 18 
'N' in task t1-3 on thread 18 
'O' in task t1-3 on thread 18 


'P' in task t1-3 on thread 18 
'Q' in task t1-3 on thread 18 
'R' in task t1-3 on thread 18 


'S' in task t1-3 on thread 18 
'T' in task t1-3 on thread 18 
'U' in task t1-3 on thread 18 


'V' in task t1-3 on thread 18 
'W' in task t1-3 on thread 18 
'X' in task t1-3 on thread 18 


'Y' in task t1-3 on thread 18 
'Z' in task t1-3 on thread 18 
'[' in task t1-3 on thread 18 


'\' in task t1-3 on thread 18 
']' in task t1-3 on thread 18 
'^' in task t1-3 on thread 18 


'_' in task t1-3 on thread 18 
'`' in task t1-3 on thread 18 
'a' in task t1-3 on thread 18 


'b' in task t1-3 on thread 18 
'c' in task t1-3 on thread 18 
'd' in task t1-3 on thread 18 


'e' in task t1-3 on thread 18 
'f' in task t1-3 on thread 18 
'g' in task t1-3 on thread 18 


'h' in task t1-3 on thread 18 
'i' in task t1-3 on thread 18 
'j' in task t1-3 on thread 18 


'k' in task t1-3 on thread 18 
'l' in task t1-3 on thread 18 
'm' in task t1-3 on thread 18 


'n' in task t1-3 on thread 18 
'o' in task t1-3 on thread 18 
'p' in task t1-3 on thread 18 


'q' in task t1-3 on thread 18 
'r' in task t1-3 on thread 18 
's' in task t1-3 on thread 18 


't' in task t1-3 on thread 18 
'u' in task t1-3 on thread 18 
'v' in task t1-3 on thread 18 


'w' in task t1-3 on thread 18 
'x' in task t1-3 on thread 18 
'y' in task t1-3 on thread 18 


'z' in task t1-3 on thread 18 
'{' in task t1-3 on thread 18 
'|' in task t1-3 on thread 18 


'}' in task t1-3 on thread 18 
'~' in task t1-3 on thread 18 
'!' in task t1-3 on thread 18 


'"' in task t1-3 on thread 18 
'#' in task t1-3 on thread 18 
'$' in task t1-3 on thread 18 


'%' in task t1-3 on thread 18 
'&amp;' in task t1-3 on thread 18 
''' in task t1-3 on thread 18 


'(' in task t1-3 on thread 18 
')' in task t1-3 on thread 18 
'*' in task t1-3 on thread 18 


'+' in task t1-3 on thread 18 
',' in task t1-3 on thread 18 
'-' in task t1-3 on thread 18 


'.' in task t1-3 on thread 18 
'/' in task t1-3 on thread 18 
'0' in task t1-3 on thread 18 


'1' in task t1-3 on thread 18 
'2' in task t1-3 on thread 18 
'3' in task t1-3 on thread 18 


'4' in task t1-3 on thread 18 
'5' in task t1-3 on thread 18 
'6' in task t1-3 on thread 18 


'7' in task t1-3 on thread 18 
'8' in task t1-3 on thread 18 
'9' in task t1-3 on thread 18 


':' in task t1-3 on thread 18 
';' in task t1-3 on thread 18 
'&lt;' in task t1-3 on thread 18 


'=' in task t1-3 on thread 18 
'&gt;' in task t1-3 on thread 18 
'?' in task t1-3 on thread 18 


'@' in task t1-3 on thread 18 
'A' in task t1-3 on thread 18 
'B' in task t1-3 on thread 18 


'C' in task t1-3 on thread 18 
'D' in task t1-3 on thread 18 
'E' in task t1-3 on thread 18 


'F' in task t1-3 on thread 18 
'G' in task t1-3 on thread 18 
'H' in task t1-3 on thread 18 


'I' in task t1-3 on thread 18 
'J' in task t1-3 on thread 18 
'K' in task t1-3 on thread 18 


'L' in task t1-3 on thread 18 
'M' in task t1-3 on thread 18 
'N' in task t1-3 on thread 18 


'O' in task t1-3 on thread 18 
'P' in task t1-3 on thread 18 
'Q' in task t1-3 on thread 18 


'R' in task t1-3 on thread 18 
'S' in task t1-3 on thread 18 
'T' in task t1-3 on thread 18 


'U' in task t1-3 on thread 18 
'V' in task t1-3 on thread 18 
'W' in task t1-3 on thread 18 


'X' in task t1-3 on thread 18 
'Y' in task t1-3 on thread 18 
'Z' in task t1-3 on thread 18 


'[' in task t1-3 on thread 18 
'\' in task t1-3 on thread 18 
']' in task t1-3 on thread 18 


'^' in task t1-3 on thread 18 
'_' in task t1-3 on thread 18 
'`' in task t1-3 on thread 18 


'a' in task t1-3 on thread 18 
'b' in task t1-3 on thread 18 
'c' in task t1-3 on thread 18 


'd' in task t1-3 on thread 18 
'e' in task t1-3 on thread 18 
'f' in task t1-3 on thread 18 


'g' in task t1-3 on thread 18 
'h' in task t1-3 on thread 18 
'i' in task t1-3 on thread 18 


'j' in task t1-3 on thread 18 
'k' in task t1-3 on thread 18 
'l' in task t1-3 on thread 18 


'm' in task t1-3 on thread 18 
'n' in task t1-3 on thread 18 
'o' in task t1-3 on thread 18 


'p' in task t1-3 on thread 18 
'q' in task t1-3 on thread 18 
'r' in task t1-3 on thread 18 


's' in task t1-3 on thread 18 
't' in task t1-3 on thread 18 
'u' in task t1-3 on thread 18 


'v' in task t1-3 on thread 18 
'w' in task t1-3 on thread 18 
'x' in task t1-3 on thread 18 


'y' in task t1-3 on thread 18 
'z' in task t1-3 on thread 18 
'{' in task t1-3 on thread 18 


'|' in task t1-3 on thread 18 
'}' in task t1-3 on thread 18 
'~' in task t1-3 on thread 18 


'!' in task t1-3 on thread 18 
'"' in task t1-3 on thread 18 
'#' in task t1-3 on thread 18 


'$' in task t1-3 on thread 18 
'%' in task t1-3 on thread 18 
'&amp;' in task t1-3 on thread 18 


''' in task t1-3 on thread 18 
'(' in task t1-3 on thread 18 
')' in task t1-3 on thread 18 


'*' in task t1-3 on thread 18 
'+' in task t1-3 on thread 18 
',' in task t1-3 on thread 18 


'-' in task t1-3 on thread 18 
'.' in task t1-3 on thread 18 
'/' in task t1-3 on thread 18 


'0' in task t1-3 on thread 18 
'1' in task t1-3 on thread 18 
'2' in task t1-3 on thread 18 


'3' in task t1-3 on thread 18 
'4' in task t1-3 on thread 18 
'5' in task t1-3 on thread 18 


'6' in task t1-3 on thread 18 
'7' in task t1-3 on thread 18 
'8' in task t1-3 on thread 18 


'9' in task t1-3 on thread 18 
':' in task t1-3 on thread 18 
';' in task t1-3 on thread 18 


'&lt;' in task t1-3 on thread 18 
'=' in task t1-3 on thread 18 
'&gt;' in task t1-3 on thread 18 


'?' in task t1-3 on thread 18 
'@' in task t1-3 on thread 18 
'A' in task t1-3 on thread 18 


'B' in task t1-3 on thread 18 
'C' in task t1-3 on thread 18 
'D' in task t1-3 on thread 18 


'E' in task t1-3 on thread 18 
'F' in task t1-3 on thread 18 
'G' in task t1-3 on thread 18 


'H' in task t1-3 on thread 18 
'I' in task t1-3 on thread 18 
'J' in task t1-3 on thread 18 


'K' in task t1-3 on thread 18 
'L' in task t1-3 on thread 18 
'M' in task t1-3 on thread 18 


'N' in task t1-3 on thread 18 
'O' in task t1-3 on thread 18 
'P' in task t1-3 on thread 18 


'Q' in task t1-3 on thread 18 
'R' in task t1-3 on thread 18 
'S' in task t1-3 on thread 18 


'T' in task t1-3 on thread 18 
'U' in task t1-3 on thread 18 
'V' in task t1-3 on thread 18 


'W' in task t1-3 on thread 18 
'X' in task t1-3 on thread 18 
'Y' in task t1-3 on thread 18 


'Z' in task t1-3 on thread 18 
'[' in task t1-3 on thread 18 
'\' in task t1-3 on thread 18 


']' in task t1-3 on thread 18 
'^' in task t1-3 on thread 18 
'_' in task t1-3 on thread 18 


'`' in task t1-3 on thread 18 
'a' in task t1-3 on thread 18 
'b' in task t1-3 on thread 18 


'c' in task t1-3 on thread 18 
'd' in task t1-3 on thread 18 
'e' in task t1-3 on thread 18 


'f' in task t1-3 on thread 18 
'g' in task t1-3 on thread 18 
'h' in task t1-3 on thread 18 


'i' in task t1-3 on thread 18 
'j' in task t1-3 on thread 18 
'k' in task t1-3 on thread 18 


'l' in task t1-3 on thread 18 
'm' in task t1-3 on thread 18 
'n' in task t1-3 on thread 18 


'o' in task t1-3 on thread 18 
'p' in task t1-3 on thread 18 
'q' in task t1-3 on thread 18 


'r' in task t1-3 on thread 18 
's' in task t1-3 on thread 18 
't' in task t1-3 on thread 18 


'u' in task t1-3 on thread 18 
'v' in task t1-3 on thread 18 
'w' in task t1-3 on thread 18 


'x' in task t1-3 on thread 18 
'y' in task t1-3 on thread 18 
'z' in task t1-3 on thread 18 


'{' in task t1-3 on thread 18 
'|' in task t1-3 on thread 18 
'}' in task t1-3 on thread 18 


'~' in task t1-3 on thread 18 


Successful completion.
</DebugTrace>
      </Output>
    </UnitTestResult>
  </Results>
</TestRun>